/home/mustafa/Documents/GitHub/MCRL-SPIDER/install/supervisor/lib/python3.10/site-packages/supervisor/supervisor_node.py
/home/mustafa/Documents/GitHub/MCRL-SPIDER/install/supervisor/lib/python3.10/site-packages/supervisor/temperature_regulator.py
/home/mustafa/Documents/GitHub/MCRL-SPIDER/install/supervisor/lib/python3.10/site-packages/supervisor/__init__.py
/home/mustafa/Documents/GitHub/MCRL-SPIDER/install/supervisor/lib/python3.10/site-packages/supervisor/Voltage_monitor.py
/home/mustafa/Documents/GitHub/MCRL-SPIDER/install/supervisor/lib/python3.10/site-packages/supervisor/Led_ring.py
/home/mustafa/Documents/GitHub/MCRL-SPIDER/install/supervisor/lib/python3.10/site-packages/supervisor/__pycache__/supervisor_node.cpython-310.pyc
/home/mustafa/Documents/GitHub/MCRL-SPIDER/install/supervisor/lib/python3.10/site-packages/supervisor/__pycache__/temperature_regulator.cpython-310.pyc
/home/mustafa/Documents/GitHub/MCRL-SPIDER/install/supervisor/lib/python3.10/site-packages/supervisor/__pycache__/__init__.cpython-310.pyc
/home/mustafa/Documents/GitHub/MCRL-SPIDER/install/supervisor/lib/python3.10/site-packages/supervisor/__pycache__/Voltage_monitor.cpython-310.pyc
/home/mustafa/Documents/GitHub/MCRL-SPIDER/install/supervisor/lib/python3.10/site-packages/supervisor/__pycache__/Led_ring.cpython-310.pyc
/home/mustafa/Documents/GitHub/MCRL-SPIDER/install/supervisor/share/ament_index/resource_index/packages/supervisor
/home/mustafa/Documents/GitHub/MCRL-SPIDER/install/supervisor/share/supervisor/package.xml
/home/mustafa/Documents/GitHub/MCRL-SPIDER/install/supervisor/lib/python3.10/site-packages/supervisor-0.0.0-py3.10.egg-info/zip-safe
/home/mustafa/Documents/GitHub/MCRL-SPIDER/install/supervisor/lib/python3.10/site-packages/supervisor-0.0.0-py3.10.egg-info/dependency_links.txt
/home/mustafa/Documents/GitHub/MCRL-SPIDER/install/supervisor/lib/python3.10/site-packages/supervisor-0.0.0-py3.10.egg-info/requires.txt
/home/mustafa/Documents/GitHub/MCRL-SPIDER/install/supervisor/lib/python3.10/site-packages/supervisor-0.0.0-py3.10.egg-info/SOURCES.txt
/home/mustafa/Documents/GitHub/MCRL-SPIDER/install/supervisor/lib/python3.10/site-packages/supervisor-0.0.0-py3.10.egg-info/PKG-INFO
/home/mustafa/Documents/GitHub/MCRL-SPIDER/install/supervisor/lib/python3.10/site-packages/supervisor-0.0.0-py3.10.egg-info/top_level.txt
/home/mustafa/Documents/GitHub/MCRL-SPIDER/install/supervisor/lib/python3.10/site-packages/supervisor-0.0.0-py3.10.egg-info/entry_points.txt
/home/mustafa/Documents/GitHub/MCRL-SPIDER/install/supervisor/lib/supervisor/supervisor_node
