[0.023s] Invoking command in '/home/mustafa/Documents/GitHub/MCRL-SPIDER/build/launch_files': CMAKE_PREFIX_PATH=/opt/ros/humble /usr/bin/cmake /home/mustafa/Documents/GitHub/MCRL-SPIDER/Software/src/launch_files -DCMAKE_INSTALL_PREFIX=/home/mustafa/Documents/GitHub/MCRL-SPIDER/install/launch_files
[0.228s] -- The C compiler identification is GNU 11.3.0
[0.382s] -- The CXX compiler identification is GNU 11.3.0
[0.396s] -- Detecting C compiler ABI info
[0.483s] -- Detecting C compiler ABI info - done
[0.495s] -- Check for working C compiler: /usr/bin/cc - skipped
[0.495s] -- Detecting C compile features
[0.496s] -- Detecting C compile features - done
[0.502s] -- Detecting CXX compiler ABI info
[0.609s] -- Detecting CXX compiler ABI info - done
[0.622s] -- Check for working CXX compiler: /usr/bin/c++ - skipped
[0.623s] -- Detecting CXX compile features
[0.623s] -- Detecting CXX compile features - done
[0.627s] -- Found ament_cmake: 1.3.3 (/opt/ros/humble/share/ament_cmake/cmake)
[0.887s] -- Found Python3: /usr/bin/python3.10 (found version "3.10.6") found components: Interpreter 
[1.049s] -- Found ament_lint_auto: 0.12.5 (/opt/ros/humble/share/ament_lint_auto/cmake)
[1.190s] -- Added test 'copyright' to check source files copyright and LICENSE
[1.192s] -- Added test 'flake8' to check Python code syntax and style conventions
[1.193s] -- Added test 'lint_cmake' to check CMake code style
[1.195s] -- Added test 'pep257' to check Python code against some of the docstring style conventions in PEP 257
[1.199s] -- Added test 'xmllint' to check XML markup files
[1.199s] -- Configuring done
[1.201s] -- Generating done
[1.202s] -- Build files have been written to: /home/mustafa/Documents/GitHub/MCRL-SPIDER/build/launch_files
[1.210s] Invoked command in '/home/mustafa/Documents/GitHub/MCRL-SPIDER/build/launch_files' returned '0': CMAKE_PREFIX_PATH=/opt/ros/humble /usr/bin/cmake /home/mustafa/Documents/GitHub/MCRL-SPIDER/Software/src/launch_files -DCMAKE_INSTALL_PREFIX=/home/mustafa/Documents/GitHub/MCRL-SPIDER/install/launch_files
[1.212s] Invoking command in '/home/mustafa/Documents/GitHub/MCRL-SPIDER/build/launch_files': CMAKE_PREFIX_PATH=/opt/ros/humble /usr/bin/cmake --build /home/mustafa/Documents/GitHub/MCRL-SPIDER/build/launch_files -- -j16 -l16
[1.277s] Invoked command in '/home/mustafa/Documents/GitHub/MCRL-SPIDER/build/launch_files' returned '0': CMAKE_PREFIX_PATH=/opt/ros/humble /usr/bin/cmake --build /home/mustafa/Documents/GitHub/MCRL-SPIDER/build/launch_files -- -j16 -l16
[1.321s] Invoking command in '/home/mustafa/Documents/GitHub/MCRL-SPIDER/build/launch_files': CMAKE_PREFIX_PATH=/opt/ros/humble /usr/bin/cmake --install /home/mustafa/Documents/GitHub/MCRL-SPIDER/build/launch_files
[1.336s] -- Install configuration: ""
[1.336s] -- Installing: /home/mustafa/Documents/GitHub/MCRL-SPIDER/install/launch_files/share/launch_files//launch
[1.337s] -- Installing: /home/mustafa/Documents/GitHub/MCRL-SPIDER/install/launch_files/share/launch_files//launch/hexapod_launch.py
[1.337s] -- Installing: /home/mustafa/Documents/GitHub/MCRL-SPIDER/install/launch_files/share/ament_index/resource_index/package_run_dependencies/launch_files
[1.338s] -- Installing: /home/mustafa/Documents/GitHub/MCRL-SPIDER/install/launch_files/share/ament_index/resource_index/parent_prefix_path/launch_files
[1.338s] -- Installing: /home/mustafa/Documents/GitHub/MCRL-SPIDER/install/launch_files/share/launch_files/environment/ament_prefix_path.sh
[1.339s] -- Installing: /home/mustafa/Documents/GitHub/MCRL-SPIDER/install/launch_files/share/launch_files/environment/ament_prefix_path.dsv
[1.339s] -- Installing: /home/mustafa/Documents/GitHub/MCRL-SPIDER/install/launch_files/share/launch_files/environment/path.sh
[1.339s] -- Installing: /home/mustafa/Documents/GitHub/MCRL-SPIDER/install/launch_files/share/launch_files/environment/path.dsv
[1.340s] -- Installing: /home/mustafa/Documents/GitHub/MCRL-SPIDER/install/launch_files/share/launch_files/local_setup.bash
[1.340s] -- Installing: /home/mustafa/Documents/GitHub/MCRL-SPIDER/install/launch_files/share/launch_files/local_setup.sh
[1.341s] -- Installing: /home/mustafa/Documents/GitHub/MCRL-SPIDER/install/launch_files/share/launch_files/local_setup.zsh
[1.341s] -- Installing: /home/mustafa/Documents/GitHub/MCRL-SPIDER/install/launch_files/share/launch_files/local_setup.dsv
[1.341s] -- Installing: /home/mustafa/Documents/GitHub/MCRL-SPIDER/install/launch_files/share/launch_files/package.dsv
[1.342s] -- Installing: /home/mustafa/Documents/GitHub/MCRL-SPIDER/install/launch_files/share/ament_index/resource_index/packages/launch_files
[1.342s] -- Installing: /home/mustafa/Documents/GitHub/MCRL-SPIDER/install/launch_files/share/launch_files/cmake/launch_filesConfig.cmake
[1.342s] -- Installing: /home/mustafa/Documents/GitHub/MCRL-SPIDER/install/launch_files/share/launch_files/cmake/launch_filesConfig-version.cmake
[1.343s] -- Installing: /home/mustafa/Documents/GitHub/MCRL-SPIDER/install/launch_files/share/launch_files/package.xml
[1.349s] Invoked command in '/home/mustafa/Documents/GitHub/MCRL-SPIDER/build/launch_files' returned '0': CMAKE_PREFIX_PATH=/opt/ros/humble /usr/bin/cmake --install /home/mustafa/Documents/GitHub/MCRL-SPIDER/build/launch_files
