-- The C compiler identification is GNU 11.3.0
-- The CXX compiler identification is GNU 11.3.0
-- Detecting C compiler ABI info
-- Detecting C compiler ABI info - done
-- Check for working C compiler: /usr/bin/cc - skipped
-- Detecting C compile features
-- Detecting C compile features - done
-- Detecting CXX compiler ABI info
-- Detecting CXX compiler ABI info - done
-- Check for working CXX compiler: /usr/bin/c++ - skipped
-- Detecting CXX compile features
-- Detecting CXX compile features - done
-- Found ament_cmake: 1.3.3 (/opt/ros/humble/share/ament_cmake/cmake)
-- Found Python3: /usr/bin/python3.10 (found version "3.10.6") found components: Interpreter 
-- Found builtin_interfaces: 1.2.1 (/opt/ros/humble/share/builtin_interfaces/cmake)
-- Found rosidl_generator_c: 3.1.4 (/opt/ros/humble/share/rosidl_generator_c/cmake)
-- Found rosidl_adapter: 3.1.4 (/opt/ros/humble/share/rosidl_adapter/cmake)
-- Found rosidl_generator_cpp: 3.1.4 (/opt/ros/humble/share/rosidl_generator_cpp/cmake)
-- Using all available rosidl_typesupport_c: rosidl_typesupport_fastrtps_c;rosidl_typesupport_introspection_c
-- Using all available rosidl_typesupport_cpp: rosidl_typesupport_fastrtps_cpp;rosidl_typesupport_introspection_cpp
-- Found rosidl_default_generators: 1.2.0 (/opt/ros/humble/share/rosidl_default_generators/cmake)
-- Found geometry_msgs: 4.2.3 (/opt/ros/humble/share/geometry_msgs/cmake)
-- Found ament_cmake_ros: 0.10.0 (/opt/ros/humble/share/ament_cmake_ros/cmake)
-- Using all available rosidl_typesupport_c: rosidl_typesupport_fastrtps_c;rosidl_typesupport_introspection_c
-- Using all available rosidl_typesupport_cpp: rosidl_typesupport_fastrtps_cpp;rosidl_typesupport_introspection_cpp
-- Found PythonInterp: /usr/bin/python3 (found suitable version "3.10.6", minimum required is "3.6") 
-- Found python_cmake_module: 0.10.0 (/opt/ros/humble/share/python_cmake_module/cmake)
-- Found PythonLibs: /usr/lib/x86_64-linux-gnu/libpython3.10.so (found suitable version "3.10.6", minimum required is "3.5") 
-- Using PYTHON_EXECUTABLE: /usr/bin/python3
-- Using PYTHON_INCLUDE_DIRS: /usr/include/python3.10
-- Using PYTHON_LIBRARIES: /usr/lib/x86_64-linux-gnu/libpython3.10.so
-- Found PythonExtra: .so  
-- Configuring done
-- Generating done
-- Build files have been written to: /home/mustafa/Documents/GitHub/MCRL-SPIDER/build/hexapod_msgs
[  1%] [34m[1mGenerating C code for ROS interfaces[0m
[  3%] [34m[1mGenerating C++ code for ROS interfaces[0m
[  3%] Built target ament_cmake_python_copy_hexapod_msgs
running egg_info
creating hexapod_msgs.egg-info
writing hexapod_msgs.egg-info/PKG-INFO
writing dependency_links to hexapod_msgs.egg-info/dependency_links.txt
writing top-level names to hexapod_msgs.egg-info/top_level.txt
writing manifest file 'hexapod_msgs.egg-info/SOURCES.txt'
reading manifest file 'hexapod_msgs.egg-info/SOURCES.txt'
writing manifest file 'hexapod_msgs.egg-info/SOURCES.txt'
[  3%] Built target ament_cmake_python_build_hexapod_msgs_egg
[  3%] Built target hexapod_msgs__cpp
[  4%] [34m[1mGenerating C++ type support dispatch for ROS interfaces[0m
[  6%] [34m[1mGenerating C++ type support for eProsima Fast-RTPS[0m
[  7%] [34m[1mGenerating C++ introspection for ROS interfaces[0m
[  9%] [32mBuilding C object CMakeFiles/hexapod_msgs__rosidl_generator_c.dir/rosidl_generator_c/hexapod_msgs/msg/detail/feet_positions__functions.c.o[0m
[ 11%] [32mBuilding C object CMakeFiles/hexapod_msgs__rosidl_generator_c.dir/rosidl_generator_c/hexapod_msgs/msg/detail/leg_joints__functions.c.o[0m
[ 14%] [32mBuilding C object CMakeFiles/hexapod_msgs__rosidl_generator_c.dir/rosidl_generator_c/hexapod_msgs/msg/detail/rpy__functions.c.o[0m
[ 14%] [32mBuilding C object CMakeFiles/hexapod_msgs__rosidl_generator_c.dir/rosidl_generator_c/hexapod_msgs/msg/detail/legs_joints__functions.c.o[0m
[ 15%] [32mBuilding C object CMakeFiles/hexapod_msgs__rosidl_generator_c.dir/rosidl_generator_c/hexapod_msgs/msg/detail/pose__functions.c.o[0m
[ 17%] [32m[1mLinking C shared library libhexapod_msgs__rosidl_generator_c.so[0m
[ 17%] Built target hexapod_msgs__rosidl_generator_c
[ 20%] [34m[1mGenerating C type support dispatch for ROS interfaces[0m
[ 20%] [34m[1mGenerating C type support for eProsima Fast-RTPS[0m
[ 22%] [34m[1mGenerating C introspection for ROS interfaces[0m
[ 25%] [32mBuilding CXX object CMakeFiles/hexapod_msgs__rosidl_typesupport_cpp.dir/rosidl_typesupport_cpp/hexapod_msgs/msg/legs_joints__type_support.cpp.o[0m
[ 26%] [32mBuilding CXX object CMakeFiles/hexapod_msgs__rosidl_typesupport_cpp.dir/rosidl_typesupport_cpp/hexapod_msgs/msg/leg_joints__type_support.cpp.o[0m
[ 26%] [32mBuilding CXX object CMakeFiles/hexapod_msgs__rosidl_typesupport_cpp.dir/rosidl_typesupport_cpp/hexapod_msgs/msg/feet_positions__type_support.cpp.o[0m
[ 30%] [32mBuilding CXX object CMakeFiles/hexapod_msgs__rosidl_typesupport_cpp.dir/rosidl_typesupport_cpp/hexapod_msgs/msg/pose__type_support.cpp.o[0m
[ 30%] [32mBuilding CXX object CMakeFiles/hexapod_msgs__rosidl_typesupport_cpp.dir/rosidl_typesupport_cpp/hexapod_msgs/msg/rpy__type_support.cpp.o[0m
[ 34%] [32mBuilding CXX object CMakeFiles/hexapod_msgs__rosidl_typesupport_introspection_cpp.dir/rosidl_typesupport_introspection_cpp/hexapod_msgs/msg/detail/feet_positions__type_support.cpp.o[0m
[ 34%] [32mBuilding CXX object CMakeFiles/hexapod_msgs__rosidl_typesupport_introspection_cpp.dir/rosidl_typesupport_introspection_cpp/hexapod_msgs/msg/detail/legs_joints__type_support.cpp.o[0m
[ 34%] [32mBuilding CXX object CMakeFiles/hexapod_msgs__rosidl_typesupport_introspection_cpp.dir/rosidl_typesupport_introspection_cpp/hexapod_msgs/msg/detail/pose__type_support.cpp.o[0m
[ 36%] [32mBuilding CXX object CMakeFiles/hexapod_msgs__rosidl_typesupport_introspection_cpp.dir/rosidl_typesupport_introspection_cpp/hexapod_msgs/msg/detail/rpy__type_support.cpp.o[0m
[ 38%] [32mBuilding CXX object CMakeFiles/hexapod_msgs__rosidl_typesupport_introspection_cpp.dir/rosidl_typesupport_introspection_cpp/hexapod_msgs/msg/detail/leg_joints__type_support.cpp.o[0m
[ 39%] [32mBuilding CXX object CMakeFiles/hexapod_msgs__rosidl_typesupport_fastrtps_cpp.dir/rosidl_typesupport_fastrtps_cpp/hexapod_msgs/msg/detail/dds_fastrtps/feet_positions__type_support.cpp.o[0m
[ 41%] [32mBuilding CXX object CMakeFiles/hexapod_msgs__rosidl_typesupport_fastrtps_cpp.dir/rosidl_typesupport_fastrtps_cpp/hexapod_msgs/msg/detail/dds_fastrtps/leg_joints__type_support.cpp.o[0m
[ 42%] [32mBuilding CXX object CMakeFiles/hexapod_msgs__rosidl_typesupport_fastrtps_cpp.dir/rosidl_typesupport_fastrtps_cpp/hexapod_msgs/msg/detail/dds_fastrtps/legs_joints__type_support.cpp.o[0m
[ 44%] [32mBuilding CXX object CMakeFiles/hexapod_msgs__rosidl_typesupport_c.dir/rosidl_typesupport_c/hexapod_msgs/msg/feet_positions__type_support.cpp.o[0m
[ 46%] [32mBuilding CXX object CMakeFiles/hexapod_msgs__rosidl_typesupport_c.dir/rosidl_typesupport_c/hexapod_msgs/msg/leg_joints__type_support.cpp.o[0m
[ 47%] [32mBuilding CXX object CMakeFiles/hexapod_msgs__rosidl_typesupport_c.dir/rosidl_typesupport_c/hexapod_msgs/msg/legs_joints__type_support.cpp.o[0m
[ 49%] [32mBuilding CXX object CMakeFiles/hexapod_msgs__rosidl_typesupport_fastrtps_cpp.dir/rosidl_typesupport_fastrtps_cpp/hexapod_msgs/msg/detail/dds_fastrtps/pose__type_support.cpp.o[0m
[ 50%] [32mBuilding CXX object CMakeFiles/hexapod_msgs__rosidl_typesupport_fastrtps_c.dir/rosidl_typesupport_fastrtps_c/hexapod_msgs/msg/detail/feet_positions__type_support_c.cpp.o[0m
[ 52%] [32mBuilding CXX object CMakeFiles/hexapod_msgs__rosidl_typesupport_fastrtps_c.dir/rosidl_typesupport_fastrtps_c/hexapod_msgs/msg/detail/leg_joints__type_support_c.cpp.o[0m
[ 53%] [32mBuilding CXX object CMakeFiles/hexapod_msgs__rosidl_typesupport_c.dir/rosidl_typesupport_c/hexapod_msgs/msg/pose__type_support.cpp.o[0m
[ 55%] [32mBuilding C object CMakeFiles/hexapod_msgs__rosidl_typesupport_introspection_c.dir/rosidl_typesupport_introspection_c/hexapod_msgs/msg/detail/feet_positions__type_support.c.o[0m
[ 57%] [32mBuilding C object CMakeFiles/hexapod_msgs__rosidl_typesupport_introspection_c.dir/rosidl_typesupport_introspection_c/hexapod_msgs/msg/detail/leg_joints__type_support.c.o[0m
[ 58%] [32mBuilding CXX object CMakeFiles/hexapod_msgs__rosidl_typesupport_c.dir/rosidl_typesupport_c/hexapod_msgs/msg/rpy__type_support.cpp.o[0m
[ 60%] [32mBuilding CXX object CMakeFiles/hexapod_msgs__rosidl_typesupport_fastrtps_cpp.dir/rosidl_typesupport_fastrtps_cpp/hexapod_msgs/msg/detail/dds_fastrtps/rpy__type_support.cpp.o[0m
[ 61%] [32m[1mLinking CXX shared library libhexapod_msgs__rosidl_typesupport_cpp.so[0m
[ 63%] [32mBuilding C object CMakeFiles/hexapod_msgs__rosidl_typesupport_introspection_c.dir/rosidl_typesupport_introspection_c/hexapod_msgs/msg/detail/legs_joints__type_support.c.o[0m
[ 65%] [32mBuilding C object CMakeFiles/hexapod_msgs__rosidl_typesupport_introspection_c.dir/rosidl_typesupport_introspection_c/hexapod_msgs/msg/detail/pose__type_support.c.o[0m
[ 66%] [32m[1mLinking CXX shared library libhexapod_msgs__rosidl_typesupport_c.so[0m
[ 68%] [32mBuilding C object CMakeFiles/hexapod_msgs__rosidl_typesupport_introspection_c.dir/rosidl_typesupport_introspection_c/hexapod_msgs/msg/detail/rpy__type_support.c.o[0m
[ 69%] [32mBuilding CXX object CMakeFiles/hexapod_msgs__rosidl_typesupport_fastrtps_c.dir/rosidl_typesupport_fastrtps_c/hexapod_msgs/msg/detail/legs_joints__type_support_c.cpp.o[0m
[ 69%] Built target hexapod_msgs__rosidl_typesupport_cpp
[ 71%] [32mBuilding CXX object CMakeFiles/hexapod_msgs__rosidl_typesupport_fastrtps_c.dir/rosidl_typesupport_fastrtps_c/hexapod_msgs/msg/detail/pose__type_support_c.cpp.o[0m
[ 71%] Built target hexapod_msgs__rosidl_typesupport_c
[ 73%] [32mBuilding CXX object CMakeFiles/hexapod_msgs__rosidl_typesupport_fastrtps_c.dir/rosidl_typesupport_fastrtps_c/hexapod_msgs/msg/detail/rpy__type_support_c.cpp.o[0m
[ 74%] [32m[1mLinking C shared library libhexapod_msgs__rosidl_typesupport_introspection_c.so[0m
[ 74%] Built target hexapod_msgs__rosidl_typesupport_introspection_c
[ 76%] [32m[1mLinking CXX shared library libhexapod_msgs__rosidl_typesupport_introspection_cpp.so[0m
[ 76%] Built target hexapod_msgs__rosidl_typesupport_introspection_cpp
[ 77%] [32m[1mLinking CXX shared library libhexapod_msgs__rosidl_typesupport_fastrtps_c.so[0m
[ 79%] [32m[1mLinking CXX shared library libhexapod_msgs__rosidl_typesupport_fastrtps_cpp.so[0m
[ 79%] Built target hexapod_msgs__rosidl_typesupport_fastrtps_c
[ 79%] Built target hexapod_msgs__rosidl_typesupport_fastrtps_cpp
[ 79%] Built target hexapod_msgs
[ 80%] [34m[1mGenerating Python code for ROS interfaces[0m
[ 80%] Built target hexapod_msgs__py
[ 85%] [32mBuilding C object CMakeFiles/hexapod_msgs__rosidl_generator_py.dir/rosidl_generator_py/hexapod_msgs/msg/_legs_joints_s.c.o[0m
[ 85%] [32mBuilding C object CMakeFiles/hexapod_msgs__rosidl_generator_py.dir/rosidl_generator_py/hexapod_msgs/msg/_leg_joints_s.c.o[0m
[ 85%] [32mBuilding C object CMakeFiles/hexapod_msgs__rosidl_generator_py.dir/rosidl_generator_py/hexapod_msgs/msg/_feet_positions_s.c.o[0m
[ 88%] [32mBuilding C object CMakeFiles/hexapod_msgs__rosidl_generator_py.dir/rosidl_generator_py/hexapod_msgs/msg/_pose_s.c.o[0m
[ 88%] [32mBuilding C object CMakeFiles/hexapod_msgs__rosidl_generator_py.dir/rosidl_generator_py/hexapod_msgs/msg/_rpy_s.c.o[0m
[ 90%] [32m[1mLinking C shared library rosidl_generator_py/hexapod_msgs/libhexapod_msgs__rosidl_generator_py.so[0m
[ 90%] Built target hexapod_msgs__rosidl_generator_py
[ 95%] [32mBuilding C object CMakeFiles/hexapod_msgs__rosidl_typesupport_c__pyext.dir/rosidl_generator_py/hexapod_msgs/_hexapod_msgs_s.ep.rosidl_typesupport_c.c.o[0m
[ 95%] [32mBuilding C object CMakeFiles/hexapod_msgs__rosidl_typesupport_fastrtps_c__pyext.dir/rosidl_generator_py/hexapod_msgs/_hexapod_msgs_s.ep.rosidl_typesupport_fastrtps_c.c.o[0m
[ 95%] [32mBuilding C object CMakeFiles/hexapod_msgs__rosidl_typesupport_introspection_c__pyext.dir/rosidl_generator_py/hexapod_msgs/_hexapod_msgs_s.ep.rosidl_typesupport_introspection_c.c.o[0m
[ 98%] [32m[1mLinking C shared library rosidl_generator_py/hexapod_msgs/hexapod_msgs_s__rosidl_typesupport_c.cpython-310-x86_64-linux-gnu.so[0m
[ 98%] [32m[1mLinking C shared library rosidl_generator_py/hexapod_msgs/hexapod_msgs_s__rosidl_typesupport_introspection_c.cpython-310-x86_64-linux-gnu.so[0m
[100%] [32m[1mLinking C shared library rosidl_generator_py/hexapod_msgs/hexapod_msgs_s__rosidl_typesupport_fastrtps_c.cpython-310-x86_64-linux-gnu.so[0m
[100%] Built target hexapod_msgs__rosidl_typesupport_introspection_c__pyext
[100%] Built target hexapod_msgs__rosidl_typesupport_c__pyext
[100%] Built target hexapod_msgs__rosidl_typesupport_fastrtps_c__pyext
-- Install configuration: ""
-- Installing: /home/mustafa/Documents/GitHub/MCRL-SPIDER/install/hexapod_msgs/share/ament_index/resource_index/rosidl_interfaces/hexapod_msgs
-- Installing: /home/mustafa/Documents/GitHub/MCRL-SPIDER/install/hexapod_msgs/include/hexapod_msgs/hexapod_msgs
-- Installing: /home/mustafa/Documents/GitHub/MCRL-SPIDER/install/hexapod_msgs/include/hexapod_msgs/hexapod_msgs/msg
-- Installing: /home/mustafa/Documents/GitHub/MCRL-SPIDER/install/hexapod_msgs/include/hexapod_msgs/hexapod_msgs/msg/rosidl_generator_c__visibility_control.h
-- Installing: /home/mustafa/Documents/GitHub/MCRL-SPIDER/install/hexapod_msgs/include/hexapod_msgs/hexapod_msgs/msg/leg_joints.h
-- Installing: /home/mustafa/Documents/GitHub/MCRL-SPIDER/install/hexapod_msgs/include/hexapod_msgs/hexapod_msgs/msg/pose.h
-- Installing: /home/mustafa/Documents/GitHub/MCRL-SPIDER/install/hexapod_msgs/include/hexapod_msgs/hexapod_msgs/msg/detail
-- Installing: /home/mustafa/Documents/GitHub/MCRL-SPIDER/install/hexapod_msgs/include/hexapod_msgs/hexapod_msgs/msg/detail/feet_positions__functions.h
-- Installing: /home/mustafa/Documents/GitHub/MCRL-SPIDER/install/hexapod_msgs/include/hexapod_msgs/hexapod_msgs/msg/detail/feet_positions__type_support.h
-- Installing: /home/mustafa/Documents/GitHub/MCRL-SPIDER/install/hexapod_msgs/include/hexapod_msgs/hexapod_msgs/msg/detail/leg_joints__functions.h
-- Installing: /home/mustafa/Documents/GitHub/MCRL-SPIDER/install/hexapod_msgs/include/hexapod_msgs/hexapod_msgs/msg/detail/leg_joints__functions.c
-- Installing: /home/mustafa/Documents/GitHub/MCRL-SPIDER/install/hexapod_msgs/include/hexapod_msgs/hexapod_msgs/msg/detail/pose__functions.h
-- Installing: /home/mustafa/Documents/GitHub/MCRL-SPIDER/install/hexapod_msgs/include/hexapod_msgs/hexapod_msgs/msg/detail/rpy__functions.c
-- Installing: /home/mustafa/Documents/GitHub/MCRL-SPIDER/install/hexapod_msgs/include/hexapod_msgs/hexapod_msgs/msg/detail/leg_joints__type_support.h
-- Installing: /home/mustafa/Documents/GitHub/MCRL-SPIDER/install/hexapod_msgs/include/hexapod_msgs/hexapod_msgs/msg/detail/feet_positions__struct.h
-- Installing: /home/mustafa/Documents/GitHub/MCRL-SPIDER/install/hexapod_msgs/include/hexapod_msgs/hexapod_msgs/msg/detail/rpy__functions.h
-- Installing: /home/mustafa/Documents/GitHub/MCRL-SPIDER/install/hexapod_msgs/include/hexapod_msgs/hexapod_msgs/msg/detail/legs_joints__functions.h
-- Installing: /home/mustafa/Documents/GitHub/MCRL-SPIDER/install/hexapod_msgs/include/hexapod_msgs/hexapod_msgs/msg/detail/legs_joints__type_support.h
-- Installing: /home/mustafa/Documents/GitHub/MCRL-SPIDER/install/hexapod_msgs/include/hexapod_msgs/hexapod_msgs/msg/detail/rpy__type_support.h
-- Installing: /home/mustafa/Documents/GitHub/MCRL-SPIDER/install/hexapod_msgs/include/hexapod_msgs/hexapod_msgs/msg/detail/legs_joints__struct.h
-- Installing: /home/mustafa/Documents/GitHub/MCRL-SPIDER/install/hexapod_msgs/include/hexapod_msgs/hexapod_msgs/msg/detail/feet_positions__functions.c
-- Installing: /home/mustafa/Documents/GitHub/MCRL-SPIDER/install/hexapod_msgs/include/hexapod_msgs/hexapod_msgs/msg/detail/rpy__struct.h
-- Installing: /home/mustafa/Documents/GitHub/MCRL-SPIDER/install/hexapod_msgs/include/hexapod_msgs/hexapod_msgs/msg/detail/pose__functions.c
-- Installing: /home/mustafa/Documents/GitHub/MCRL-SPIDER/install/hexapod_msgs/include/hexapod_msgs/hexapod_msgs/msg/detail/pose__struct.h
-- Installing: /home/mustafa/Documents/GitHub/MCRL-SPIDER/install/hexapod_msgs/include/hexapod_msgs/hexapod_msgs/msg/detail/leg_joints__struct.h
-- Installing: /home/mustafa/Documents/GitHub/MCRL-SPIDER/install/hexapod_msgs/include/hexapod_msgs/hexapod_msgs/msg/detail/legs_joints__functions.c
-- Installing: /home/mustafa/Documents/GitHub/MCRL-SPIDER/install/hexapod_msgs/include/hexapod_msgs/hexapod_msgs/msg/detail/pose__type_support.h
-- Installing: /home/mustafa/Documents/GitHub/MCRL-SPIDER/install/hexapod_msgs/include/hexapod_msgs/hexapod_msgs/msg/rpy.h
-- Installing: /home/mustafa/Documents/GitHub/MCRL-SPIDER/install/hexapod_msgs/include/hexapod_msgs/hexapod_msgs/msg/feet_positions.h
-- Installing: /home/mustafa/Documents/GitHub/MCRL-SPIDER/install/hexapod_msgs/include/hexapod_msgs/hexapod_msgs/msg/legs_joints.h
-- Installing: /home/mustafa/Documents/GitHub/MCRL-SPIDER/install/hexapod_msgs/share/hexapod_msgs/environment/library_path.sh
-- Installing: /home/mustafa/Documents/GitHub/MCRL-SPIDER/install/hexapod_msgs/share/hexapod_msgs/environment/library_path.dsv
-- Installing: /home/mustafa/Documents/GitHub/MCRL-SPIDER/install/hexapod_msgs/lib/libhexapod_msgs__rosidl_generator_c.so
-- Set runtime path of "/home/mustafa/Documents/GitHub/MCRL-SPIDER/install/hexapod_msgs/lib/libhexapod_msgs__rosidl_generator_c.so" to ""
-- Up-to-date: /home/mustafa/Documents/GitHub/MCRL-SPIDER/install/hexapod_msgs/include/hexapod_msgs/hexapod_msgs
-- Up-to-date: /home/mustafa/Documents/GitHub/MCRL-SPIDER/install/hexapod_msgs/include/hexapod_msgs/hexapod_msgs/msg
-- Up-to-date: /home/mustafa/Documents/GitHub/MCRL-SPIDER/install/hexapod_msgs/include/hexapod_msgs/hexapod_msgs/msg/detail
-- Installing: /home/mustafa/Documents/GitHub/MCRL-SPIDER/install/hexapod_msgs/include/hexapod_msgs/hexapod_msgs/msg/detail/pose__rosidl_typesupport_fastrtps_c.h
-- Installing: /home/mustafa/Documents/GitHub/MCRL-SPIDER/install/hexapod_msgs/include/hexapod_msgs/hexapod_msgs/msg/detail/rpy__rosidl_typesupport_fastrtps_c.h
-- Installing: /home/mustafa/Documents/GitHub/MCRL-SPIDER/install/hexapod_msgs/include/hexapod_msgs/hexapod_msgs/msg/detail/feet_positions__rosidl_typesupport_fastrtps_c.h
-- Installing: /home/mustafa/Documents/GitHub/MCRL-SPIDER/install/hexapod_msgs/include/hexapod_msgs/hexapod_msgs/msg/detail/legs_joints__rosidl_typesupport_fastrtps_c.h
-- Installing: /home/mustafa/Documents/GitHub/MCRL-SPIDER/install/hexapod_msgs/include/hexapod_msgs/hexapod_msgs/msg/detail/leg_joints__rosidl_typesupport_fastrtps_c.h
-- Installing: /home/mustafa/Documents/GitHub/MCRL-SPIDER/install/hexapod_msgs/include/hexapod_msgs/hexapod_msgs/msg/rosidl_typesupport_fastrtps_c__visibility_control.h
-- Installing: /home/mustafa/Documents/GitHub/MCRL-SPIDER/install/hexapod_msgs/lib/libhexapod_msgs__rosidl_typesupport_fastrtps_c.so
-- Set runtime path of "/home/mustafa/Documents/GitHub/MCRL-SPIDER/install/hexapod_msgs/lib/libhexapod_msgs__rosidl_typesupport_fastrtps_c.so" to ""
-- Up-to-date: /home/mustafa/Documents/GitHub/MCRL-SPIDER/install/hexapod_msgs/include/hexapod_msgs/hexapod_msgs
-- Up-to-date: /home/mustafa/Documents/GitHub/MCRL-SPIDER/install/hexapod_msgs/include/hexapod_msgs/hexapod_msgs/msg
-- Installing: /home/mustafa/Documents/GitHub/MCRL-SPIDER/install/hexapod_msgs/include/hexapod_msgs/hexapod_msgs/msg/rpy.hpp
-- Installing: /home/mustafa/Documents/GitHub/MCRL-SPIDER/install/hexapod_msgs/include/hexapod_msgs/hexapod_msgs/msg/pose.hpp
-- Installing: /home/mustafa/Documents/GitHub/MCRL-SPIDER/install/hexapod_msgs/include/hexapod_msgs/hexapod_msgs/msg/legs_joints.hpp
-- Up-to-date: /home/mustafa/Documents/GitHub/MCRL-SPIDER/install/hexapod_msgs/include/hexapod_msgs/hexapod_msgs/msg/detail
-- Installing: /home/mustafa/Documents/GitHub/MCRL-SPIDER/install/hexapod_msgs/include/hexapod_msgs/hexapod_msgs/msg/detail/feet_positions__struct.hpp
-- Installing: /home/mustafa/Documents/GitHub/MCRL-SPIDER/install/hexapod_msgs/include/hexapod_msgs/hexapod_msgs/msg/detail/pose__traits.hpp
-- Installing: /home/mustafa/Documents/GitHub/MCRL-SPIDER/install/hexapod_msgs/include/hexapod_msgs/hexapod_msgs/msg/detail/legs_joints__builder.hpp
-- Installing: /home/mustafa/Documents/GitHub/MCRL-SPIDER/install/hexapod_msgs/include/hexapod_msgs/hexapod_msgs/msg/detail/rpy__struct.hpp
-- Installing: /home/mustafa/Documents/GitHub/MCRL-SPIDER/install/hexapod_msgs/include/hexapod_msgs/hexapod_msgs/msg/detail/leg_joints__builder.hpp
-- Installing: /home/mustafa/Documents/GitHub/MCRL-SPIDER/install/hexapod_msgs/include/hexapod_msgs/hexapod_msgs/msg/detail/legs_joints__traits.hpp
-- Installing: /home/mustafa/Documents/GitHub/MCRL-SPIDER/install/hexapod_msgs/include/hexapod_msgs/hexapod_msgs/msg/detail/pose__struct.hpp
-- Installing: /home/mustafa/Documents/GitHub/MCRL-SPIDER/install/hexapod_msgs/include/hexapod_msgs/hexapod_msgs/msg/detail/rpy__traits.hpp
-- Installing: /home/mustafa/Documents/GitHub/MCRL-SPIDER/install/hexapod_msgs/include/hexapod_msgs/hexapod_msgs/msg/detail/leg_joints__struct.hpp
-- Installing: /home/mustafa/Documents/GitHub/MCRL-SPIDER/install/hexapod_msgs/include/hexapod_msgs/hexapod_msgs/msg/detail/pose__builder.hpp
-- Installing: /home/mustafa/Documents/GitHub/MCRL-SPIDER/install/hexapod_msgs/include/hexapod_msgs/hexapod_msgs/msg/detail/feet_positions__traits.hpp
-- Installing: /home/mustafa/Documents/GitHub/MCRL-SPIDER/install/hexapod_msgs/include/hexapod_msgs/hexapod_msgs/msg/detail/feet_positions__builder.hpp
-- Installing: /home/mustafa/Documents/GitHub/MCRL-SPIDER/install/hexapod_msgs/include/hexapod_msgs/hexapod_msgs/msg/detail/rpy__builder.hpp
-- Installing: /home/mustafa/Documents/GitHub/MCRL-SPIDER/install/hexapod_msgs/include/hexapod_msgs/hexapod_msgs/msg/detail/leg_joints__traits.hpp
-- Installing: /home/mustafa/Documents/GitHub/MCRL-SPIDER/install/hexapod_msgs/include/hexapod_msgs/hexapod_msgs/msg/detail/legs_joints__struct.hpp
-- Installing: /home/mustafa/Documents/GitHub/MCRL-SPIDER/install/hexapod_msgs/include/hexapod_msgs/hexapod_msgs/msg/feet_positions.hpp
-- Installing: /home/mustafa/Documents/GitHub/MCRL-SPIDER/install/hexapod_msgs/include/hexapod_msgs/hexapod_msgs/msg/leg_joints.hpp
-- Up-to-date: /home/mustafa/Documents/GitHub/MCRL-SPIDER/install/hexapod_msgs/include/hexapod_msgs/hexapod_msgs
-- Up-to-date: /home/mustafa/Documents/GitHub/MCRL-SPIDER/install/hexapod_msgs/include/hexapod_msgs/hexapod_msgs/msg
-- Installing: /home/mustafa/Documents/GitHub/MCRL-SPIDER/install/hexapod_msgs/include/hexapod_msgs/hexapod_msgs/msg/rosidl_typesupport_fastrtps_cpp__visibility_control.h
-- Up-to-date: /home/mustafa/Documents/GitHub/MCRL-SPIDER/install/hexapod_msgs/include/hexapod_msgs/hexapod_msgs/msg/detail
-- Installing: /home/mustafa/Documents/GitHub/MCRL-SPIDER/install/hexapod_msgs/include/hexapod_msgs/hexapod_msgs/msg/detail/feet_positions__rosidl_typesupport_fastrtps_cpp.hpp
-- Installing: /home/mustafa/Documents/GitHub/MCRL-SPIDER/install/hexapod_msgs/include/hexapod_msgs/hexapod_msgs/msg/detail/dds_fastrtps
-- Installing: /home/mustafa/Documents/GitHub/MCRL-SPIDER/install/hexapod_msgs/include/hexapod_msgs/hexapod_msgs/msg/detail/leg_joints__rosidl_typesupport_fastrtps_cpp.hpp
-- Installing: /home/mustafa/Documents/GitHub/MCRL-SPIDER/install/hexapod_msgs/include/hexapod_msgs/hexapod_msgs/msg/detail/pose__rosidl_typesupport_fastrtps_cpp.hpp
-- Installing: /home/mustafa/Documents/GitHub/MCRL-SPIDER/install/hexapod_msgs/include/hexapod_msgs/hexapod_msgs/msg/detail/rpy__rosidl_typesupport_fastrtps_cpp.hpp
-- Installing: /home/mustafa/Documents/GitHub/MCRL-SPIDER/install/hexapod_msgs/include/hexapod_msgs/hexapod_msgs/msg/detail/legs_joints__rosidl_typesupport_fastrtps_cpp.hpp
-- Installing: /home/mustafa/Documents/GitHub/MCRL-SPIDER/install/hexapod_msgs/lib/libhexapod_msgs__rosidl_typesupport_fastrtps_cpp.so
-- Set runtime path of "/home/mustafa/Documents/GitHub/MCRL-SPIDER/install/hexapod_msgs/lib/libhexapod_msgs__rosidl_typesupport_fastrtps_cpp.so" to ""
-- Up-to-date: /home/mustafa/Documents/GitHub/MCRL-SPIDER/install/hexapod_msgs/include/hexapod_msgs/hexapod_msgs
-- Up-to-date: /home/mustafa/Documents/GitHub/MCRL-SPIDER/install/hexapod_msgs/include/hexapod_msgs/hexapod_msgs/msg
-- Up-to-date: /home/mustafa/Documents/GitHub/MCRL-SPIDER/install/hexapod_msgs/include/hexapod_msgs/hexapod_msgs/msg/detail
-- Installing: /home/mustafa/Documents/GitHub/MCRL-SPIDER/install/hexapod_msgs/include/hexapod_msgs/hexapod_msgs/msg/detail/legs_joints__rosidl_typesupport_introspection_c.h
-- Installing: /home/mustafa/Documents/GitHub/MCRL-SPIDER/install/hexapod_msgs/include/hexapod_msgs/hexapod_msgs/msg/detail/leg_joints__type_support.c
-- Installing: /home/mustafa/Documents/GitHub/MCRL-SPIDER/install/hexapod_msgs/include/hexapod_msgs/hexapod_msgs/msg/detail/feet_positions__type_support.c
-- Installing: /home/mustafa/Documents/GitHub/MCRL-SPIDER/install/hexapod_msgs/include/hexapod_msgs/hexapod_msgs/msg/detail/rpy__rosidl_typesupport_introspection_c.h
-- Installing: /home/mustafa/Documents/GitHub/MCRL-SPIDER/install/hexapod_msgs/include/hexapod_msgs/hexapod_msgs/msg/detail/pose__type_support.c
-- Installing: /home/mustafa/Documents/GitHub/MCRL-SPIDER/install/hexapod_msgs/include/hexapod_msgs/hexapod_msgs/msg/detail/rpy__type_support.c
-- Installing: /home/mustafa/Documents/GitHub/MCRL-SPIDER/install/hexapod_msgs/include/hexapod_msgs/hexapod_msgs/msg/detail/legs_joints__type_support.c
-- Installing: /home/mustafa/Documents/GitHub/MCRL-SPIDER/install/hexapod_msgs/include/hexapod_msgs/hexapod_msgs/msg/detail/feet_positions__rosidl_typesupport_introspection_c.h
-- Installing: /home/mustafa/Documents/GitHub/MCRL-SPIDER/install/hexapod_msgs/include/hexapod_msgs/hexapod_msgs/msg/detail/leg_joints__rosidl_typesupport_introspection_c.h
-- Installing: /home/mustafa/Documents/GitHub/MCRL-SPIDER/install/hexapod_msgs/include/hexapod_msgs/hexapod_msgs/msg/detail/pose__rosidl_typesupport_introspection_c.h
-- Installing: /home/mustafa/Documents/GitHub/MCRL-SPIDER/install/hexapod_msgs/include/hexapod_msgs/hexapod_msgs/msg/rosidl_typesupport_introspection_c__visibility_control.h
-- Installing: /home/mustafa/Documents/GitHub/MCRL-SPIDER/install/hexapod_msgs/lib/libhexapod_msgs__rosidl_typesupport_introspection_c.so
-- Set runtime path of "/home/mustafa/Documents/GitHub/MCRL-SPIDER/install/hexapod_msgs/lib/libhexapod_msgs__rosidl_typesupport_introspection_c.so" to ""
-- Installing: /home/mustafa/Documents/GitHub/MCRL-SPIDER/install/hexapod_msgs/lib/libhexapod_msgs__rosidl_typesupport_c.so
-- Set runtime path of "/home/mustafa/Documents/GitHub/MCRL-SPIDER/install/hexapod_msgs/lib/libhexapod_msgs__rosidl_typesupport_c.so" to ""
-- Up-to-date: /home/mustafa/Documents/GitHub/MCRL-SPIDER/install/hexapod_msgs/include/hexapod_msgs/hexapod_msgs
-- Up-to-date: /home/mustafa/Documents/GitHub/MCRL-SPIDER/install/hexapod_msgs/include/hexapod_msgs/hexapod_msgs/msg
-- Up-to-date: /home/mustafa/Documents/GitHub/MCRL-SPIDER/install/hexapod_msgs/include/hexapod_msgs/hexapod_msgs/msg/detail
-- Installing: /home/mustafa/Documents/GitHub/MCRL-SPIDER/install/hexapod_msgs/include/hexapod_msgs/hexapod_msgs/msg/detail/leg_joints__rosidl_typesupport_introspection_cpp.hpp
-- Installing: /home/mustafa/Documents/GitHub/MCRL-SPIDER/install/hexapod_msgs/include/hexapod_msgs/hexapod_msgs/msg/detail/pose__type_support.cpp
-- Installing: /home/mustafa/Documents/GitHub/MCRL-SPIDER/install/hexapod_msgs/include/hexapod_msgs/hexapod_msgs/msg/detail/feet_positions__rosidl_typesupport_introspection_cpp.hpp
-- Installing: /home/mustafa/Documents/GitHub/MCRL-SPIDER/install/hexapod_msgs/include/hexapod_msgs/hexapod_msgs/msg/detail/feet_positions__type_support.cpp
-- Installing: /home/mustafa/Documents/GitHub/MCRL-SPIDER/install/hexapod_msgs/include/hexapod_msgs/hexapod_msgs/msg/detail/legs_joints__type_support.cpp
-- Installing: /home/mustafa/Documents/GitHub/MCRL-SPIDER/install/hexapod_msgs/include/hexapod_msgs/hexapod_msgs/msg/detail/legs_joints__rosidl_typesupport_introspection_cpp.hpp
-- Installing: /home/mustafa/Documents/GitHub/MCRL-SPIDER/install/hexapod_msgs/include/hexapod_msgs/hexapod_msgs/msg/detail/rpy__rosidl_typesupport_introspection_cpp.hpp
-- Installing: /home/mustafa/Documents/GitHub/MCRL-SPIDER/install/hexapod_msgs/include/hexapod_msgs/hexapod_msgs/msg/detail/pose__rosidl_typesupport_introspection_cpp.hpp
-- Installing: /home/mustafa/Documents/GitHub/MCRL-SPIDER/install/hexapod_msgs/include/hexapod_msgs/hexapod_msgs/msg/detail/leg_joints__type_support.cpp
-- Installing: /home/mustafa/Documents/GitHub/MCRL-SPIDER/install/hexapod_msgs/include/hexapod_msgs/hexapod_msgs/msg/detail/rpy__type_support.cpp
-- Installing: /home/mustafa/Documents/GitHub/MCRL-SPIDER/install/hexapod_msgs/lib/libhexapod_msgs__rosidl_typesupport_introspection_cpp.so
-- Set runtime path of "/home/mustafa/Documents/GitHub/MCRL-SPIDER/install/hexapod_msgs/lib/libhexapod_msgs__rosidl_typesupport_introspection_cpp.so" to ""
-- Installing: /home/mustafa/Documents/GitHub/MCRL-SPIDER/install/hexapod_msgs/lib/libhexapod_msgs__rosidl_typesupport_cpp.so
-- Set runtime path of "/home/mustafa/Documents/GitHub/MCRL-SPIDER/install/hexapod_msgs/lib/libhexapod_msgs__rosidl_typesupport_cpp.so" to ""
-- Installing: /home/mustafa/Documents/GitHub/MCRL-SPIDER/install/hexapod_msgs/share/hexapod_msgs/environment/pythonpath.sh
-- Installing: /home/mustafa/Documents/GitHub/MCRL-SPIDER/install/hexapod_msgs/share/hexapod_msgs/environment/pythonpath.dsv
-- Installing: /home/mustafa/Documents/GitHub/MCRL-SPIDER/install/hexapod_msgs/local/lib/python3.10/dist-packages/hexapod_msgs-0.0.0-py3.10.egg-info
-- Installing: /home/mustafa/Documents/GitHub/MCRL-SPIDER/install/hexapod_msgs/local/lib/python3.10/dist-packages/hexapod_msgs-0.0.0-py3.10.egg-info/dependency_links.txt
-- Installing: /home/mustafa/Documents/GitHub/MCRL-SPIDER/install/hexapod_msgs/local/lib/python3.10/dist-packages/hexapod_msgs-0.0.0-py3.10.egg-info/SOURCES.txt
-- Installing: /home/mustafa/Documents/GitHub/MCRL-SPIDER/install/hexapod_msgs/local/lib/python3.10/dist-packages/hexapod_msgs-0.0.0-py3.10.egg-info/PKG-INFO
-- Installing: /home/mustafa/Documents/GitHub/MCRL-SPIDER/install/hexapod_msgs/local/lib/python3.10/dist-packages/hexapod_msgs-0.0.0-py3.10.egg-info/top_level.txt
-- Installing: /home/mustafa/Documents/GitHub/MCRL-SPIDER/install/hexapod_msgs/local/lib/python3.10/dist-packages/hexapod_msgs
-- Installing: /home/mustafa/Documents/GitHub/MCRL-SPIDER/install/hexapod_msgs/local/lib/python3.10/dist-packages/hexapod_msgs/_hexapod_msgs_s.ep.rosidl_typesupport_fastrtps_c.c
-- Installing: /home/mustafa/Documents/GitHub/MCRL-SPIDER/install/hexapod_msgs/local/lib/python3.10/dist-packages/hexapod_msgs/hexapod_msgs_s__rosidl_typesupport_fastrtps_c.cpython-310-x86_64-linux-gnu.so
-- Installing: /home/mustafa/Documents/GitHub/MCRL-SPIDER/install/hexapod_msgs/local/lib/python3.10/dist-packages/hexapod_msgs/__init__.py
-- Installing: /home/mustafa/Documents/GitHub/MCRL-SPIDER/install/hexapod_msgs/local/lib/python3.10/dist-packages/hexapod_msgs/libhexapod_msgs__rosidl_generator_py.so
-- Installing: /home/mustafa/Documents/GitHub/MCRL-SPIDER/install/hexapod_msgs/local/lib/python3.10/dist-packages/hexapod_msgs/_hexapod_msgs_s.ep.rosidl_typesupport_c.c
-- Installing: /home/mustafa/Documents/GitHub/MCRL-SPIDER/install/hexapod_msgs/local/lib/python3.10/dist-packages/hexapod_msgs/msg
-- Installing: /home/mustafa/Documents/GitHub/MCRL-SPIDER/install/hexapod_msgs/local/lib/python3.10/dist-packages/hexapod_msgs/msg/_rpy.py
-- Installing: /home/mustafa/Documents/GitHub/MCRL-SPIDER/install/hexapod_msgs/local/lib/python3.10/dist-packages/hexapod_msgs/msg/__init__.py
-- Installing: /home/mustafa/Documents/GitHub/MCRL-SPIDER/install/hexapod_msgs/local/lib/python3.10/dist-packages/hexapod_msgs/msg/_feet_positions_s.c
-- Installing: /home/mustafa/Documents/GitHub/MCRL-SPIDER/install/hexapod_msgs/local/lib/python3.10/dist-packages/hexapod_msgs/msg/_legs_joints.py
-- Installing: /home/mustafa/Documents/GitHub/MCRL-SPIDER/install/hexapod_msgs/local/lib/python3.10/dist-packages/hexapod_msgs/msg/_pose_s.c
-- Installing: /home/mustafa/Documents/GitHub/MCRL-SPIDER/install/hexapod_msgs/local/lib/python3.10/dist-packages/hexapod_msgs/msg/_leg_joints_s.c
-- Installing: /home/mustafa/Documents/GitHub/MCRL-SPIDER/install/hexapod_msgs/local/lib/python3.10/dist-packages/hexapod_msgs/msg/_feet_positions.py
-- Installing: /home/mustafa/Documents/GitHub/MCRL-SPIDER/install/hexapod_msgs/local/lib/python3.10/dist-packages/hexapod_msgs/msg/_legs_joints_s.c
-- Installing: /home/mustafa/Documents/GitHub/MCRL-SPIDER/install/hexapod_msgs/local/lib/python3.10/dist-packages/hexapod_msgs/msg/_leg_joints.py
-- Installing: /home/mustafa/Documents/GitHub/MCRL-SPIDER/install/hexapod_msgs/local/lib/python3.10/dist-packages/hexapod_msgs/msg/_rpy_s.c
-- Installing: /home/mustafa/Documents/GitHub/MCRL-SPIDER/install/hexapod_msgs/local/lib/python3.10/dist-packages/hexapod_msgs/msg/_pose.py
-- Installing: /home/mustafa/Documents/GitHub/MCRL-SPIDER/install/hexapod_msgs/local/lib/python3.10/dist-packages/hexapod_msgs/hexapod_msgs_s__rosidl_typesupport_introspection_c.cpython-310-x86_64-linux-gnu.so
-- Installing: /home/mustafa/Documents/GitHub/MCRL-SPIDER/install/hexapod_msgs/local/lib/python3.10/dist-packages/hexapod_msgs/hexapod_msgs_s__rosidl_typesupport_c.cpython-310-x86_64-linux-gnu.so
-- Installing: /home/mustafa/Documents/GitHub/MCRL-SPIDER/install/hexapod_msgs/local/lib/python3.10/dist-packages/hexapod_msgs/_hexapod_msgs_s.ep.rosidl_typesupport_introspection_c.c
Listing '/home/mustafa/Documents/GitHub/MCRL-SPIDER/install/hexapod_msgs/local/lib/python3.10/dist-packages/hexapod_msgs'...
Compiling '/home/mustafa/Documents/GitHub/MCRL-SPIDER/install/hexapod_msgs/local/lib/python3.10/dist-packages/hexapod_msgs/__init__.py'...
Listing '/home/mustafa/Documents/GitHub/MCRL-SPIDER/install/hexapod_msgs/local/lib/python3.10/dist-packages/hexapod_msgs/msg'...
Compiling '/home/mustafa/Documents/GitHub/MCRL-SPIDER/install/hexapod_msgs/local/lib/python3.10/dist-packages/hexapod_msgs/msg/__init__.py'...
Compiling '/home/mustafa/Documents/GitHub/MCRL-SPIDER/install/hexapod_msgs/local/lib/python3.10/dist-packages/hexapod_msgs/msg/_feet_positions.py'...
Compiling '/home/mustafa/Documents/GitHub/MCRL-SPIDER/install/hexapod_msgs/local/lib/python3.10/dist-packages/hexapod_msgs/msg/_leg_joints.py'...
Compiling '/home/mustafa/Documents/GitHub/MCRL-SPIDER/install/hexapod_msgs/local/lib/python3.10/dist-packages/hexapod_msgs/msg/_legs_joints.py'...
Compiling '/home/mustafa/Documents/GitHub/MCRL-SPIDER/install/hexapod_msgs/local/lib/python3.10/dist-packages/hexapod_msgs/msg/_pose.py'...
Compiling '/home/mustafa/Documents/GitHub/MCRL-SPIDER/install/hexapod_msgs/local/lib/python3.10/dist-packages/hexapod_msgs/msg/_rpy.py'...
-- Installing: /home/mustafa/Documents/GitHub/MCRL-SPIDER/install/hexapod_msgs/local/lib/python3.10/dist-packages/hexapod_msgs/hexapod_msgs_s__rosidl_typesupport_fastrtps_c.cpython-310-x86_64-linux-gnu.so
-- Set runtime path of "/home/mustafa/Documents/GitHub/MCRL-SPIDER/install/hexapod_msgs/local/lib/python3.10/dist-packages/hexapod_msgs/hexapod_msgs_s__rosidl_typesupport_fastrtps_c.cpython-310-x86_64-linux-gnu.so" to ""
-- Installing: /home/mustafa/Documents/GitHub/MCRL-SPIDER/install/hexapod_msgs/local/lib/python3.10/dist-packages/hexapod_msgs/hexapod_msgs_s__rosidl_typesupport_introspection_c.cpython-310-x86_64-linux-gnu.so
-- Set runtime path of "/home/mustafa/Documents/GitHub/MCRL-SPIDER/install/hexapod_msgs/local/lib/python3.10/dist-packages/hexapod_msgs/hexapod_msgs_s__rosidl_typesupport_introspection_c.cpython-310-x86_64-linux-gnu.so" to ""
-- Installing: /home/mustafa/Documents/GitHub/MCRL-SPIDER/install/hexapod_msgs/local/lib/python3.10/dist-packages/hexapod_msgs/hexapod_msgs_s__rosidl_typesupport_c.cpython-310-x86_64-linux-gnu.so
-- Set runtime path of "/home/mustafa/Documents/GitHub/MCRL-SPIDER/install/hexapod_msgs/local/lib/python3.10/dist-packages/hexapod_msgs/hexapod_msgs_s__rosidl_typesupport_c.cpython-310-x86_64-linux-gnu.so" to ""
-- Installing: /home/mustafa/Documents/GitHub/MCRL-SPIDER/install/hexapod_msgs/lib/libhexapod_msgs__rosidl_generator_py.so
-- Set runtime path of "/home/mustafa/Documents/GitHub/MCRL-SPIDER/install/hexapod_msgs/lib/libhexapod_msgs__rosidl_generator_py.so" to ""
-- Installing: /home/mustafa/Documents/GitHub/MCRL-SPIDER/install/hexapod_msgs/share/hexapod_msgs/msg/FeetPositions.idl
-- Installing: /home/mustafa/Documents/GitHub/MCRL-SPIDER/install/hexapod_msgs/share/hexapod_msgs/msg/LegJoints.idl
-- Installing: /home/mustafa/Documents/GitHub/MCRL-SPIDER/install/hexapod_msgs/share/hexapod_msgs/msg/LegsJoints.idl
-- Installing: /home/mustafa/Documents/GitHub/MCRL-SPIDER/install/hexapod_msgs/share/hexapod_msgs/msg/Pose.idl
-- Installing: /home/mustafa/Documents/GitHub/MCRL-SPIDER/install/hexapod_msgs/share/hexapod_msgs/msg/RPY.idl
-- Installing: /home/mustafa/Documents/GitHub/MCRL-SPIDER/install/hexapod_msgs/share/hexapod_msgs/msg/FeetPositions.msg
-- Installing: /home/mustafa/Documents/GitHub/MCRL-SPIDER/install/hexapod_msgs/share/hexapod_msgs/msg/LegJoints.msg
-- Installing: /home/mustafa/Documents/GitHub/MCRL-SPIDER/install/hexapod_msgs/share/hexapod_msgs/msg/LegsJoints.msg
-- Installing: /home/mustafa/Documents/GitHub/MCRL-SPIDER/install/hexapod_msgs/share/hexapod_msgs/msg/Pose.msg
-- Installing: /home/mustafa/Documents/GitHub/MCRL-SPIDER/install/hexapod_msgs/share/hexapod_msgs/msg/RPY.msg
-- Installing: /home/mustafa/Documents/GitHub/MCRL-SPIDER/install/hexapod_msgs/share/ament_index/resource_index/package_run_dependencies/hexapod_msgs
-- Installing: /home/mustafa/Documents/GitHub/MCRL-SPIDER/install/hexapod_msgs/share/ament_index/resource_index/parent_prefix_path/hexapod_msgs
-- Installing: /home/mustafa/Documents/GitHub/MCRL-SPIDER/install/hexapod_msgs/share/hexapod_msgs/environment/ament_prefix_path.sh
-- Installing: /home/mustafa/Documents/GitHub/MCRL-SPIDER/install/hexapod_msgs/share/hexapod_msgs/environment/ament_prefix_path.dsv
-- Installing: /home/mustafa/Documents/GitHub/MCRL-SPIDER/install/hexapod_msgs/share/hexapod_msgs/environment/path.sh
-- Installing: /home/mustafa/Documents/GitHub/MCRL-SPIDER/install/hexapod_msgs/share/hexapod_msgs/environment/path.dsv
-- Installing: /home/mustafa/Documents/GitHub/MCRL-SPIDER/install/hexapod_msgs/share/hexapod_msgs/local_setup.bash
-- Installing: /home/mustafa/Documents/GitHub/MCRL-SPIDER/install/hexapod_msgs/share/hexapod_msgs/local_setup.sh
-- Installing: /home/mustafa/Documents/GitHub/MCRL-SPIDER/install/hexapod_msgs/share/hexapod_msgs/local_setup.zsh
-- Installing: /home/mustafa/Documents/GitHub/MCRL-SPIDER/install/hexapod_msgs/share/hexapod_msgs/local_setup.dsv
-- Installing: /home/mustafa/Documents/GitHub/MCRL-SPIDER/install/hexapod_msgs/share/hexapod_msgs/package.dsv
-- Installing: /home/mustafa/Documents/GitHub/MCRL-SPIDER/install/hexapod_msgs/share/ament_index/resource_index/packages/hexapod_msgs
-- Installing: /home/mustafa/Documents/GitHub/MCRL-SPIDER/install/hexapod_msgs/share/hexapod_msgs/cmake/export_hexapod_msgs__rosidl_generator_cExport.cmake
-- Installing: /home/mustafa/Documents/GitHub/MCRL-SPIDER/install/hexapod_msgs/share/hexapod_msgs/cmake/export_hexapod_msgs__rosidl_generator_cExport-noconfig.cmake
-- Installing: /home/mustafa/Documents/GitHub/MCRL-SPIDER/install/hexapod_msgs/share/hexapod_msgs/cmake/export_hexapod_msgs__rosidl_typesupport_fastrtps_cExport.cmake
-- Installing: /home/mustafa/Documents/GitHub/MCRL-SPIDER/install/hexapod_msgs/share/hexapod_msgs/cmake/export_hexapod_msgs__rosidl_typesupport_fastrtps_cExport-noconfig.cmake
-- Installing: /home/mustafa/Documents/GitHub/MCRL-SPIDER/install/hexapod_msgs/share/hexapod_msgs/cmake/export_hexapod_msgs__rosidl_generator_cppExport.cmake
-- Installing: /home/mustafa/Documents/GitHub/MCRL-SPIDER/install/hexapod_msgs/share/hexapod_msgs/cmake/export_hexapod_msgs__rosidl_typesupport_fastrtps_cppExport.cmake
-- Installing: /home/mustafa/Documents/GitHub/MCRL-SPIDER/install/hexapod_msgs/share/hexapod_msgs/cmake/export_hexapod_msgs__rosidl_typesupport_fastrtps_cppExport-noconfig.cmake
-- Installing: /home/mustafa/Documents/GitHub/MCRL-SPIDER/install/hexapod_msgs/share/hexapod_msgs/cmake/hexapod_msgs__rosidl_typesupport_introspection_cExport.cmake
-- Installing: /home/mustafa/Documents/GitHub/MCRL-SPIDER/install/hexapod_msgs/share/hexapod_msgs/cmake/hexapod_msgs__rosidl_typesupport_introspection_cExport-noconfig.cmake
-- Installing: /home/mustafa/Documents/GitHub/MCRL-SPIDER/install/hexapod_msgs/share/hexapod_msgs/cmake/hexapod_msgs__rosidl_typesupport_cExport.cmake
-- Installing: /home/mustafa/Documents/GitHub/MCRL-SPIDER/install/hexapod_msgs/share/hexapod_msgs/cmake/hexapod_msgs__rosidl_typesupport_cExport-noconfig.cmake
-- Installing: /home/mustafa/Documents/GitHub/MCRL-SPIDER/install/hexapod_msgs/share/hexapod_msgs/cmake/hexapod_msgs__rosidl_typesupport_introspection_cppExport.cmake
-- Installing: /home/mustafa/Documents/GitHub/MCRL-SPIDER/install/hexapod_msgs/share/hexapod_msgs/cmake/hexapod_msgs__rosidl_typesupport_introspection_cppExport-noconfig.cmake
-- Installing: /home/mustafa/Documents/GitHub/MCRL-SPIDER/install/hexapod_msgs/share/hexapod_msgs/cmake/hexapod_msgs__rosidl_typesupport_cppExport.cmake
-- Installing: /home/mustafa/Documents/GitHub/MCRL-SPIDER/install/hexapod_msgs/share/hexapod_msgs/cmake/hexapod_msgs__rosidl_typesupport_cppExport-noconfig.cmake
-- Installing: /home/mustafa/Documents/GitHub/MCRL-SPIDER/install/hexapod_msgs/share/hexapod_msgs/cmake/export_hexapod_msgs__rosidl_generator_pyExport.cmake
-- Installing: /home/mustafa/Documents/GitHub/MCRL-SPIDER/install/hexapod_msgs/share/hexapod_msgs/cmake/export_hexapod_msgs__rosidl_generator_pyExport-noconfig.cmake
-- Installing: /home/mustafa/Documents/GitHub/MCRL-SPIDER/install/hexapod_msgs/share/hexapod_msgs/cmake/rosidl_cmake-extras.cmake
-- Installing: /home/mustafa/Documents/GitHub/MCRL-SPIDER/install/hexapod_msgs/share/hexapod_msgs/cmake/ament_cmake_export_dependencies-extras.cmake
-- Installing: /home/mustafa/Documents/GitHub/MCRL-SPIDER/install/hexapod_msgs/share/hexapod_msgs/cmake/ament_cmake_export_include_directories-extras.cmake
-- Installing: /home/mustafa/Documents/GitHub/MCRL-SPIDER/install/hexapod_msgs/share/hexapod_msgs/cmake/ament_cmake_export_libraries-extras.cmake
-- Installing: /home/mustafa/Documents/GitHub/MCRL-SPIDER/install/hexapod_msgs/share/hexapod_msgs/cmake/ament_cmake_export_targets-extras.cmake
-- Installing: /home/mustafa/Documents/GitHub/MCRL-SPIDER/install/hexapod_msgs/share/hexapod_msgs/cmake/rosidl_cmake_export_typesupport_targets-extras.cmake
-- Installing: /home/mustafa/Documents/GitHub/MCRL-SPIDER/install/hexapod_msgs/share/hexapod_msgs/cmake/rosidl_cmake_export_typesupport_libraries-extras.cmake
-- Installing: /home/mustafa/Documents/GitHub/MCRL-SPIDER/install/hexapod_msgs/share/hexapod_msgs/cmake/hexapod_msgsConfig.cmake
-- Installing: /home/mustafa/Documents/GitHub/MCRL-SPIDER/install/hexapod_msgs/share/hexapod_msgs/cmake/hexapod_msgsConfig-version.cmake
-- Installing: /home/mustafa/Documents/GitHub/MCRL-SPIDER/install/hexapod_msgs/share/hexapod_msgs/package.xml
