[0.028s] Invoking command in '/home/mustafa/Documents/GitHub/MCRL-SPIDER/build/hexapod_msgs': CMAKE_PREFIX_PATH=/opt/ros/humble /usr/bin/cmake /home/mustafa/Documents/GitHub/MCRL-SPIDER/Software/src/hexapod_msgs -DCMAKE_INSTALL_PREFIX=/home/mustafa/Documents/GitHub/MCRL-SPIDER/install/hexapod_msgs
[0.235s] -- The C compiler identification is GNU 11.3.0
[0.388s] -- The CXX compiler identification is GNU 11.3.0
[0.404s] -- Detecting C compiler ABI info
[0.493s] -- Detecting C compiler ABI info - done
[0.503s] -- Check for working C compiler: /usr/bin/cc - skipped
[0.504s] -- Detecting C compile features
[0.505s] -- Detecting C compile features - done
[0.511s] -- Detecting CXX compiler ABI info
[0.616s] -- Detecting CXX compiler ABI info - done
[0.629s] -- Check for working CXX compiler: /usr/bin/c++ - skipped
[0.630s] -- Detecting CXX compile features
[0.630s] -- Detecting CXX compile features - done
[0.636s] -- Found ament_cmake: 1.3.3 (/opt/ros/humble/share/ament_cmake/cmake)
[0.896s] -- Found Python3: /usr/bin/python3.10 (found version "3.10.6") found components: Interpreter 
[1.058s] -- Found builtin_interfaces: 1.2.1 (/opt/ros/humble/share/builtin_interfaces/cmake)
[1.129s] -- Found rosidl_generator_c: 3.1.4 (/opt/ros/humble/share/rosidl_generator_c/cmake)
[1.143s] -- Found rosidl_adapter: 3.1.4 (/opt/ros/humble/share/rosidl_adapter/cmake)
[1.164s] -- Found rosidl_generator_cpp: 3.1.4 (/opt/ros/humble/share/rosidl_generator_cpp/cmake)
[1.198s] -- Using all available rosidl_typesupport_c: rosidl_typesupport_fastrtps_c;rosidl_typesupport_introspection_c
[1.254s] -- Using all available rosidl_typesupport_cpp: rosidl_typesupport_fastrtps_cpp;rosidl_typesupport_introspection_cpp
[1.322s] -- Found rosidl_default_generators: 1.2.0 (/opt/ros/humble/share/rosidl_default_generators/cmake)
[1.354s] -- Found geometry_msgs: 4.2.3 (/opt/ros/humble/share/geometry_msgs/cmake)
[2.179s] -- Found ament_cmake_ros: 0.10.0 (/opt/ros/humble/share/ament_cmake_ros/cmake)
[2.627s] -- Using all available rosidl_typesupport_c: rosidl_typesupport_fastrtps_c;rosidl_typesupport_introspection_c
[2.777s] -- Using all available rosidl_typesupport_cpp: rosidl_typesupport_fastrtps_cpp;rosidl_typesupport_introspection_cpp
[2.804s] -- Found PythonInterp: /usr/bin/python3 (found suitable version "3.10.6", minimum required is "3.6") 
[2.806s] -- Found python_cmake_module: 0.10.0 (/opt/ros/humble/share/python_cmake_module/cmake)
[2.836s] -- Found PythonLibs: /usr/lib/x86_64-linux-gnu/libpython3.10.so (found suitable version "3.10.6", minimum required is "3.5") 
[2.836s] -- Using PYTHON_EXECUTABLE: /usr/bin/python3
[2.836s] -- Using PYTHON_INCLUDE_DIRS: /usr/include/python3.10
[2.836s] -- Using PYTHON_LIBRARIES: /usr/lib/x86_64-linux-gnu/libpython3.10.so
[2.858s] -- Found PythonExtra: .so  
[2.923s] -- Configuring done
[2.961s] -- Generating done
[2.963s] -- Build files have been written to: /home/mustafa/Documents/GitHub/MCRL-SPIDER/build/hexapod_msgs
[2.973s] Invoked command in '/home/mustafa/Documents/GitHub/MCRL-SPIDER/build/hexapod_msgs' returned '0': CMAKE_PREFIX_PATH=/opt/ros/humble /usr/bin/cmake /home/mustafa/Documents/GitHub/MCRL-SPIDER/Software/src/hexapod_msgs -DCMAKE_INSTALL_PREFIX=/home/mustafa/Documents/GitHub/MCRL-SPIDER/install/hexapod_msgs
[2.974s] Invoking command in '/home/mustafa/Documents/GitHub/MCRL-SPIDER/build/hexapod_msgs': CMAKE_PREFIX_PATH=/opt/ros/humble /usr/bin/cmake --build /home/mustafa/Documents/GitHub/MCRL-SPIDER/build/hexapod_msgs -- -j16 -l16
[3.007s] [  1%] [34m[1mGenerating C code for ROS interfaces[0m
[3.017s] [  3%] [34m[1mGenerating C++ code for ROS interfaces[0m
[3.025s] [  3%] Built target ament_cmake_python_copy_hexapod_msgs
[3.363s] running egg_info
[3.364s] creating hexapod_msgs.egg-info
[3.364s] writing hexapod_msgs.egg-info/PKG-INFO
[3.364s] writing dependency_links to hexapod_msgs.egg-info/dependency_links.txt
[3.365s] writing top-level names to hexapod_msgs.egg-info/top_level.txt
[3.365s] writing manifest file 'hexapod_msgs.egg-info/SOURCES.txt'
[3.367s] reading manifest file 'hexapod_msgs.egg-info/SOURCES.txt'
[3.368s] writing manifest file 'hexapod_msgs.egg-info/SOURCES.txt'
[3.402s] [  3%] Built target ament_cmake_python_build_hexapod_msgs_egg
[3.548s] [  3%] Built target hexapod_msgs__cpp
[3.564s] [  4%] [34m[1mGenerating C++ type support dispatch for ROS interfaces[0m
[3.566s] [  6%] [34m[1mGenerating C++ type support for eProsima Fast-RTPS[0m
[3.567s] [  7%] [34m[1mGenerating C++ introspection for ROS interfaces[0m
[3.622s] [  9%] [32mBuilding C object CMakeFiles/hexapod_msgs__rosidl_generator_c.dir/rosidl_generator_c/hexapod_msgs/msg/detail/feet_positions__functions.c.o[0m
[3.622s] [ 11%] [32mBuilding C object CMakeFiles/hexapod_msgs__rosidl_generator_c.dir/rosidl_generator_c/hexapod_msgs/msg/detail/leg_joints__functions.c.o[0m
[3.623s] [ 14%] [32mBuilding C object CMakeFiles/hexapod_msgs__rosidl_generator_c.dir/rosidl_generator_c/hexapod_msgs/msg/detail/rpy__functions.c.o[0m
[3.623s] [ 14%] [32mBuilding C object CMakeFiles/hexapod_msgs__rosidl_generator_c.dir/rosidl_generator_c/hexapod_msgs/msg/detail/legs_joints__functions.c.o[0m
[3.623s] [ 15%] [32mBuilding C object CMakeFiles/hexapod_msgs__rosidl_generator_c.dir/rosidl_generator_c/hexapod_msgs/msg/detail/pose__functions.c.o[0m
[3.714s] [ 17%] [32m[1mLinking C shared library libhexapod_msgs__rosidl_generator_c.so[0m
[3.767s] [ 17%] Built target hexapod_msgs__rosidl_generator_c
[3.781s] [ 20%] [34m[1mGenerating C type support dispatch for ROS interfaces[0m
[3.781s] [ 20%] [34m[1mGenerating C type support for eProsima Fast-RTPS[0m
[3.781s] [ 22%] [34m[1mGenerating C introspection for ROS interfaces[0m
[4.171s] [ 25%] [32mBuilding CXX object CMakeFiles/hexapod_msgs__rosidl_typesupport_cpp.dir/rosidl_typesupport_cpp/hexapod_msgs/msg/legs_joints__type_support.cpp.o[0m
[4.172s] [ 26%] [32mBuilding CXX object CMakeFiles/hexapod_msgs__rosidl_typesupport_cpp.dir/rosidl_typesupport_cpp/hexapod_msgs/msg/leg_joints__type_support.cpp.o[0m
[4.172s] [ 26%] [32mBuilding CXX object CMakeFiles/hexapod_msgs__rosidl_typesupport_cpp.dir/rosidl_typesupport_cpp/hexapod_msgs/msg/feet_positions__type_support.cpp.o[0m
[4.177s] [ 30%] [32mBuilding CXX object CMakeFiles/hexapod_msgs__rosidl_typesupport_cpp.dir/rosidl_typesupport_cpp/hexapod_msgs/msg/pose__type_support.cpp.o[0m
[4.177s] [ 30%] [32mBuilding CXX object CMakeFiles/hexapod_msgs__rosidl_typesupport_cpp.dir/rosidl_typesupport_cpp/hexapod_msgs/msg/rpy__type_support.cpp.o[0m
[4.297s] [ 34%] [32mBuilding CXX object CMakeFiles/hexapod_msgs__rosidl_typesupport_introspection_cpp.dir/rosidl_typesupport_introspection_cpp/hexapod_msgs/msg/detail/feet_positions__type_support.cpp.o[0m
[4.297s] [ 34%] [32mBuilding CXX object CMakeFiles/hexapod_msgs__rosidl_typesupport_introspection_cpp.dir/rosidl_typesupport_introspection_cpp/hexapod_msgs/msg/detail/legs_joints__type_support.cpp.o[0m
[4.298s] [ 34%] [32mBuilding CXX object CMakeFiles/hexapod_msgs__rosidl_typesupport_introspection_cpp.dir/rosidl_typesupport_introspection_cpp/hexapod_msgs/msg/detail/pose__type_support.cpp.o[0m
[4.298s] [ 36%] [32mBuilding CXX object CMakeFiles/hexapod_msgs__rosidl_typesupport_introspection_cpp.dir/rosidl_typesupport_introspection_cpp/hexapod_msgs/msg/detail/rpy__type_support.cpp.o[0m
[4.301s] [ 38%] [32mBuilding CXX object CMakeFiles/hexapod_msgs__rosidl_typesupport_introspection_cpp.dir/rosidl_typesupport_introspection_cpp/hexapod_msgs/msg/detail/leg_joints__type_support.cpp.o[0m
[4.399s] [ 39%] [32mBuilding CXX object CMakeFiles/hexapod_msgs__rosidl_typesupport_fastrtps_cpp.dir/rosidl_typesupport_fastrtps_cpp/hexapod_msgs/msg/detail/dds_fastrtps/feet_positions__type_support.cpp.o[0m
[4.399s] [ 41%] [32mBuilding CXX object CMakeFiles/hexapod_msgs__rosidl_typesupport_fastrtps_cpp.dir/rosidl_typesupport_fastrtps_cpp/hexapod_msgs/msg/detail/dds_fastrtps/leg_joints__type_support.cpp.o[0m
[4.420s] [ 42%] [32mBuilding CXX object CMakeFiles/hexapod_msgs__rosidl_typesupport_fastrtps_cpp.dir/rosidl_typesupport_fastrtps_cpp/hexapod_msgs/msg/detail/dds_fastrtps/legs_joints__type_support.cpp.o[0m
[4.731s] [ 44%] [32mBuilding CXX object CMakeFiles/hexapod_msgs__rosidl_typesupport_c.dir/rosidl_typesupport_c/hexapod_msgs/msg/feet_positions__type_support.cpp.o[0m
[4.825s] [ 46%] [32mBuilding CXX object CMakeFiles/hexapod_msgs__rosidl_typesupport_c.dir/rosidl_typesupport_c/hexapod_msgs/msg/leg_joints__type_support.cpp.o[0m
[4.931s] [ 47%] [32mBuilding CXX object CMakeFiles/hexapod_msgs__rosidl_typesupport_c.dir/rosidl_typesupport_c/hexapod_msgs/msg/legs_joints__type_support.cpp.o[0m
[4.975s] [ 49%] [32mBuilding CXX object CMakeFiles/hexapod_msgs__rosidl_typesupport_fastrtps_cpp.dir/rosidl_typesupport_fastrtps_cpp/hexapod_msgs/msg/detail/dds_fastrtps/pose__type_support.cpp.o[0m
[5.019s] [ 50%] [32mBuilding CXX object CMakeFiles/hexapod_msgs__rosidl_typesupport_fastrtps_c.dir/rosidl_typesupport_fastrtps_c/hexapod_msgs/msg/detail/feet_positions__type_support_c.cpp.o[0m
[5.023s] [ 52%] [32mBuilding CXX object CMakeFiles/hexapod_msgs__rosidl_typesupport_fastrtps_c.dir/rosidl_typesupport_fastrtps_c/hexapod_msgs/msg/detail/leg_joints__type_support_c.cpp.o[0m
[5.039s] [ 53%] [32mBuilding CXX object CMakeFiles/hexapod_msgs__rosidl_typesupport_c.dir/rosidl_typesupport_c/hexapod_msgs/msg/pose__type_support.cpp.o[0m
[5.070s] [ 55%] [32mBuilding C object CMakeFiles/hexapod_msgs__rosidl_typesupport_introspection_c.dir/rosidl_typesupport_introspection_c/hexapod_msgs/msg/detail/feet_positions__type_support.c.o[0m
[5.087s] [ 57%] [32mBuilding C object CMakeFiles/hexapod_msgs__rosidl_typesupport_introspection_c.dir/rosidl_typesupport_introspection_c/hexapod_msgs/msg/detail/leg_joints__type_support.c.o[0m
[5.114s] [ 58%] [32mBuilding CXX object CMakeFiles/hexapod_msgs__rosidl_typesupport_c.dir/rosidl_typesupport_c/hexapod_msgs/msg/rpy__type_support.cpp.o[0m
[5.168s] [ 60%] [32mBuilding CXX object CMakeFiles/hexapod_msgs__rosidl_typesupport_fastrtps_cpp.dir/rosidl_typesupport_fastrtps_cpp/hexapod_msgs/msg/detail/dds_fastrtps/rpy__type_support.cpp.o[0m
[5.188s] [ 61%] [32m[1mLinking CXX shared library libhexapod_msgs__rosidl_typesupport_cpp.so[0m
[5.193s] [ 63%] [32mBuilding C object CMakeFiles/hexapod_msgs__rosidl_typesupport_introspection_c.dir/rosidl_typesupport_introspection_c/hexapod_msgs/msg/detail/legs_joints__type_support.c.o[0m
[5.196s] [ 65%] [32mBuilding C object CMakeFiles/hexapod_msgs__rosidl_typesupport_introspection_c.dir/rosidl_typesupport_introspection_c/hexapod_msgs/msg/detail/pose__type_support.c.o[0m
[5.305s] [ 66%] [32m[1mLinking CXX shared library libhexapod_msgs__rosidl_typesupport_c.so[0m
[5.312s] [ 68%] [32mBuilding C object CMakeFiles/hexapod_msgs__rosidl_typesupport_introspection_c.dir/rosidl_typesupport_introspection_c/hexapod_msgs/msg/detail/rpy__type_support.c.o[0m
[5.325s] [ 69%] [32mBuilding CXX object CMakeFiles/hexapod_msgs__rosidl_typesupport_fastrtps_c.dir/rosidl_typesupport_fastrtps_c/hexapod_msgs/msg/detail/legs_joints__type_support_c.cpp.o[0m
[5.351s] [ 69%] Built target hexapod_msgs__rosidl_typesupport_cpp
[5.391s] [ 71%] [32mBuilding CXX object CMakeFiles/hexapod_msgs__rosidl_typesupport_fastrtps_c.dir/rosidl_typesupport_fastrtps_c/hexapod_msgs/msg/detail/pose__type_support_c.cpp.o[0m
[5.467s] [ 71%] Built target hexapod_msgs__rosidl_typesupport_c
[5.486s] [ 73%] [32mBuilding CXX object CMakeFiles/hexapod_msgs__rosidl_typesupport_fastrtps_c.dir/rosidl_typesupport_fastrtps_c/hexapod_msgs/msg/detail/rpy__type_support_c.cpp.o[0m
[5.512s] [ 74%] [32m[1mLinking C shared library libhexapod_msgs__rosidl_typesupport_introspection_c.so[0m
[5.629s] [ 74%] Built target hexapod_msgs__rosidl_typesupport_introspection_c
[5.648s] [ 76%] [32m[1mLinking CXX shared library libhexapod_msgs__rosidl_typesupport_introspection_cpp.so[0m
[5.846s] [ 76%] Built target hexapod_msgs__rosidl_typesupport_introspection_cpp
[6.154s] [ 77%] [32m[1mLinking CXX shared library libhexapod_msgs__rosidl_typesupport_fastrtps_c.so[0m
[6.155s] [ 79%] [32m[1mLinking CXX shared library libhexapod_msgs__rosidl_typesupport_fastrtps_cpp.so[0m
[6.243s] [ 79%] Built target hexapod_msgs__rosidl_typesupport_fastrtps_c
[6.245s] [ 79%] Built target hexapod_msgs__rosidl_typesupport_fastrtps_cpp
[6.262s] [ 79%] Built target hexapod_msgs
[6.275s] [ 80%] [34m[1mGenerating Python code for ROS interfaces[0m
[6.892s] [ 80%] Built target hexapod_msgs__py
[6.910s] [ 85%] [32mBuilding C object CMakeFiles/hexapod_msgs__rosidl_generator_py.dir/rosidl_generator_py/hexapod_msgs/msg/_legs_joints_s.c.o[0m
[6.910s] [ 85%] [32mBuilding C object CMakeFiles/hexapod_msgs__rosidl_generator_py.dir/rosidl_generator_py/hexapod_msgs/msg/_leg_joints_s.c.o[0m
[6.911s] [ 85%] [32mBuilding C object CMakeFiles/hexapod_msgs__rosidl_generator_py.dir/rosidl_generator_py/hexapod_msgs/msg/_feet_positions_s.c.o[0m
[6.911s] [ 88%] [32mBuilding C object CMakeFiles/hexapod_msgs__rosidl_generator_py.dir/rosidl_generator_py/hexapod_msgs/msg/_pose_s.c.o[0m
[6.911s] [ 88%] [32mBuilding C object CMakeFiles/hexapod_msgs__rosidl_generator_py.dir/rosidl_generator_py/hexapod_msgs/msg/_rpy_s.c.o[0m
[7.093s] [ 90%] [32m[1mLinking C shared library rosidl_generator_py/hexapod_msgs/libhexapod_msgs__rosidl_generator_py.so[0m
[7.134s] [ 90%] Built target hexapod_msgs__rosidl_generator_py
[7.154s] [ 95%] [32mBuilding C object CMakeFiles/hexapod_msgs__rosidl_typesupport_c__pyext.dir/rosidl_generator_py/hexapod_msgs/_hexapod_msgs_s.ep.rosidl_typesupport_c.c.o[0m
[7.154s] [ 95%] [32mBuilding C object CMakeFiles/hexapod_msgs__rosidl_typesupport_fastrtps_c__pyext.dir/rosidl_generator_py/hexapod_msgs/_hexapod_msgs_s.ep.rosidl_typesupport_fastrtps_c.c.o[0m
[7.154s] [ 95%] [32mBuilding C object CMakeFiles/hexapod_msgs__rosidl_typesupport_introspection_c__pyext.dir/rosidl_generator_py/hexapod_msgs/_hexapod_msgs_s.ep.rosidl_typesupport_introspection_c.c.o[0m
[7.279s] [ 98%] [32m[1mLinking C shared library rosidl_generator_py/hexapod_msgs/hexapod_msgs_s__rosidl_typesupport_c.cpython-310-x86_64-linux-gnu.so[0m
[7.279s] [ 98%] [32m[1mLinking C shared library rosidl_generator_py/hexapod_msgs/hexapod_msgs_s__rosidl_typesupport_introspection_c.cpython-310-x86_64-linux-gnu.so[0m
[7.286s] [100%] [32m[1mLinking C shared library rosidl_generator_py/hexapod_msgs/hexapod_msgs_s__rosidl_typesupport_fastrtps_c.cpython-310-x86_64-linux-gnu.so[0m
[7.321s] [100%] Built target hexapod_msgs__rosidl_typesupport_introspection_c__pyext
[7.321s] [100%] Built target hexapod_msgs__rosidl_typesupport_c__pyext
[7.327s] [100%] Built target hexapod_msgs__rosidl_typesupport_fastrtps_c__pyext
[7.335s] Invoked command in '/home/mustafa/Documents/GitHub/MCRL-SPIDER/build/hexapod_msgs' returned '0': CMAKE_PREFIX_PATH=/opt/ros/humble /usr/bin/cmake --build /home/mustafa/Documents/GitHub/MCRL-SPIDER/build/hexapod_msgs -- -j16 -l16
[7.420s] Invoking command in '/home/mustafa/Documents/GitHub/MCRL-SPIDER/build/hexapod_msgs': CMAKE_PREFIX_PATH=/opt/ros/humble /usr/bin/cmake --install /home/mustafa/Documents/GitHub/MCRL-SPIDER/build/hexapod_msgs
[7.426s] -- Install configuration: ""
[7.426s] -- Installing: /home/mustafa/Documents/GitHub/MCRL-SPIDER/install/hexapod_msgs/share/ament_index/resource_index/rosidl_interfaces/hexapod_msgs
[7.426s] -- Installing: /home/mustafa/Documents/GitHub/MCRL-SPIDER/install/hexapod_msgs/include/hexapod_msgs/hexapod_msgs
[7.426s] -- Installing: /home/mustafa/Documents/GitHub/MCRL-SPIDER/install/hexapod_msgs/include/hexapod_msgs/hexapod_msgs/msg
[7.426s] -- Installing: /home/mustafa/Documents/GitHub/MCRL-SPIDER/install/hexapod_msgs/include/hexapod_msgs/hexapod_msgs/msg/rosidl_generator_c__visibility_control.h
[7.426s] -- Installing: /home/mustafa/Documents/GitHub/MCRL-SPIDER/install/hexapod_msgs/include/hexapod_msgs/hexapod_msgs/msg/leg_joints.h
[7.426s] -- Installing: /home/mustafa/Documents/GitHub/MCRL-SPIDER/install/hexapod_msgs/include/hexapod_msgs/hexapod_msgs/msg/pose.h
[7.426s] -- Installing: /home/mustafa/Documents/GitHub/MCRL-SPIDER/install/hexapod_msgs/include/hexapod_msgs/hexapod_msgs/msg/detail
[7.427s] -- Installing: /home/mustafa/Documents/GitHub/MCRL-SPIDER/install/hexapod_msgs/include/hexapod_msgs/hexapod_msgs/msg/detail/feet_positions__functions.h
[7.427s] -- Installing: /home/mustafa/Documents/GitHub/MCRL-SPIDER/install/hexapod_msgs/include/hexapod_msgs/hexapod_msgs/msg/detail/feet_positions__type_support.h
[7.427s] -- Installing: /home/mustafa/Documents/GitHub/MCRL-SPIDER/install/hexapod_msgs/include/hexapod_msgs/hexapod_msgs/msg/detail/leg_joints__functions.h
[7.427s] -- Installing: /home/mustafa/Documents/GitHub/MCRL-SPIDER/install/hexapod_msgs/include/hexapod_msgs/hexapod_msgs/msg/detail/leg_joints__functions.c
[7.427s] -- Installing: /home/mustafa/Documents/GitHub/MCRL-SPIDER/install/hexapod_msgs/include/hexapod_msgs/hexapod_msgs/msg/detail/pose__functions.h
[7.427s] -- Installing: /home/mustafa/Documents/GitHub/MCRL-SPIDER/install/hexapod_msgs/include/hexapod_msgs/hexapod_msgs/msg/detail/rpy__functions.c
[7.427s] -- Installing: /home/mustafa/Documents/GitHub/MCRL-SPIDER/install/hexapod_msgs/include/hexapod_msgs/hexapod_msgs/msg/detail/leg_joints__type_support.h
[7.427s] -- Installing: /home/mustafa/Documents/GitHub/MCRL-SPIDER/install/hexapod_msgs/include/hexapod_msgs/hexapod_msgs/msg/detail/feet_positions__struct.h
[7.427s] -- Installing: /home/mustafa/Documents/GitHub/MCRL-SPIDER/install/hexapod_msgs/include/hexapod_msgs/hexapod_msgs/msg/detail/rpy__functions.h
[7.427s] -- Installing: /home/mustafa/Documents/GitHub/MCRL-SPIDER/install/hexapod_msgs/include/hexapod_msgs/hexapod_msgs/msg/detail/legs_joints__functions.h
[7.428s] -- Installing: /home/mustafa/Documents/GitHub/MCRL-SPIDER/install/hexapod_msgs/include/hexapod_msgs/hexapod_msgs/msg/detail/legs_joints__type_support.h
[7.428s] -- Installing: /home/mustafa/Documents/GitHub/MCRL-SPIDER/install/hexapod_msgs/include/hexapod_msgs/hexapod_msgs/msg/detail/rpy__type_support.h
[7.428s] -- Installing: /home/mustafa/Documents/GitHub/MCRL-SPIDER/install/hexapod_msgs/include/hexapod_msgs/hexapod_msgs/msg/detail/legs_joints__struct.h
[7.428s] -- Installing: /home/mustafa/Documents/GitHub/MCRL-SPIDER/install/hexapod_msgs/include/hexapod_msgs/hexapod_msgs/msg/detail/feet_positions__functions.c
[7.428s] -- Installing: /home/mustafa/Documents/GitHub/MCRL-SPIDER/install/hexapod_msgs/include/hexapod_msgs/hexapod_msgs/msg/detail/rpy__struct.h
[7.428s] -- Installing: /home/mustafa/Documents/GitHub/MCRL-SPIDER/install/hexapod_msgs/include/hexapod_msgs/hexapod_msgs/msg/detail/pose__functions.c
[7.428s] -- Installing: /home/mustafa/Documents/GitHub/MCRL-SPIDER/install/hexapod_msgs/include/hexapod_msgs/hexapod_msgs/msg/detail/pose__struct.h
[7.428s] -- Installing: /home/mustafa/Documents/GitHub/MCRL-SPIDER/install/hexapod_msgs/include/hexapod_msgs/hexapod_msgs/msg/detail/leg_joints__struct.h
[7.428s] -- Installing: /home/mustafa/Documents/GitHub/MCRL-SPIDER/install/hexapod_msgs/include/hexapod_msgs/hexapod_msgs/msg/detail/legs_joints__functions.c
[7.428s] -- Installing: /home/mustafa/Documents/GitHub/MCRL-SPIDER/install/hexapod_msgs/include/hexapod_msgs/hexapod_msgs/msg/detail/pose__type_support.h
[7.429s] -- Installing: /home/mustafa/Documents/GitHub/MCRL-SPIDER/install/hexapod_msgs/include/hexapod_msgs/hexapod_msgs/msg/rpy.h
[7.429s] -- Installing: /home/mustafa/Documents/GitHub/MCRL-SPIDER/install/hexapod_msgs/include/hexapod_msgs/hexapod_msgs/msg/feet_positions.h
[7.429s] -- Installing: /home/mustafa/Documents/GitHub/MCRL-SPIDER/install/hexapod_msgs/include/hexapod_msgs/hexapod_msgs/msg/legs_joints.h
[7.429s] -- Installing: /home/mustafa/Documents/GitHub/MCRL-SPIDER/install/hexapod_msgs/share/hexapod_msgs/environment/library_path.sh
[7.429s] -- Installing: /home/mustafa/Documents/GitHub/MCRL-SPIDER/install/hexapod_msgs/share/hexapod_msgs/environment/library_path.dsv
[7.429s] -- Installing: /home/mustafa/Documents/GitHub/MCRL-SPIDER/install/hexapod_msgs/lib/libhexapod_msgs__rosidl_generator_c.so
[7.429s] -- Set runtime path of "/home/mustafa/Documents/GitHub/MCRL-SPIDER/install/hexapod_msgs/lib/libhexapod_msgs__rosidl_generator_c.so" to ""
[7.429s] -- Up-to-date: /home/mustafa/Documents/GitHub/MCRL-SPIDER/install/hexapod_msgs/include/hexapod_msgs/hexapod_msgs
[7.429s] -- Up-to-date: /home/mustafa/Documents/GitHub/MCRL-SPIDER/install/hexapod_msgs/include/hexapod_msgs/hexapod_msgs/msg
[7.430s] -- Up-to-date: /home/mustafa/Documents/GitHub/MCRL-SPIDER/install/hexapod_msgs/include/hexapod_msgs/hexapod_msgs/msg/detail
[7.430s] -- Installing: /home/mustafa/Documents/GitHub/MCRL-SPIDER/install/hexapod_msgs/include/hexapod_msgs/hexapod_msgs/msg/detail/pose__rosidl_typesupport_fastrtps_c.h
[7.430s] -- Installing: /home/mustafa/Documents/GitHub/MCRL-SPIDER/install/hexapod_msgs/include/hexapod_msgs/hexapod_msgs/msg/detail/rpy__rosidl_typesupport_fastrtps_c.h
[7.430s] -- Installing: /home/mustafa/Documents/GitHub/MCRL-SPIDER/install/hexapod_msgs/include/hexapod_msgs/hexapod_msgs/msg/detail/feet_positions__rosidl_typesupport_fastrtps_c.h
[7.430s] -- Installing: /home/mustafa/Documents/GitHub/MCRL-SPIDER/install/hexapod_msgs/include/hexapod_msgs/hexapod_msgs/msg/detail/legs_joints__rosidl_typesupport_fastrtps_c.h
[7.430s] -- Installing: /home/mustafa/Documents/GitHub/MCRL-SPIDER/install/hexapod_msgs/include/hexapod_msgs/hexapod_msgs/msg/detail/leg_joints__rosidl_typesupport_fastrtps_c.h
[7.430s] -- Installing: /home/mustafa/Documents/GitHub/MCRL-SPIDER/install/hexapod_msgs/include/hexapod_msgs/hexapod_msgs/msg/rosidl_typesupport_fastrtps_c__visibility_control.h
[7.430s] -- Installing: /home/mustafa/Documents/GitHub/MCRL-SPIDER/install/hexapod_msgs/lib/libhexapod_msgs__rosidl_typesupport_fastrtps_c.so
[7.430s] -- Set runtime path of "/home/mustafa/Documents/GitHub/MCRL-SPIDER/install/hexapod_msgs/lib/libhexapod_msgs__rosidl_typesupport_fastrtps_c.so" to ""
[7.430s] -- Up-to-date: /home/mustafa/Documents/GitHub/MCRL-SPIDER/install/hexapod_msgs/include/hexapod_msgs/hexapod_msgs
[7.431s] -- Up-to-date: /home/mustafa/Documents/GitHub/MCRL-SPIDER/install/hexapod_msgs/include/hexapod_msgs/hexapod_msgs/msg
[7.431s] -- Installing: /home/mustafa/Documents/GitHub/MCRL-SPIDER/install/hexapod_msgs/include/hexapod_msgs/hexapod_msgs/msg/rpy.hpp
[7.431s] -- Installing: /home/mustafa/Documents/GitHub/MCRL-SPIDER/install/hexapod_msgs/include/hexapod_msgs/hexapod_msgs/msg/pose.hpp
[7.431s] -- Installing: /home/mustafa/Documents/GitHub/MCRL-SPIDER/install/hexapod_msgs/include/hexapod_msgs/hexapod_msgs/msg/legs_joints.hpp
[7.431s] -- Up-to-date: /home/mustafa/Documents/GitHub/MCRL-SPIDER/install/hexapod_msgs/include/hexapod_msgs/hexapod_msgs/msg/detail
[7.431s] -- Installing: /home/mustafa/Documents/GitHub/MCRL-SPIDER/install/hexapod_msgs/include/hexapod_msgs/hexapod_msgs/msg/detail/feet_positions__struct.hpp
[7.431s] -- Installing: /home/mustafa/Documents/GitHub/MCRL-SPIDER/install/hexapod_msgs/include/hexapod_msgs/hexapod_msgs/msg/detail/pose__traits.hpp
[7.431s] -- Installing: /home/mustafa/Documents/GitHub/MCRL-SPIDER/install/hexapod_msgs/include/hexapod_msgs/hexapod_msgs/msg/detail/legs_joints__builder.hpp
[7.431s] -- Installing: /home/mustafa/Documents/GitHub/MCRL-SPIDER/install/hexapod_msgs/include/hexapod_msgs/hexapod_msgs/msg/detail/rpy__struct.hpp
[7.431s] -- Installing: /home/mustafa/Documents/GitHub/MCRL-SPIDER/install/hexapod_msgs/include/hexapod_msgs/hexapod_msgs/msg/detail/leg_joints__builder.hpp
[7.432s] -- Installing: /home/mustafa/Documents/GitHub/MCRL-SPIDER/install/hexapod_msgs/include/hexapod_msgs/hexapod_msgs/msg/detail/legs_joints__traits.hpp
[7.432s] -- Installing: /home/mustafa/Documents/GitHub/MCRL-SPIDER/install/hexapod_msgs/include/hexapod_msgs/hexapod_msgs/msg/detail/pose__struct.hpp
[7.432s] -- Installing: /home/mustafa/Documents/GitHub/MCRL-SPIDER/install/hexapod_msgs/include/hexapod_msgs/hexapod_msgs/msg/detail/rpy__traits.hpp
[7.432s] -- Installing: /home/mustafa/Documents/GitHub/MCRL-SPIDER/install/hexapod_msgs/include/hexapod_msgs/hexapod_msgs/msg/detail/leg_joints__struct.hpp
[7.432s] -- Installing: /home/mustafa/Documents/GitHub/MCRL-SPIDER/install/hexapod_msgs/include/hexapod_msgs/hexapod_msgs/msg/detail/pose__builder.hpp
[7.432s] -- Installing: /home/mustafa/Documents/GitHub/MCRL-SPIDER/install/hexapod_msgs/include/hexapod_msgs/hexapod_msgs/msg/detail/feet_positions__traits.hpp
[7.432s] -- Installing: /home/mustafa/Documents/GitHub/MCRL-SPIDER/install/hexapod_msgs/include/hexapod_msgs/hexapod_msgs/msg/detail/feet_positions__builder.hpp
[7.432s] -- Installing: /home/mustafa/Documents/GitHub/MCRL-SPIDER/install/hexapod_msgs/include/hexapod_msgs/hexapod_msgs/msg/detail/rpy__builder.hpp
[7.432s] -- Installing: /home/mustafa/Documents/GitHub/MCRL-SPIDER/install/hexapod_msgs/include/hexapod_msgs/hexapod_msgs/msg/detail/leg_joints__traits.hpp
[7.432s] -- Installing: /home/mustafa/Documents/GitHub/MCRL-SPIDER/install/hexapod_msgs/include/hexapod_msgs/hexapod_msgs/msg/detail/legs_joints__struct.hpp
[7.432s] -- Installing: /home/mustafa/Documents/GitHub/MCRL-SPIDER/install/hexapod_msgs/include/hexapod_msgs/hexapod_msgs/msg/feet_positions.hpp
[7.432s] -- Installing: /home/mustafa/Documents/GitHub/MCRL-SPIDER/install/hexapod_msgs/include/hexapod_msgs/hexapod_msgs/msg/leg_joints.hpp
[7.432s] -- Up-to-date: /home/mustafa/Documents/GitHub/MCRL-SPIDER/install/hexapod_msgs/include/hexapod_msgs/hexapod_msgs
[7.433s] -- Up-to-date: /home/mustafa/Documents/GitHub/MCRL-SPIDER/install/hexapod_msgs/include/hexapod_msgs/hexapod_msgs/msg
[7.433s] -- Installing: /home/mustafa/Documents/GitHub/MCRL-SPIDER/install/hexapod_msgs/include/hexapod_msgs/hexapod_msgs/msg/rosidl_typesupport_fastrtps_cpp__visibility_control.h
[7.433s] -- Up-to-date: /home/mustafa/Documents/GitHub/MCRL-SPIDER/install/hexapod_msgs/include/hexapod_msgs/hexapod_msgs/msg/detail
[7.433s] -- Installing: /home/mustafa/Documents/GitHub/MCRL-SPIDER/install/hexapod_msgs/include/hexapod_msgs/hexapod_msgs/msg/detail/feet_positions__rosidl_typesupport_fastrtps_cpp.hpp
[7.433s] -- Installing: /home/mustafa/Documents/GitHub/MCRL-SPIDER/install/hexapod_msgs/include/hexapod_msgs/hexapod_msgs/msg/detail/dds_fastrtps
[7.433s] -- Installing: /home/mustafa/Documents/GitHub/MCRL-SPIDER/install/hexapod_msgs/include/hexapod_msgs/hexapod_msgs/msg/detail/leg_joints__rosidl_typesupport_fastrtps_cpp.hpp
[7.433s] -- Installing: /home/mustafa/Documents/GitHub/MCRL-SPIDER/install/hexapod_msgs/include/hexapod_msgs/hexapod_msgs/msg/detail/pose__rosidl_typesupport_fastrtps_cpp.hpp
[7.433s] -- Installing: /home/mustafa/Documents/GitHub/MCRL-SPIDER/install/hexapod_msgs/include/hexapod_msgs/hexapod_msgs/msg/detail/rpy__rosidl_typesupport_fastrtps_cpp.hpp
[7.433s] -- Installing: /home/mustafa/Documents/GitHub/MCRL-SPIDER/install/hexapod_msgs/include/hexapod_msgs/hexapod_msgs/msg/detail/legs_joints__rosidl_typesupport_fastrtps_cpp.hpp
[7.433s] -- Installing: /home/mustafa/Documents/GitHub/MCRL-SPIDER/install/hexapod_msgs/lib/libhexapod_msgs__rosidl_typesupport_fastrtps_cpp.so
[7.433s] -- Set runtime path of "/home/mustafa/Documents/GitHub/MCRL-SPIDER/install/hexapod_msgs/lib/libhexapod_msgs__rosidl_typesupport_fastrtps_cpp.so" to ""
[7.433s] -- Up-to-date: /home/mustafa/Documents/GitHub/MCRL-SPIDER/install/hexapod_msgs/include/hexapod_msgs/hexapod_msgs
[7.434s] -- Up-to-date: /home/mustafa/Documents/GitHub/MCRL-SPIDER/install/hexapod_msgs/include/hexapod_msgs/hexapod_msgs/msg
[7.434s] -- Up-to-date: /home/mustafa/Documents/GitHub/MCRL-SPIDER/install/hexapod_msgs/include/hexapod_msgs/hexapod_msgs/msg/detail
[7.434s] -- Installing: /home/mustafa/Documents/GitHub/MCRL-SPIDER/install/hexapod_msgs/include/hexapod_msgs/hexapod_msgs/msg/detail/legs_joints__rosidl_typesupport_introspection_c.h
[7.434s] -- Installing: /home/mustafa/Documents/GitHub/MCRL-SPIDER/install/hexapod_msgs/include/hexapod_msgs/hexapod_msgs/msg/detail/leg_joints__type_support.c
[7.434s] -- Installing: /home/mustafa/Documents/GitHub/MCRL-SPIDER/install/hexapod_msgs/include/hexapod_msgs/hexapod_msgs/msg/detail/feet_positions__type_support.c
[7.434s] -- Installing: /home/mustafa/Documents/GitHub/MCRL-SPIDER/install/hexapod_msgs/include/hexapod_msgs/hexapod_msgs/msg/detail/rpy__rosidl_typesupport_introspection_c.h
[7.434s] -- Installing: /home/mustafa/Documents/GitHub/MCRL-SPIDER/install/hexapod_msgs/include/hexapod_msgs/hexapod_msgs/msg/detail/pose__type_support.c
[7.434s] -- Installing: /home/mustafa/Documents/GitHub/MCRL-SPIDER/install/hexapod_msgs/include/hexapod_msgs/hexapod_msgs/msg/detail/rpy__type_support.c
[7.434s] -- Installing: /home/mustafa/Documents/GitHub/MCRL-SPIDER/install/hexapod_msgs/include/hexapod_msgs/hexapod_msgs/msg/detail/legs_joints__type_support.c
[7.434s] -- Installing: /home/mustafa/Documents/GitHub/MCRL-SPIDER/install/hexapod_msgs/include/hexapod_msgs/hexapod_msgs/msg/detail/feet_positions__rosidl_typesupport_introspection_c.h
[7.434s] -- Installing: /home/mustafa/Documents/GitHub/MCRL-SPIDER/install/hexapod_msgs/include/hexapod_msgs/hexapod_msgs/msg/detail/leg_joints__rosidl_typesupport_introspection_c.h
[7.434s] -- Installing: /home/mustafa/Documents/GitHub/MCRL-SPIDER/install/hexapod_msgs/include/hexapod_msgs/hexapod_msgs/msg/detail/pose__rosidl_typesupport_introspection_c.h
[7.435s] -- Installing: /home/mustafa/Documents/GitHub/MCRL-SPIDER/install/hexapod_msgs/include/hexapod_msgs/hexapod_msgs/msg/rosidl_typesupport_introspection_c__visibility_control.h
[7.435s] -- Installing: /home/mustafa/Documents/GitHub/MCRL-SPIDER/install/hexapod_msgs/lib/libhexapod_msgs__rosidl_typesupport_introspection_c.so
[7.435s] -- Set runtime path of "/home/mustafa/Documents/GitHub/MCRL-SPIDER/install/hexapod_msgs/lib/libhexapod_msgs__rosidl_typesupport_introspection_c.so" to ""
[7.435s] -- Installing: /home/mustafa/Documents/GitHub/MCRL-SPIDER/install/hexapod_msgs/lib/libhexapod_msgs__rosidl_typesupport_c.so
[7.435s] -- Set runtime path of "/home/mustafa/Documents/GitHub/MCRL-SPIDER/install/hexapod_msgs/lib/libhexapod_msgs__rosidl_typesupport_c.so" to ""
[7.435s] -- Up-to-date: /home/mustafa/Documents/GitHub/MCRL-SPIDER/install/hexapod_msgs/include/hexapod_msgs/hexapod_msgs
[7.435s] -- Up-to-date: /home/mustafa/Documents/GitHub/MCRL-SPIDER/install/hexapod_msgs/include/hexapod_msgs/hexapod_msgs/msg
[7.436s] -- Up-to-date: /home/mustafa/Documents/GitHub/MCRL-SPIDER/install/hexapod_msgs/include/hexapod_msgs/hexapod_msgs/msg/detail
[7.436s] -- Installing: /home/mustafa/Documents/GitHub/MCRL-SPIDER/install/hexapod_msgs/include/hexapod_msgs/hexapod_msgs/msg/detail/leg_joints__rosidl_typesupport_introspection_cpp.hpp
[7.436s] -- Installing: /home/mustafa/Documents/GitHub/MCRL-SPIDER/install/hexapod_msgs/include/hexapod_msgs/hexapod_msgs/msg/detail/pose__type_support.cpp
[7.436s] -- Installing: /home/mustafa/Documents/GitHub/MCRL-SPIDER/install/hexapod_msgs/include/hexapod_msgs/hexapod_msgs/msg/detail/feet_positions__rosidl_typesupport_introspection_cpp.hpp
[7.436s] -- Installing: /home/mustafa/Documents/GitHub/MCRL-SPIDER/install/hexapod_msgs/include/hexapod_msgs/hexapod_msgs/msg/detail/feet_positions__type_support.cpp
[7.436s] -- Installing: /home/mustafa/Documents/GitHub/MCRL-SPIDER/install/hexapod_msgs/include/hexapod_msgs/hexapod_msgs/msg/detail/legs_joints__type_support.cpp
[7.436s] -- Installing: /home/mustafa/Documents/GitHub/MCRL-SPIDER/install/hexapod_msgs/include/hexapod_msgs/hexapod_msgs/msg/detail/legs_joints__rosidl_typesupport_introspection_cpp.hpp
[7.436s] -- Installing: /home/mustafa/Documents/GitHub/MCRL-SPIDER/install/hexapod_msgs/include/hexapod_msgs/hexapod_msgs/msg/detail/rpy__rosidl_typesupport_introspection_cpp.hpp
[7.437s] -- Installing: /home/mustafa/Documents/GitHub/MCRL-SPIDER/install/hexapod_msgs/include/hexapod_msgs/hexapod_msgs/msg/detail/pose__rosidl_typesupport_introspection_cpp.hpp
[7.437s] -- Installing: /home/mustafa/Documents/GitHub/MCRL-SPIDER/install/hexapod_msgs/include/hexapod_msgs/hexapod_msgs/msg/detail/leg_joints__type_support.cpp
[7.437s] -- Installing: /home/mustafa/Documents/GitHub/MCRL-SPIDER/install/hexapod_msgs/include/hexapod_msgs/hexapod_msgs/msg/detail/rpy__type_support.cpp
[7.437s] -- Installing: /home/mustafa/Documents/GitHub/MCRL-SPIDER/install/hexapod_msgs/lib/libhexapod_msgs__rosidl_typesupport_introspection_cpp.so
[7.437s] -- Set runtime path of "/home/mustafa/Documents/GitHub/MCRL-SPIDER/install/hexapod_msgs/lib/libhexapod_msgs__rosidl_typesupport_introspection_cpp.so" to ""
[7.437s] -- Installing: /home/mustafa/Documents/GitHub/MCRL-SPIDER/install/hexapod_msgs/lib/libhexapod_msgs__rosidl_typesupport_cpp.so
[7.437s] -- Set runtime path of "/home/mustafa/Documents/GitHub/MCRL-SPIDER/install/hexapod_msgs/lib/libhexapod_msgs__rosidl_typesupport_cpp.so" to ""
[7.437s] -- Installing: /home/mustafa/Documents/GitHub/MCRL-SPIDER/install/hexapod_msgs/share/hexapod_msgs/environment/pythonpath.sh
[7.437s] -- Installing: /home/mustafa/Documents/GitHub/MCRL-SPIDER/install/hexapod_msgs/share/hexapod_msgs/environment/pythonpath.dsv
[7.438s] -- Installing: /home/mustafa/Documents/GitHub/MCRL-SPIDER/install/hexapod_msgs/local/lib/python3.10/dist-packages/hexapod_msgs-0.0.0-py3.10.egg-info
[7.438s] -- Installing: /home/mustafa/Documents/GitHub/MCRL-SPIDER/install/hexapod_msgs/local/lib/python3.10/dist-packages/hexapod_msgs-0.0.0-py3.10.egg-info/dependency_links.txt
[7.438s] -- Installing: /home/mustafa/Documents/GitHub/MCRL-SPIDER/install/hexapod_msgs/local/lib/python3.10/dist-packages/hexapod_msgs-0.0.0-py3.10.egg-info/SOURCES.txt
[7.438s] -- Installing: /home/mustafa/Documents/GitHub/MCRL-SPIDER/install/hexapod_msgs/local/lib/python3.10/dist-packages/hexapod_msgs-0.0.0-py3.10.egg-info/PKG-INFO
[7.438s] -- Installing: /home/mustafa/Documents/GitHub/MCRL-SPIDER/install/hexapod_msgs/local/lib/python3.10/dist-packages/hexapod_msgs-0.0.0-py3.10.egg-info/top_level.txt
[7.438s] -- Installing: /home/mustafa/Documents/GitHub/MCRL-SPIDER/install/hexapod_msgs/local/lib/python3.10/dist-packages/hexapod_msgs
[7.438s] -- Installing: /home/mustafa/Documents/GitHub/MCRL-SPIDER/install/hexapod_msgs/local/lib/python3.10/dist-packages/hexapod_msgs/_hexapod_msgs_s.ep.rosidl_typesupport_fastrtps_c.c
[7.438s] -- Installing: /home/mustafa/Documents/GitHub/MCRL-SPIDER/install/hexapod_msgs/local/lib/python3.10/dist-packages/hexapod_msgs/hexapod_msgs_s__rosidl_typesupport_fastrtps_c.cpython-310-x86_64-linux-gnu.so
[7.438s] -- Installing: /home/mustafa/Documents/GitHub/MCRL-SPIDER/install/hexapod_msgs/local/lib/python3.10/dist-packages/hexapod_msgs/__init__.py
[7.438s] -- Installing: /home/mustafa/Documents/GitHub/MCRL-SPIDER/install/hexapod_msgs/local/lib/python3.10/dist-packages/hexapod_msgs/libhexapod_msgs__rosidl_generator_py.so
[7.438s] -- Installing: /home/mustafa/Documents/GitHub/MCRL-SPIDER/install/hexapod_msgs/local/lib/python3.10/dist-packages/hexapod_msgs/_hexapod_msgs_s.ep.rosidl_typesupport_c.c
[7.439s] -- Installing: /home/mustafa/Documents/GitHub/MCRL-SPIDER/install/hexapod_msgs/local/lib/python3.10/dist-packages/hexapod_msgs/msg
[7.439s] -- Installing: /home/mustafa/Documents/GitHub/MCRL-SPIDER/install/hexapod_msgs/local/lib/python3.10/dist-packages/hexapod_msgs/msg/_rpy.py
[7.439s] -- Installing: /home/mustafa/Documents/GitHub/MCRL-SPIDER/install/hexapod_msgs/local/lib/python3.10/dist-packages/hexapod_msgs/msg/__init__.py
[7.439s] -- Installing: /home/mustafa/Documents/GitHub/MCRL-SPIDER/install/hexapod_msgs/local/lib/python3.10/dist-packages/hexapod_msgs/msg/_feet_positions_s.c
[7.439s] -- Installing: /home/mustafa/Documents/GitHub/MCRL-SPIDER/install/hexapod_msgs/local/lib/python3.10/dist-packages/hexapod_msgs/msg/_legs_joints.py
[7.439s] -- Installing: /home/mustafa/Documents/GitHub/MCRL-SPIDER/install/hexapod_msgs/local/lib/python3.10/dist-packages/hexapod_msgs/msg/_pose_s.c
[7.439s] -- Installing: /home/mustafa/Documents/GitHub/MCRL-SPIDER/install/hexapod_msgs/local/lib/python3.10/dist-packages/hexapod_msgs/msg/_leg_joints_s.c
[7.439s] -- Installing: /home/mustafa/Documents/GitHub/MCRL-SPIDER/install/hexapod_msgs/local/lib/python3.10/dist-packages/hexapod_msgs/msg/_feet_positions.py
[7.439s] -- Installing: /home/mustafa/Documents/GitHub/MCRL-SPIDER/install/hexapod_msgs/local/lib/python3.10/dist-packages/hexapod_msgs/msg/_legs_joints_s.c
[7.439s] -- Installing: /home/mustafa/Documents/GitHub/MCRL-SPIDER/install/hexapod_msgs/local/lib/python3.10/dist-packages/hexapod_msgs/msg/_leg_joints.py
[7.440s] -- Installing: /home/mustafa/Documents/GitHub/MCRL-SPIDER/install/hexapod_msgs/local/lib/python3.10/dist-packages/hexapod_msgs/msg/_rpy_s.c
[7.440s] -- Installing: /home/mustafa/Documents/GitHub/MCRL-SPIDER/install/hexapod_msgs/local/lib/python3.10/dist-packages/hexapod_msgs/msg/_pose.py
[7.440s] -- Installing: /home/mustafa/Documents/GitHub/MCRL-SPIDER/install/hexapod_msgs/local/lib/python3.10/dist-packages/hexapod_msgs/hexapod_msgs_s__rosidl_typesupport_introspection_c.cpython-310-x86_64-linux-gnu.so
[7.440s] -- Installing: /home/mustafa/Documents/GitHub/MCRL-SPIDER/install/hexapod_msgs/local/lib/python3.10/dist-packages/hexapod_msgs/hexapod_msgs_s__rosidl_typesupport_c.cpython-310-x86_64-linux-gnu.so
[7.440s] -- Installing: /home/mustafa/Documents/GitHub/MCRL-SPIDER/install/hexapod_msgs/local/lib/python3.10/dist-packages/hexapod_msgs/_hexapod_msgs_s.ep.rosidl_typesupport_introspection_c.c
[7.474s] Listing '/home/mustafa/Documents/GitHub/MCRL-SPIDER/install/hexapod_msgs/local/lib/python3.10/dist-packages/hexapod_msgs'...
[7.474s] Compiling '/home/mustafa/Documents/GitHub/MCRL-SPIDER/install/hexapod_msgs/local/lib/python3.10/dist-packages/hexapod_msgs/__init__.py'...
[7.474s] Listing '/home/mustafa/Documents/GitHub/MCRL-SPIDER/install/hexapod_msgs/local/lib/python3.10/dist-packages/hexapod_msgs/msg'...
[7.474s] Compiling '/home/mustafa/Documents/GitHub/MCRL-SPIDER/install/hexapod_msgs/local/lib/python3.10/dist-packages/hexapod_msgs/msg/__init__.py'...
[7.474s] Compiling '/home/mustafa/Documents/GitHub/MCRL-SPIDER/install/hexapod_msgs/local/lib/python3.10/dist-packages/hexapod_msgs/msg/_feet_positions.py'...
[7.474s] Compiling '/home/mustafa/Documents/GitHub/MCRL-SPIDER/install/hexapod_msgs/local/lib/python3.10/dist-packages/hexapod_msgs/msg/_leg_joints.py'...
[7.474s] Compiling '/home/mustafa/Documents/GitHub/MCRL-SPIDER/install/hexapod_msgs/local/lib/python3.10/dist-packages/hexapod_msgs/msg/_legs_joints.py'...
[7.474s] Compiling '/home/mustafa/Documents/GitHub/MCRL-SPIDER/install/hexapod_msgs/local/lib/python3.10/dist-packages/hexapod_msgs/msg/_pose.py'...
[7.474s] Compiling '/home/mustafa/Documents/GitHub/MCRL-SPIDER/install/hexapod_msgs/local/lib/python3.10/dist-packages/hexapod_msgs/msg/_rpy.py'...
[7.480s] -- Installing: /home/mustafa/Documents/GitHub/MCRL-SPIDER/install/hexapod_msgs/local/lib/python3.10/dist-packages/hexapod_msgs/hexapod_msgs_s__rosidl_typesupport_fastrtps_c.cpython-310-x86_64-linux-gnu.so
[7.480s] -- Set runtime path of "/home/mustafa/Documents/GitHub/MCRL-SPIDER/install/hexapod_msgs/local/lib/python3.10/dist-packages/hexapod_msgs/hexapod_msgs_s__rosidl_typesupport_fastrtps_c.cpython-310-x86_64-linux-gnu.so" to ""
[7.480s] -- Installing: /home/mustafa/Documents/GitHub/MCRL-SPIDER/install/hexapod_msgs/local/lib/python3.10/dist-packages/hexapod_msgs/hexapod_msgs_s__rosidl_typesupport_introspection_c.cpython-310-x86_64-linux-gnu.so
[7.480s] -- Set runtime path of "/home/mustafa/Documents/GitHub/MCRL-SPIDER/install/hexapod_msgs/local/lib/python3.10/dist-packages/hexapod_msgs/hexapod_msgs_s__rosidl_typesupport_introspection_c.cpython-310-x86_64-linux-gnu.so" to ""
[7.481s] -- Installing: /home/mustafa/Documents/GitHub/MCRL-SPIDER/install/hexapod_msgs/local/lib/python3.10/dist-packages/hexapod_msgs/hexapod_msgs_s__rosidl_typesupport_c.cpython-310-x86_64-linux-gnu.so
[7.481s] -- Set runtime path of "/home/mustafa/Documents/GitHub/MCRL-SPIDER/install/hexapod_msgs/local/lib/python3.10/dist-packages/hexapod_msgs/hexapod_msgs_s__rosidl_typesupport_c.cpython-310-x86_64-linux-gnu.so" to ""
[7.481s] -- Installing: /home/mustafa/Documents/GitHub/MCRL-SPIDER/install/hexapod_msgs/lib/libhexapod_msgs__rosidl_generator_py.so
[7.481s] -- Set runtime path of "/home/mustafa/Documents/GitHub/MCRL-SPIDER/install/hexapod_msgs/lib/libhexapod_msgs__rosidl_generator_py.so" to ""
[7.481s] -- Installing: /home/mustafa/Documents/GitHub/MCRL-SPIDER/install/hexapod_msgs/share/hexapod_msgs/msg/FeetPositions.idl
[7.481s] -- Installing: /home/mustafa/Documents/GitHub/MCRL-SPIDER/install/hexapod_msgs/share/hexapod_msgs/msg/LegJoints.idl
[7.482s] -- Installing: /home/mustafa/Documents/GitHub/MCRL-SPIDER/install/hexapod_msgs/share/hexapod_msgs/msg/LegsJoints.idl
[7.482s] -- Installing: /home/mustafa/Documents/GitHub/MCRL-SPIDER/install/hexapod_msgs/share/hexapod_msgs/msg/Pose.idl
[7.482s] -- Installing: /home/mustafa/Documents/GitHub/MCRL-SPIDER/install/hexapod_msgs/share/hexapod_msgs/msg/RPY.idl
[7.482s] -- Installing: /home/mustafa/Documents/GitHub/MCRL-SPIDER/install/hexapod_msgs/share/hexapod_msgs/msg/FeetPositions.msg
[7.482s] -- Installing: /home/mustafa/Documents/GitHub/MCRL-SPIDER/install/hexapod_msgs/share/hexapod_msgs/msg/LegJoints.msg
[7.482s] -- Installing: /home/mustafa/Documents/GitHub/MCRL-SPIDER/install/hexapod_msgs/share/hexapod_msgs/msg/LegsJoints.msg
[7.482s] -- Installing: /home/mustafa/Documents/GitHub/MCRL-SPIDER/install/hexapod_msgs/share/hexapod_msgs/msg/Pose.msg
[7.482s] -- Installing: /home/mustafa/Documents/GitHub/MCRL-SPIDER/install/hexapod_msgs/share/hexapod_msgs/msg/RPY.msg
[7.483s] -- Installing: /home/mustafa/Documents/GitHub/MCRL-SPIDER/install/hexapod_msgs/share/ament_index/resource_index/package_run_dependencies/hexapod_msgs
[7.483s] -- Installing: /home/mustafa/Documents/GitHub/MCRL-SPIDER/install/hexapod_msgs/share/ament_index/resource_index/parent_prefix_path/hexapod_msgs
[7.483s] -- Installing: /home/mustafa/Documents/GitHub/MCRL-SPIDER/install/hexapod_msgs/share/hexapod_msgs/environment/ament_prefix_path.sh
[7.483s] -- Installing: /home/mustafa/Documents/GitHub/MCRL-SPIDER/install/hexapod_msgs/share/hexapod_msgs/environment/ament_prefix_path.dsv
[7.483s] -- Installing: /home/mustafa/Documents/GitHub/MCRL-SPIDER/install/hexapod_msgs/share/hexapod_msgs/environment/path.sh
[7.483s] -- Installing: /home/mustafa/Documents/GitHub/MCRL-SPIDER/install/hexapod_msgs/share/hexapod_msgs/environment/path.dsv
[7.483s] -- Installing: /home/mustafa/Documents/GitHub/MCRL-SPIDER/install/hexapod_msgs/share/hexapod_msgs/local_setup.bash
[7.483s] -- Installing: /home/mustafa/Documents/GitHub/MCRL-SPIDER/install/hexapod_msgs/share/hexapod_msgs/local_setup.sh
[7.483s] -- Installing: /home/mustafa/Documents/GitHub/MCRL-SPIDER/install/hexapod_msgs/share/hexapod_msgs/local_setup.zsh
[7.484s] -- Installing: /home/mustafa/Documents/GitHub/MCRL-SPIDER/install/hexapod_msgs/share/hexapod_msgs/local_setup.dsv
[7.484s] -- Installing: /home/mustafa/Documents/GitHub/MCRL-SPIDER/install/hexapod_msgs/share/hexapod_msgs/package.dsv
[7.484s] -- Installing: /home/mustafa/Documents/GitHub/MCRL-SPIDER/install/hexapod_msgs/share/ament_index/resource_index/packages/hexapod_msgs
[7.484s] -- Installing: /home/mustafa/Documents/GitHub/MCRL-SPIDER/install/hexapod_msgs/share/hexapod_msgs/cmake/export_hexapod_msgs__rosidl_generator_cExport.cmake
[7.484s] -- Installing: /home/mustafa/Documents/GitHub/MCRL-SPIDER/install/hexapod_msgs/share/hexapod_msgs/cmake/export_hexapod_msgs__rosidl_generator_cExport-noconfig.cmake
[7.484s] -- Installing: /home/mustafa/Documents/GitHub/MCRL-SPIDER/install/hexapod_msgs/share/hexapod_msgs/cmake/export_hexapod_msgs__rosidl_typesupport_fastrtps_cExport.cmake
[7.484s] -- Installing: /home/mustafa/Documents/GitHub/MCRL-SPIDER/install/hexapod_msgs/share/hexapod_msgs/cmake/export_hexapod_msgs__rosidl_typesupport_fastrtps_cExport-noconfig.cmake
[7.484s] -- Installing: /home/mustafa/Documents/GitHub/MCRL-SPIDER/install/hexapod_msgs/share/hexapod_msgs/cmake/export_hexapod_msgs__rosidl_generator_cppExport.cmake
[7.485s] -- Installing: /home/mustafa/Documents/GitHub/MCRL-SPIDER/install/hexapod_msgs/share/hexapod_msgs/cmake/export_hexapod_msgs__rosidl_typesupport_fastrtps_cppExport.cmake
[7.485s] -- Installing: /home/mustafa/Documents/GitHub/MCRL-SPIDER/install/hexapod_msgs/share/hexapod_msgs/cmake/export_hexapod_msgs__rosidl_typesupport_fastrtps_cppExport-noconfig.cmake
[7.485s] -- Installing: /home/mustafa/Documents/GitHub/MCRL-SPIDER/install/hexapod_msgs/share/hexapod_msgs/cmake/hexapod_msgs__rosidl_typesupport_introspection_cExport.cmake
[7.485s] -- Installing: /home/mustafa/Documents/GitHub/MCRL-SPIDER/install/hexapod_msgs/share/hexapod_msgs/cmake/hexapod_msgs__rosidl_typesupport_introspection_cExport-noconfig.cmake
[7.485s] -- Installing: /home/mustafa/Documents/GitHub/MCRL-SPIDER/install/hexapod_msgs/share/hexapod_msgs/cmake/hexapod_msgs__rosidl_typesupport_cExport.cmake
[7.485s] -- Installing: /home/mustafa/Documents/GitHub/MCRL-SPIDER/install/hexapod_msgs/share/hexapod_msgs/cmake/hexapod_msgs__rosidl_typesupport_cExport-noconfig.cmake
[7.485s] -- Installing: /home/mustafa/Documents/GitHub/MCRL-SPIDER/install/hexapod_msgs/share/hexapod_msgs/cmake/hexapod_msgs__rosidl_typesupport_introspection_cppExport.cmake
[7.485s] -- Installing: /home/mustafa/Documents/GitHub/MCRL-SPIDER/install/hexapod_msgs/share/hexapod_msgs/cmake/hexapod_msgs__rosidl_typesupport_introspection_cppExport-noconfig.cmake
[7.486s] -- Installing: /home/mustafa/Documents/GitHub/MCRL-SPIDER/install/hexapod_msgs/share/hexapod_msgs/cmake/hexapod_msgs__rosidl_typesupport_cppExport.cmake
[7.486s] -- Installing: /home/mustafa/Documents/GitHub/MCRL-SPIDER/install/hexapod_msgs/share/hexapod_msgs/cmake/hexapod_msgs__rosidl_typesupport_cppExport-noconfig.cmake
[7.486s] -- Installing: /home/mustafa/Documents/GitHub/MCRL-SPIDER/install/hexapod_msgs/share/hexapod_msgs/cmake/export_hexapod_msgs__rosidl_generator_pyExport.cmake
[7.486s] -- Installing: /home/mustafa/Documents/GitHub/MCRL-SPIDER/install/hexapod_msgs/share/hexapod_msgs/cmake/export_hexapod_msgs__rosidl_generator_pyExport-noconfig.cmake
[7.486s] -- Installing: /home/mustafa/Documents/GitHub/MCRL-SPIDER/install/hexapod_msgs/share/hexapod_msgs/cmake/rosidl_cmake-extras.cmake
[7.486s] -- Installing: /home/mustafa/Documents/GitHub/MCRL-SPIDER/install/hexapod_msgs/share/hexapod_msgs/cmake/ament_cmake_export_dependencies-extras.cmake
[7.486s] -- Installing: /home/mustafa/Documents/GitHub/MCRL-SPIDER/install/hexapod_msgs/share/hexapod_msgs/cmake/ament_cmake_export_include_directories-extras.cmake
[7.486s] -- Installing: /home/mustafa/Documents/GitHub/MCRL-SPIDER/install/hexapod_msgs/share/hexapod_msgs/cmake/ament_cmake_export_libraries-extras.cmake
[7.487s] -- Installing: /home/mustafa/Documents/GitHub/MCRL-SPIDER/install/hexapod_msgs/share/hexapod_msgs/cmake/ament_cmake_export_targets-extras.cmake
[7.487s] -- Installing: /home/mustafa/Documents/GitHub/MCRL-SPIDER/install/hexapod_msgs/share/hexapod_msgs/cmake/rosidl_cmake_export_typesupport_targets-extras.cmake
[7.487s] -- Installing: /home/mustafa/Documents/GitHub/MCRL-SPIDER/install/hexapod_msgs/share/hexapod_msgs/cmake/rosidl_cmake_export_typesupport_libraries-extras.cmake
[7.487s] -- Installing: /home/mustafa/Documents/GitHub/MCRL-SPIDER/install/hexapod_msgs/share/hexapod_msgs/cmake/hexapod_msgsConfig.cmake
[7.487s] -- Installing: /home/mustafa/Documents/GitHub/MCRL-SPIDER/install/hexapod_msgs/share/hexapod_msgs/cmake/hexapod_msgsConfig-version.cmake
[7.487s] -- Installing: /home/mustafa/Documents/GitHub/MCRL-SPIDER/install/hexapod_msgs/share/hexapod_msgs/package.xml
[7.489s] Invoked command in '/home/mustafa/Documents/GitHub/MCRL-SPIDER/build/hexapod_msgs' returned '0': CMAKE_PREFIX_PATH=/opt/ros/humble /usr/bin/cmake --install /home/mustafa/Documents/GitHub/MCRL-SPIDER/build/hexapod_msgs
