-- The C compiler identification is GNU 11.3.0
-- The CXX compiler identification is GNU 11.3.0
-- Detecting C compiler ABI info
-- Detecting C compiler ABI info - done
-- Check for working C compiler: /usr/bin/cc - skipped
-- Detecting C compile features
-- Detecting C compile features - done
-- Detecting CXX compiler ABI info
-- Detecting CXX compiler ABI info - done
-- Check for working CXX compiler: /usr/bin/c++ - skipped
-- Detecting CXX compile features
-- Detecting CXX compile features - done
-- Found ament_cmake: 1.3.3 (/opt/ros/humble/share/ament_cmake/cmake)
-- Found Python3: /usr/bin/python3.10 (found version "3.10.6") found components: Interpreter 
-- Found rclcpp: 16.0.3 (/opt/ros/humble/share/rclcpp/cmake)
-- Found rosidl_generator_c: 3.1.4 (/opt/ros/humble/share/rosidl_generator_c/cmake)
-- Found rosidl_adapter: 3.1.4 (/opt/ros/humble/share/rosidl_adapter/cmake)
-- Found rosidl_generator_cpp: 3.1.4 (/opt/ros/humble/share/rosidl_generator_cpp/cmake)
-- Using all available rosidl_typesupport_c: rosidl_typesupport_fastrtps_c;rosidl_typesupport_introspection_c
-- Using all available rosidl_typesupport_cpp: rosidl_typesupport_fastrtps_cpp;rosidl_typesupport_introspection_cpp
-- Found rmw_implementation_cmake: 6.1.1 (/opt/ros/humble/share/rmw_implementation_cmake/cmake)
-- Found rmw_fastrtps_cpp: 6.2.2 (/opt/ros/humble/share/rmw_fastrtps_cpp/cmake)
-- Found OpenSSL: /usr/lib/x86_64-linux-gnu/libcrypto.so (found version "3.0.2")  
-- Found FastRTPS: /opt/ros/humble/include  
-- Using RMW implementation 'rmw_fastrtps_cpp' as default
-- Looking for pthread.h
-- Looking for pthread.h - found
-- Performing Test CMAKE_HAVE_LIBC_PTHREAD
-- Performing Test CMAKE_HAVE_LIBC_PTHREAD - Success
-- Found Threads: TRUE  
-- Found sensor_msgs: 4.2.3 (/opt/ros/humble/share/sensor_msgs/cmake)
-- Found hexapod_msgs: 0.0.0 (/home/mustafa/Documents/GitHub/MCRL-SPIDER/install/hexapod_msgs/share/hexapod_msgs/cmake)
-- Found dynamixel_sdk: 3.7.60 (/home/mustafa/Documents/GitHub/MCRL-SPIDER/install/dynamixel_sdk/share/dynamixel_sdk/cmake)
-- Found ament_lint_auto: 0.12.5 (/opt/ros/humble/share/ament_lint_auto/cmake)
-- Found ament_cmake_gtest: 1.3.3 (/opt/ros/humble/share/ament_cmake_gtest/cmake)
-- Found gtest sources under '/opt/ros/humble/src/gtest_vendor': C++ tests using 'Google Test' will be built
-- Added test 'copyright' to check source files copyright and LICENSE
-- Added test 'cppcheck' to perform static code analysis on C / C++ code
-- Configured cppcheck include dirs: /home/mustafa/Documents/GitHub/MCRL-SPIDER/Software/src/hexapod_control/include
-- Configured cppcheck exclude dirs and/or files: 
-- Added test 'cpplint' to check C / C++ code against the Google style
-- Configured cpplint exclude dirs and/or files: 
-- Added test 'lint_cmake' to check CMake code style
-- Added test 'uncrustify' to check C / C++ code style
-- Configured uncrustify additional arguments: 
-- Added test 'xmllint' to check XML markup files
-- Configuring done
-- Generating done
-- Build files have been written to: /home/mustafa/Documents/GitHub/MCRL-SPIDER/build/hexapod_control
[ 17%] [32mBuilding CXX object gtest/CMakeFiles/gtest_main.dir/src/gtest_main.cc.o[0m
[ 17%] [32mBuilding CXX object CMakeFiles/lib1.dir/src/motion_control.cpp.o[0m
[ 23%] [32mBuilding CXX object gtest/CMakeFiles/gtest.dir/src/gtest-all.cc.o[0m
[ 29%] [32mBuilding CXX object CMakeFiles/lib1.dir/src/servo_driver.cpp.o[0m
[ 29%] [32mBuilding CXX object CMakeFiles/lib1.dir/src/ik.cpp.o[0m
[ 35%] [32mBuilding CXX object CMakeFiles/lib1.dir/src/gait.cpp.o[0m
[ 41%] [32m[1mLinking CXX static library libgtest_main.a[0m
[ 41%] Built target gtest_main
[ 47%] [32m[1mLinking CXX static library libgtest.a[0m
[ 47%] Built target gtest
[ 52%] [32m[1mLinking CXX shared library liblib1.so[0m
[ 52%] Built target lib1
[ 88%] [32mBuilding CXX object CMakeFiles/hexapod_control_exe.dir/src/hexapod_controller.cpp.o[0m
[ 88%] [32mBuilding CXX object CMakeFiles/test_hexa.dir/test/test_motion.cpp.o[0m
[ 88%] [32mBuilding CXX object CMakeFiles/test_hexa.dir/test/gtest_main.cpp.o[0m
[ 88%] [32mBuilding CXX object CMakeFiles/test_hexa.dir/test/test_gait_turning.cpp.o[0m
[ 88%] [32mBuilding CXX object CMakeFiles/test_hexa.dir/test/test_gait.cpp.o[0m
[ 88%] [32mBuilding CXX object CMakeFiles/test_hexa.dir/test/test_ik.cpp.o[0m
[ 94%] [32m[1mLinking CXX executable test_hexa[0m
[ 94%] Built target test_hexa
[100%] [32m[1mLinking CXX executable hexapod_control_exe[0m
[100%] Built target hexapod_control_exe
-- Install configuration: ""
-- Installing: /home/mustafa/Documents/GitHub/MCRL-SPIDER/install/hexapod_control/lib/liblib1.so
-- Set runtime path of "/home/mustafa/Documents/GitHub/MCRL-SPIDER/install/hexapod_control/lib/liblib1.so" to ""
-- Installing: /home/mustafa/Documents/GitHub/MCRL-SPIDER/install/hexapod_control/lib/hexapod_control/hexapod_control_exe
-- Set runtime path of "/home/mustafa/Documents/GitHub/MCRL-SPIDER/install/hexapod_control/lib/hexapod_control/hexapod_control_exe" to ""
-- Installing: /home/mustafa/Documents/GitHub/MCRL-SPIDER/install/hexapod_control/share/hexapod_control/params
-- Installing: /home/mustafa/Documents/GitHub/MCRL-SPIDER/install/hexapod_control/share/hexapod_control/params/joystick.yaml
-- Installing: /home/mustafa/Documents/GitHub/MCRL-SPIDER/install/hexapod_control/share/hexapod_control/params/test_params.hpp
-- Installing: /home/mustafa/Documents/GitHub/MCRL-SPIDER/install/hexapod_control/share/hexapod_control/params/hexapod.yaml
-- Installing: /home/mustafa/Documents/GitHub/MCRL-SPIDER/install/hexapod_control/share/ament_index/resource_index/package_run_dependencies/hexapod_control
-- Installing: /home/mustafa/Documents/GitHub/MCRL-SPIDER/install/hexapod_control/share/ament_index/resource_index/parent_prefix_path/hexapod_control
-- Installing: /home/mustafa/Documents/GitHub/MCRL-SPIDER/install/hexapod_control/share/hexapod_control/environment/ament_prefix_path.sh
-- Installing: /home/mustafa/Documents/GitHub/MCRL-SPIDER/install/hexapod_control/share/hexapod_control/environment/ament_prefix_path.dsv
-- Installing: /home/mustafa/Documents/GitHub/MCRL-SPIDER/install/hexapod_control/share/hexapod_control/environment/path.sh
-- Installing: /home/mustafa/Documents/GitHub/MCRL-SPIDER/install/hexapod_control/share/hexapod_control/environment/path.dsv
-- Installing: /home/mustafa/Documents/GitHub/MCRL-SPIDER/install/hexapod_control/share/hexapod_control/local_setup.bash
-- Installing: /home/mustafa/Documents/GitHub/MCRL-SPIDER/install/hexapod_control/share/hexapod_control/local_setup.sh
-- Installing: /home/mustafa/Documents/GitHub/MCRL-SPIDER/install/hexapod_control/share/hexapod_control/local_setup.zsh
-- Installing: /home/mustafa/Documents/GitHub/MCRL-SPIDER/install/hexapod_control/share/hexapod_control/local_setup.dsv
-- Installing: /home/mustafa/Documents/GitHub/MCRL-SPIDER/install/hexapod_control/share/hexapod_control/package.dsv
-- Installing: /home/mustafa/Documents/GitHub/MCRL-SPIDER/install/hexapod_control/share/ament_index/resource_index/packages/hexapod_control
-- Installing: /home/mustafa/Documents/GitHub/MCRL-SPIDER/install/hexapod_control/share/hexapod_control/cmake/hexapod_controlConfig.cmake
-- Installing: /home/mustafa/Documents/GitHub/MCRL-SPIDER/install/hexapod_control/share/hexapod_control/cmake/hexapod_controlConfig-version.cmake
-- Installing: /home/mustafa/Documents/GitHub/MCRL-SPIDER/install/hexapod_control/share/hexapod_control/package.xml
