[0.013s] Invoking command in '/home/mustafa/Documents/GitHub/MCRL-SPIDER/build/hexapod_control': AMENT_PREFIX_PATH=/home/mustafa/Documents/GitHub/MCRL-SPIDER/install/hexapod_msgs:/home/mustafa/Documents/GitHub/MCRL-SPIDER/install/dynamixel_sdk:${AMENT_PREFIX_PATH} CMAKE_PREFIX_PATH=/home/mustafa/Documents/GitHub/MCRL-SPIDER/install/hexapod_msgs:/home/mustafa/Documents/GitHub/MCRL-SPIDER/install/dynamixel_sdk:/opt/ros/humble LD_LIBRARY_PATH=/home/mustafa/Documents/GitHub/MCRL-SPIDER/install/hexapod_msgs/lib:/home/mustafa/Documents/GitHub/MCRL-SPIDER/install/dynamixel_sdk/lib:${LD_LIBRARY_PATH} PYTHONPATH=/home/mustafa/Documents/GitHub/MCRL-SPIDER/install/hexapod_msgs/local/lib/python3.10/dist-packages:${PYTHONPATH} /usr/bin/cmake /home/mustafa/Documents/GitHub/MCRL-SPIDER/Software/src/hexapod_control -DCMAKE_INSTALL_PREFIX=/home/mustafa/Documents/GitHub/MCRL-SPIDER/install/hexapod_control
[0.069s] -- The C compiler identification is GNU 11.3.0
[0.116s] -- The CXX compiler identification is GNU 11.3.0
[0.124s] -- Detecting C compiler ABI info
[0.183s] -- Detecting C compiler ABI info - done
[0.192s] -- Check for working C compiler: /usr/bin/cc - skipped
[0.192s] -- Detecting C compile features
[0.193s] -- Detecting C compile features - done
[0.196s] -- Detecting CXX compiler ABI info
[0.264s] -- Detecting CXX compiler ABI info - done
[0.271s] -- Check for working CXX compiler: /usr/bin/c++ - skipped
[0.271s] -- Detecting CXX compile features
[0.271s] -- Detecting CXX compile features - done
[0.273s] -- Found ament_cmake: 1.3.3 (/opt/ros/humble/share/ament_cmake/cmake)
[0.427s] -- Found Python3: /usr/bin/python3.10 (found version "3.10.6") found components: Interpreter 
[0.518s] -- Found rclcpp: 16.0.3 (/opt/ros/humble/share/rclcpp/cmake)
[0.562s] -- Found rosidl_generator_c: 3.1.4 (/opt/ros/humble/share/rosidl_generator_c/cmake)
[0.566s] -- Found rosidl_adapter: 3.1.4 (/opt/ros/humble/share/rosidl_adapter/cmake)
[0.573s] -- Found rosidl_generator_cpp: 3.1.4 (/opt/ros/humble/share/rosidl_generator_cpp/cmake)
[0.587s] -- Using all available rosidl_typesupport_c: rosidl_typesupport_fastrtps_c;rosidl_typesupport_introspection_c
[0.605s] -- Using all available rosidl_typesupport_cpp: rosidl_typesupport_fastrtps_cpp;rosidl_typesupport_introspection_cpp
[0.692s] -- Found rmw_implementation_cmake: 6.1.1 (/opt/ros/humble/share/rmw_implementation_cmake/cmake)
[0.695s] -- Found rmw_fastrtps_cpp: 6.2.2 (/opt/ros/humble/share/rmw_fastrtps_cpp/cmake)
[0.800s] -- Found OpenSSL: /usr/lib/x86_64-linux-gnu/libcrypto.so (found version "3.0.2")  
[0.826s] -- Found FastRTPS: /opt/ros/humble/include  
[0.868s] -- Using RMW implementation 'rmw_fastrtps_cpp' as default
[0.883s] -- Looking for pthread.h
[0.938s] -- Looking for pthread.h - found
[0.938s] -- Performing Test CMAKE_HAVE_LIBC_PTHREAD
[0.998s] -- Performing Test CMAKE_HAVE_LIBC_PTHREAD - Success
[0.998s] -- Found Threads: TRUE  
[1.180s] -- Found sensor_msgs: 4.2.3 (/opt/ros/humble/share/sensor_msgs/cmake)
[1.310s] -- Found hexapod_msgs: 0.0.0 (/home/mustafa/Documents/GitHub/MCRL-SPIDER/install/hexapod_msgs/share/hexapod_msgs/cmake)
[1.376s] -- Found dynamixel_sdk: 3.7.60 (/home/mustafa/Documents/GitHub/MCRL-SPIDER/install/dynamixel_sdk/share/dynamixel_sdk/cmake)
[1.383s] -- Found ament_lint_auto: 0.12.5 (/opt/ros/humble/share/ament_lint_auto/cmake)
[1.459s] -- Found ament_cmake_gtest: 1.3.3 (/opt/ros/humble/share/ament_cmake_gtest/cmake)
[1.462s] -- Found gtest sources under '/opt/ros/humble/src/gtest_vendor': C++ tests using 'Google Test' will be built
[1.467s] -- Added test 'copyright' to check source files copyright and LICENSE
[1.469s] -- Added test 'cppcheck' to perform static code analysis on C / C++ code
[1.469s] -- Configured cppcheck include dirs: /home/mustafa/Documents/GitHub/MCRL-SPIDER/Software/src/hexapod_control/include
[1.469s] -- Configured cppcheck exclude dirs and/or files: 
[1.470s] -- Added test 'cpplint' to check C / C++ code against the Google style
[1.470s] -- Configured cpplint exclude dirs and/or files: 
[1.471s] -- Added test 'lint_cmake' to check CMake code style
[1.473s] -- Added test 'uncrustify' to check C / C++ code style
[1.473s] -- Configured uncrustify additional arguments: 
[1.473s] -- Added test 'xmllint' to check XML markup files
[1.474s] -- Configuring done
[1.494s] -- Generating done
[1.495s] -- Build files have been written to: /home/mustafa/Documents/GitHub/MCRL-SPIDER/build/hexapod_control
[1.505s] Invoked command in '/home/mustafa/Documents/GitHub/MCRL-SPIDER/build/hexapod_control' returned '0': AMENT_PREFIX_PATH=/home/mustafa/Documents/GitHub/MCRL-SPIDER/install/hexapod_msgs:/home/mustafa/Documents/GitHub/MCRL-SPIDER/install/dynamixel_sdk:${AMENT_PREFIX_PATH} CMAKE_PREFIX_PATH=/home/mustafa/Documents/GitHub/MCRL-SPIDER/install/hexapod_msgs:/home/mustafa/Documents/GitHub/MCRL-SPIDER/install/dynamixel_sdk:/opt/ros/humble LD_LIBRARY_PATH=/home/mustafa/Documents/GitHub/MCRL-SPIDER/install/hexapod_msgs/lib:/home/mustafa/Documents/GitHub/MCRL-SPIDER/install/dynamixel_sdk/lib:${LD_LIBRARY_PATH} PYTHONPATH=/home/mustafa/Documents/GitHub/MCRL-SPIDER/install/hexapod_msgs/local/lib/python3.10/dist-packages:${PYTHONPATH} /usr/bin/cmake /home/mustafa/Documents/GitHub/MCRL-SPIDER/Software/src/hexapod_control -DCMAKE_INSTALL_PREFIX=/home/mustafa/Documents/GitHub/MCRL-SPIDER/install/hexapod_control
[1.507s] Invoking command in '/home/mustafa/Documents/GitHub/MCRL-SPIDER/build/hexapod_control': AMENT_PREFIX_PATH=/home/mustafa/Documents/GitHub/MCRL-SPIDER/install/hexapod_msgs:/home/mustafa/Documents/GitHub/MCRL-SPIDER/install/dynamixel_sdk:${AMENT_PREFIX_PATH} CMAKE_PREFIX_PATH=/home/mustafa/Documents/GitHub/MCRL-SPIDER/install/hexapod_msgs:/home/mustafa/Documents/GitHub/MCRL-SPIDER/install/dynamixel_sdk:/opt/ros/humble LD_LIBRARY_PATH=/home/mustafa/Documents/GitHub/MCRL-SPIDER/install/hexapod_msgs/lib:/home/mustafa/Documents/GitHub/MCRL-SPIDER/install/dynamixel_sdk/lib:${LD_LIBRARY_PATH} PYTHONPATH=/home/mustafa/Documents/GitHub/MCRL-SPIDER/install/hexapod_msgs/local/lib/python3.10/dist-packages:${PYTHONPATH} /usr/bin/cmake --build /home/mustafa/Documents/GitHub/MCRL-SPIDER/build/hexapod_control -- -j16 -l16
[1.550s] [ 17%] [32mBuilding CXX object gtest/CMakeFiles/gtest_main.dir/src/gtest_main.cc.o[0m
[1.550s] [ 17%] [32mBuilding CXX object CMakeFiles/lib1.dir/src/motion_control.cpp.o[0m
[1.550s] [ 23%] [32mBuilding CXX object gtest/CMakeFiles/gtest.dir/src/gtest-all.cc.o[0m
[1.550s] [ 29%] [32mBuilding CXX object CMakeFiles/lib1.dir/src/servo_driver.cpp.o[0m
[1.550s] [ 29%] [32mBuilding CXX object CMakeFiles/lib1.dir/src/ik.cpp.o[0m
[1.552s] [ 35%] [32mBuilding CXX object CMakeFiles/lib1.dir/src/gait.cpp.o[0m
[3.129s] [ 41%] [32m[1mLinking CXX static library libgtest_main.a[0m
[3.177s] [ 41%] Built target gtest_main
[6.792s] [ 47%] [32m[1mLinking CXX static library libgtest.a[0m
[6.844s] [ 47%] Built target gtest
[7.111s] [ 52%] [32m[1mLinking CXX shared library liblib1.so[0m
[7.299s] [ 52%] Built target lib1
[7.320s] [ 88%] [32mBuilding CXX object CMakeFiles/hexapod_control_exe.dir/src/hexapod_controller.cpp.o[0m
[7.320s] [ 88%] [32mBuilding CXX object CMakeFiles/test_hexa.dir/test/test_motion.cpp.o[0m
[7.320s] [ 88%] [32mBuilding CXX object CMakeFiles/test_hexa.dir/test/gtest_main.cpp.o[0m
[7.320s] [ 88%] [32mBuilding CXX object CMakeFiles/test_hexa.dir/test/test_gait_turning.cpp.o[0m
[7.321s] [ 88%] [32mBuilding CXX object CMakeFiles/test_hexa.dir/test/test_gait.cpp.o[0m
[7.321s] [ 88%] [32mBuilding CXX object CMakeFiles/test_hexa.dir/test/test_ik.cpp.o[0m
[13.260s] [ 94%] [32m[1mLinking CXX executable test_hexa[0m
[13.482s] [ 94%] Built target test_hexa
[18.457s] [100%] [32m[1mLinking CXX executable hexapod_control_exe[0m
[18.873s] [100%] Built target hexapod_control_exe
[18.883s] Invoked command in '/home/mustafa/Documents/GitHub/MCRL-SPIDER/build/hexapod_control' returned '0': AMENT_PREFIX_PATH=/home/mustafa/Documents/GitHub/MCRL-SPIDER/install/hexapod_msgs:/home/mustafa/Documents/GitHub/MCRL-SPIDER/install/dynamixel_sdk:${AMENT_PREFIX_PATH} CMAKE_PREFIX_PATH=/home/mustafa/Documents/GitHub/MCRL-SPIDER/install/hexapod_msgs:/home/mustafa/Documents/GitHub/MCRL-SPIDER/install/dynamixel_sdk:/opt/ros/humble LD_LIBRARY_PATH=/home/mustafa/Documents/GitHub/MCRL-SPIDER/install/hexapod_msgs/lib:/home/mustafa/Documents/GitHub/MCRL-SPIDER/install/dynamixel_sdk/lib:${LD_LIBRARY_PATH} PYTHONPATH=/home/mustafa/Documents/GitHub/MCRL-SPIDER/install/hexapod_msgs/local/lib/python3.10/dist-packages:${PYTHONPATH} /usr/bin/cmake --build /home/mustafa/Documents/GitHub/MCRL-SPIDER/build/hexapod_control -- -j16 -l16
[18.916s] Invoking command in '/home/mustafa/Documents/GitHub/MCRL-SPIDER/build/hexapod_control': AMENT_PREFIX_PATH=/home/mustafa/Documents/GitHub/MCRL-SPIDER/install/hexapod_msgs:/home/mustafa/Documents/GitHub/MCRL-SPIDER/install/dynamixel_sdk:${AMENT_PREFIX_PATH} CMAKE_PREFIX_PATH=/home/mustafa/Documents/GitHub/MCRL-SPIDER/install/hexapod_msgs:/home/mustafa/Documents/GitHub/MCRL-SPIDER/install/dynamixel_sdk:/opt/ros/humble LD_LIBRARY_PATH=/home/mustafa/Documents/GitHub/MCRL-SPIDER/install/hexapod_msgs/lib:/home/mustafa/Documents/GitHub/MCRL-SPIDER/install/dynamixel_sdk/lib:${LD_LIBRARY_PATH} PYTHONPATH=/home/mustafa/Documents/GitHub/MCRL-SPIDER/install/hexapod_msgs/local/lib/python3.10/dist-packages:${PYTHONPATH} /usr/bin/cmake --install /home/mustafa/Documents/GitHub/MCRL-SPIDER/build/hexapod_control
[18.921s] -- Install configuration: ""
[18.921s] -- Installing: /home/mustafa/Documents/GitHub/MCRL-SPIDER/install/hexapod_control/lib/liblib1.so
[18.922s] -- Set runtime path of "/home/mustafa/Documents/GitHub/MCRL-SPIDER/install/hexapod_control/lib/liblib1.so" to ""
[18.922s] -- Installing: /home/mustafa/Documents/GitHub/MCRL-SPIDER/install/hexapod_control/lib/hexapod_control/hexapod_control_exe
[18.925s] -- Set runtime path of "/home/mustafa/Documents/GitHub/MCRL-SPIDER/install/hexapod_control/lib/hexapod_control/hexapod_control_exe" to ""
[18.925s] -- Installing: /home/mustafa/Documents/GitHub/MCRL-SPIDER/install/hexapod_control/share/hexapod_control/params
[18.925s] -- Installing: /home/mustafa/Documents/GitHub/MCRL-SPIDER/install/hexapod_control/share/hexapod_control/params/joystick.yaml
[18.926s] -- Installing: /home/mustafa/Documents/GitHub/MCRL-SPIDER/install/hexapod_control/share/hexapod_control/params/test_params.hpp
[18.926s] -- Installing: /home/mustafa/Documents/GitHub/MCRL-SPIDER/install/hexapod_control/share/hexapod_control/params/hexapod.yaml
[18.926s] -- Installing: /home/mustafa/Documents/GitHub/MCRL-SPIDER/install/hexapod_control/share/ament_index/resource_index/package_run_dependencies/hexapod_control
[18.926s] -- Installing: /home/mustafa/Documents/GitHub/MCRL-SPIDER/install/hexapod_control/share/ament_index/resource_index/parent_prefix_path/hexapod_control
[18.926s] -- Installing: /home/mustafa/Documents/GitHub/MCRL-SPIDER/install/hexapod_control/share/hexapod_control/environment/ament_prefix_path.sh
[18.926s] -- Installing: /home/mustafa/Documents/GitHub/MCRL-SPIDER/install/hexapod_control/share/hexapod_control/environment/ament_prefix_path.dsv
[18.926s] -- Installing: /home/mustafa/Documents/GitHub/MCRL-SPIDER/install/hexapod_control/share/hexapod_control/environment/path.sh
[18.926s] -- Installing: /home/mustafa/Documents/GitHub/MCRL-SPIDER/install/hexapod_control/share/hexapod_control/environment/path.dsv
[18.926s] -- Installing: /home/mustafa/Documents/GitHub/MCRL-SPIDER/install/hexapod_control/share/hexapod_control/local_setup.bash
[18.927s] -- Installing: /home/mustafa/Documents/GitHub/MCRL-SPIDER/install/hexapod_control/share/hexapod_control/local_setup.sh
[18.927s] -- Installing: /home/mustafa/Documents/GitHub/MCRL-SPIDER/install/hexapod_control/share/hexapod_control/local_setup.zsh
[18.927s] -- Installing: /home/mustafa/Documents/GitHub/MCRL-SPIDER/install/hexapod_control/share/hexapod_control/local_setup.dsv
[18.927s] -- Installing: /home/mustafa/Documents/GitHub/MCRL-SPIDER/install/hexapod_control/share/hexapod_control/package.dsv
[18.927s] -- Installing: /home/mustafa/Documents/GitHub/MCRL-SPIDER/install/hexapod_control/share/ament_index/resource_index/packages/hexapod_control
[18.927s] -- Installing: /home/mustafa/Documents/GitHub/MCRL-SPIDER/install/hexapod_control/share/hexapod_control/cmake/hexapod_controlConfig.cmake
[18.927s] -- Installing: /home/mustafa/Documents/GitHub/MCRL-SPIDER/install/hexapod_control/share/hexapod_control/cmake/hexapod_controlConfig-version.cmake
[18.927s] -- Installing: /home/mustafa/Documents/GitHub/MCRL-SPIDER/install/hexapod_control/share/hexapod_control/package.xml
[18.929s] Invoked command in '/home/mustafa/Documents/GitHub/MCRL-SPIDER/build/hexapod_control' returned '0': AMENT_PREFIX_PATH=/home/mustafa/Documents/GitHub/MCRL-SPIDER/install/hexapod_msgs:/home/mustafa/Documents/GitHub/MCRL-SPIDER/install/dynamixel_sdk:${AMENT_PREFIX_PATH} CMAKE_PREFIX_PATH=/home/mustafa/Documents/GitHub/MCRL-SPIDER/install/hexapod_msgs:/home/mustafa/Documents/GitHub/MCRL-SPIDER/install/dynamixel_sdk:/opt/ros/humble LD_LIBRARY_PATH=/home/mustafa/Documents/GitHub/MCRL-SPIDER/install/hexapod_msgs/lib:/home/mustafa/Documents/GitHub/MCRL-SPIDER/install/dynamixel_sdk/lib:${LD_LIBRARY_PATH} PYTHONPATH=/home/mustafa/Documents/GitHub/MCRL-SPIDER/install/hexapod_msgs/local/lib/python3.10/dist-packages:${PYTHONPATH} /usr/bin/cmake --install /home/mustafa/Documents/GitHub/MCRL-SPIDER/build/hexapod_control
