[0.602s] DEBUG:colcon:Command line arguments: ['/usr/bin/colcon', 'build']
[0.602s] DEBUG:colcon:Parsed command line arguments: Namespace(log_base=None, log_level=None, verb_name='build', build_base='build', install_base='install', merge_install=False, symlink_install=False, test_result_base=None, continue_on_error=False, executor='parallel', parallel_workers=16, event_handlers=None, ignore_user_meta=False, metas=['./colcon.meta'], base_paths=['.'], packages_ignore=None, packages_ignore_regex=None, paths=None, packages_up_to=None, packages_up_to_regex=None, packages_above=None, packages_above_and_dependencies=None, packages_above_depth=None, packages_select_by_dep=None, packages_skip_by_dep=None, packages_skip_up_to=None, packages_select_build_failed=False, packages_skip_build_finished=False, packages_select_test_failures=False, packages_skip_test_passed=False, packages_select=None, packages_skip=None, packages_select_regex=None, packages_skip_regex=None, packages_start=None, packages_end=None, allow_overriding=[], cmake_args=None, cmake_target=None, cmake_target_skip_unavailable=False, cmake_clean_cache=False, cmake_clean_first=False, cmake_force_configure=False, ament_cmake_args=None, catkin_cmake_args=None, catkin_skip_building_tests=False, verb_parser=<colcon_defaults.argument_parser.defaults.DefaultArgumentsDecorator object at 0x7fd7b44bb700>, verb_extension=<colcon_core.verb.build.BuildVerb object at 0x7fd7b44bb190>, main=<bound method BuildVerb.main of <colcon_core.verb.build.BuildVerb object at 0x7fd7b44bb190>>)
[0.653s] Level 1:colcon.colcon_core.package_discovery:discover_packages(colcon_meta) check parameters
[0.653s] Level 1:colcon.colcon_core.package_discovery:discover_packages(recursive) check parameters
[0.653s] Level 1:colcon.colcon_core.package_discovery:discover_packages(ignore) check parameters
[0.654s] Level 1:colcon.colcon_core.package_discovery:discover_packages(path) check parameters
[0.654s] Level 1:colcon.colcon_core.package_discovery:discover_packages(colcon_meta) discover
[0.654s] Level 1:colcon.colcon_core.package_discovery:discover_packages(recursive) discover
[0.654s] INFO:colcon.colcon_core.package_discovery:Crawling recursively for packages in '/home/mustafa/Documents/GitHub/MCRL-SPIDER'
[0.654s] Level 1:colcon.colcon_core.package_identification:_identify(.) by extensions ['ignore', 'ignore_ament_install']
[0.654s] Level 1:colcon.colcon_core.package_identification:_identify(.) by extension 'ignore'
[0.654s] Level 1:colcon.colcon_core.package_identification:_identify(.) by extension 'ignore_ament_install'
[0.654s] Level 1:colcon.colcon_core.package_identification:_identify(.) by extensions ['colcon_pkg']
[0.654s] Level 1:colcon.colcon_core.package_identification:_identify(.) by extension 'colcon_pkg'
[0.654s] Level 1:colcon.colcon_core.package_identification:_identify(.) by extensions ['colcon_meta']
[0.654s] Level 1:colcon.colcon_core.package_identification:_identify(.) by extension 'colcon_meta'
[0.654s] Level 1:colcon.colcon_core.package_identification:_identify(.) by extensions ['ros']
[0.654s] Level 1:colcon.colcon_core.package_identification:_identify(.) by extension 'ros'
[0.669s] Level 1:colcon.colcon_core.package_identification:_identify(.) by extensions ['cmake', 'python']
[0.669s] Level 1:colcon.colcon_core.package_identification:_identify(.) by extension 'cmake'
[0.669s] Level 1:colcon.colcon_core.package_identification:_identify(.) by extension 'python'
[0.669s] Level 1:colcon.colcon_core.package_identification:_identify(.) by extensions ['python_setup_py']
[0.669s] Level 1:colcon.colcon_core.package_identification:_identify(.) by extension 'python_setup_py'
[0.669s] Level 1:colcon.colcon_core.package_identification:_identify(Calculations) by extensions ['ignore', 'ignore_ament_install']
[0.669s] Level 1:colcon.colcon_core.package_identification:_identify(Calculations) by extension 'ignore'
[0.669s] Level 1:colcon.colcon_core.package_identification:_identify(Calculations) by extension 'ignore_ament_install'
[0.669s] Level 1:colcon.colcon_core.package_identification:_identify(Calculations) by extensions ['colcon_pkg']
[0.669s] Level 1:colcon.colcon_core.package_identification:_identify(Calculations) by extension 'colcon_pkg'
[0.669s] Level 1:colcon.colcon_core.package_identification:_identify(Calculations) by extensions ['colcon_meta']
[0.669s] Level 1:colcon.colcon_core.package_identification:_identify(Calculations) by extension 'colcon_meta'
[0.670s] Level 1:colcon.colcon_core.package_identification:_identify(Calculations) by extensions ['ros']
[0.670s] Level 1:colcon.colcon_core.package_identification:_identify(Calculations) by extension 'ros'
[0.670s] Level 1:colcon.colcon_core.package_identification:_identify(Calculations) by extensions ['cmake', 'python']
[0.670s] Level 1:colcon.colcon_core.package_identification:_identify(Calculations) by extension 'cmake'
[0.670s] Level 1:colcon.colcon_core.package_identification:_identify(Calculations) by extension 'python'
[0.670s] Level 1:colcon.colcon_core.package_identification:_identify(Calculations) by extensions ['python_setup_py']
[0.670s] Level 1:colcon.colcon_core.package_identification:_identify(Calculations) by extension 'python_setup_py'
[0.670s] Level 1:colcon.colcon_core.package_identification:_identify(Pictures) by extensions ['ignore', 'ignore_ament_install']
[0.670s] Level 1:colcon.colcon_core.package_identification:_identify(Pictures) by extension 'ignore'
[0.670s] Level 1:colcon.colcon_core.package_identification:_identify(Pictures) by extension 'ignore_ament_install'
[0.670s] Level 1:colcon.colcon_core.package_identification:_identify(Pictures) by extensions ['colcon_pkg']
[0.670s] Level 1:colcon.colcon_core.package_identification:_identify(Pictures) by extension 'colcon_pkg'
[0.670s] Level 1:colcon.colcon_core.package_identification:_identify(Pictures) by extensions ['colcon_meta']
[0.670s] Level 1:colcon.colcon_core.package_identification:_identify(Pictures) by extension 'colcon_meta'
[0.670s] Level 1:colcon.colcon_core.package_identification:_identify(Pictures) by extensions ['ros']
[0.670s] Level 1:colcon.colcon_core.package_identification:_identify(Pictures) by extension 'ros'
[0.670s] Level 1:colcon.colcon_core.package_identification:_identify(Pictures) by extensions ['cmake', 'python']
[0.670s] Level 1:colcon.colcon_core.package_identification:_identify(Pictures) by extension 'cmake'
[0.670s] Level 1:colcon.colcon_core.package_identification:_identify(Pictures) by extension 'python'
[0.670s] Level 1:colcon.colcon_core.package_identification:_identify(Pictures) by extensions ['python_setup_py']
[0.670s] Level 1:colcon.colcon_core.package_identification:_identify(Pictures) by extension 'python_setup_py'
[0.671s] Level 1:colcon.colcon_core.package_identification:_identify(Software) by extensions ['ignore', 'ignore_ament_install']
[0.671s] Level 1:colcon.colcon_core.package_identification:_identify(Software) by extension 'ignore'
[0.671s] Level 1:colcon.colcon_core.package_identification:_identify(Software) by extension 'ignore_ament_install'
[0.671s] Level 1:colcon.colcon_core.package_identification:_identify(Software) by extensions ['colcon_pkg']
[0.671s] Level 1:colcon.colcon_core.package_identification:_identify(Software) by extension 'colcon_pkg'
[0.671s] Level 1:colcon.colcon_core.package_identification:_identify(Software) by extensions ['colcon_meta']
[0.671s] Level 1:colcon.colcon_core.package_identification:_identify(Software) by extension 'colcon_meta'
[0.671s] Level 1:colcon.colcon_core.package_identification:_identify(Software) by extensions ['ros']
[0.671s] Level 1:colcon.colcon_core.package_identification:_identify(Software) by extension 'ros'
[0.671s] Level 1:colcon.colcon_core.package_identification:_identify(Software) by extensions ['cmake', 'python']
[0.671s] Level 1:colcon.colcon_core.package_identification:_identify(Software) by extension 'cmake'
[0.671s] Level 1:colcon.colcon_core.package_identification:_identify(Software) by extension 'python'
[0.671s] Level 1:colcon.colcon_core.package_identification:_identify(Software) by extensions ['python_setup_py']
[0.671s] Level 1:colcon.colcon_core.package_identification:_identify(Software) by extension 'python_setup_py'
[0.671s] Level 1:colcon.colcon_core.package_identification:_identify(Software/src) by extensions ['ignore', 'ignore_ament_install']
[0.671s] Level 1:colcon.colcon_core.package_identification:_identify(Software/src) by extension 'ignore'
[0.671s] Level 1:colcon.colcon_core.package_identification:_identify(Software/src) by extension 'ignore_ament_install'
[0.671s] Level 1:colcon.colcon_core.package_identification:_identify(Software/src) by extensions ['colcon_pkg']
[0.671s] Level 1:colcon.colcon_core.package_identification:_identify(Software/src) by extension 'colcon_pkg'
[0.671s] Level 1:colcon.colcon_core.package_identification:_identify(Software/src) by extensions ['colcon_meta']
[0.671s] Level 1:colcon.colcon_core.package_identification:_identify(Software/src) by extension 'colcon_meta'
[0.672s] Level 1:colcon.colcon_core.package_identification:_identify(Software/src) by extensions ['ros']
[0.672s] Level 1:colcon.colcon_core.package_identification:_identify(Software/src) by extension 'ros'
[0.672s] Level 1:colcon.colcon_core.package_identification:_identify(Software/src) by extensions ['cmake', 'python']
[0.672s] Level 1:colcon.colcon_core.package_identification:_identify(Software/src) by extension 'cmake'
[0.672s] Level 1:colcon.colcon_core.package_identification:_identify(Software/src) by extension 'python'
[0.672s] Level 1:colcon.colcon_core.package_identification:_identify(Software/src) by extensions ['python_setup_py']
[0.672s] Level 1:colcon.colcon_core.package_identification:_identify(Software/src) by extension 'python_setup_py'
[0.672s] Level 1:colcon.colcon_core.package_identification:_identify(Software/src/DynamixelSDK) by extensions ['ignore', 'ignore_ament_install']
[0.672s] Level 1:colcon.colcon_core.package_identification:_identify(Software/src/DynamixelSDK) by extension 'ignore'
[0.672s] Level 1:colcon.colcon_core.package_identification:_identify(Software/src/DynamixelSDK) by extension 'ignore_ament_install'
[0.672s] Level 1:colcon.colcon_core.package_identification:_identify(Software/src/DynamixelSDK) by extensions ['colcon_pkg']
[0.672s] Level 1:colcon.colcon_core.package_identification:_identify(Software/src/DynamixelSDK) by extension 'colcon_pkg'
[0.672s] Level 1:colcon.colcon_core.package_identification:_identify(Software/src/DynamixelSDK) by extensions ['colcon_meta']
[0.672s] Level 1:colcon.colcon_core.package_identification:_identify(Software/src/DynamixelSDK) by extension 'colcon_meta'
[0.672s] Level 1:colcon.colcon_core.package_identification:_identify(Software/src/DynamixelSDK) by extensions ['ros']
[0.672s] Level 1:colcon.colcon_core.package_identification:_identify(Software/src/DynamixelSDK) by extension 'ros'
[0.675s] DEBUG:colcon.colcon_core.package_identification:Package 'Software/src/DynamixelSDK' with type 'ros.ament_cmake' and name 'dynamixel_sdk'
[0.675s] Level 1:colcon.colcon_core.package_identification:_identify(Software/src/hexapod_control) by extensions ['ignore', 'ignore_ament_install']
[0.675s] Level 1:colcon.colcon_core.package_identification:_identify(Software/src/hexapod_control) by extension 'ignore'
[0.675s] Level 1:colcon.colcon_core.package_identification:_identify(Software/src/hexapod_control) by extension 'ignore_ament_install'
[0.676s] Level 1:colcon.colcon_core.package_identification:_identify(Software/src/hexapod_control) by extensions ['colcon_pkg']
[0.676s] Level 1:colcon.colcon_core.package_identification:_identify(Software/src/hexapod_control) by extension 'colcon_pkg'
[0.676s] Level 1:colcon.colcon_core.package_identification:_identify(Software/src/hexapod_control) by extensions ['colcon_meta']
[0.676s] Level 1:colcon.colcon_core.package_identification:_identify(Software/src/hexapod_control) by extension 'colcon_meta'
[0.676s] Level 1:colcon.colcon_core.package_identification:_identify(Software/src/hexapod_control) by extensions ['ros']
[0.676s] Level 1:colcon.colcon_core.package_identification:_identify(Software/src/hexapod_control) by extension 'ros'
[0.677s] DEBUG:colcon.colcon_core.package_identification:Package 'Software/src/hexapod_control' with type 'ros.ament_cmake' and name 'hexapod_control'
[0.677s] Level 1:colcon.colcon_core.package_identification:_identify(Software/src/hexapod_description) by extensions ['ignore', 'ignore_ament_install']
[0.677s] Level 1:colcon.colcon_core.package_identification:_identify(Software/src/hexapod_description) by extension 'ignore'
[0.677s] Level 1:colcon.colcon_core.package_identification:_identify(Software/src/hexapod_description) by extension 'ignore_ament_install'
[0.677s] Level 1:colcon.colcon_core.package_identification:_identify(Software/src/hexapod_description) by extensions ['colcon_pkg']
[0.677s] Level 1:colcon.colcon_core.package_identification:_identify(Software/src/hexapod_description) by extension 'colcon_pkg'
[0.677s] Level 1:colcon.colcon_core.package_identification:_identify(Software/src/hexapod_description) by extensions ['colcon_meta']
[0.677s] Level 1:colcon.colcon_core.package_identification:_identify(Software/src/hexapod_description) by extension 'colcon_meta'
[0.677s] Level 1:colcon.colcon_core.package_identification:_identify(Software/src/hexapod_description) by extensions ['ros']
[0.678s] Level 1:colcon.colcon_core.package_identification:_identify(Software/src/hexapod_description) by extension 'ros'
[0.678s] DEBUG:colcon.colcon_core.package_identification:Package 'Software/src/hexapod_description' with type 'ros.ament_cmake' and name 'hexapod_description'
[0.678s] Level 1:colcon.colcon_core.package_identification:_identify(Software/src/hexapod_msgs) by extensions ['ignore', 'ignore_ament_install']
[0.678s] Level 1:colcon.colcon_core.package_identification:_identify(Software/src/hexapod_msgs) by extension 'ignore'
[0.678s] Level 1:colcon.colcon_core.package_identification:_identify(Software/src/hexapod_msgs) by extension 'ignore_ament_install'
[0.678s] Level 1:colcon.colcon_core.package_identification:_identify(Software/src/hexapod_msgs) by extensions ['colcon_pkg']
[0.678s] Level 1:colcon.colcon_core.package_identification:_identify(Software/src/hexapod_msgs) by extension 'colcon_pkg'
[0.678s] Level 1:colcon.colcon_core.package_identification:_identify(Software/src/hexapod_msgs) by extensions ['colcon_meta']
[0.678s] Level 1:colcon.colcon_core.package_identification:_identify(Software/src/hexapod_msgs) by extension 'colcon_meta'
[0.678s] Level 1:colcon.colcon_core.package_identification:_identify(Software/src/hexapod_msgs) by extensions ['ros']
[0.678s] Level 1:colcon.colcon_core.package_identification:_identify(Software/src/hexapod_msgs) by extension 'ros'
[0.679s] DEBUG:colcon.colcon_core.package_identification:Package 'Software/src/hexapod_msgs' with type 'ros.ament_cmake' and name 'hexapod_msgs'
[0.679s] Level 1:colcon.colcon_core.package_identification:_identify(Software/src/launch_files) by extensions ['ignore', 'ignore_ament_install']
[0.679s] Level 1:colcon.colcon_core.package_identification:_identify(Software/src/launch_files) by extension 'ignore'
[0.679s] Level 1:colcon.colcon_core.package_identification:_identify(Software/src/launch_files) by extension 'ignore_ament_install'
[0.679s] Level 1:colcon.colcon_core.package_identification:_identify(Software/src/launch_files) by extensions ['colcon_pkg']
[0.679s] Level 1:colcon.colcon_core.package_identification:_identify(Software/src/launch_files) by extension 'colcon_pkg'
[0.679s] Level 1:colcon.colcon_core.package_identification:_identify(Software/src/launch_files) by extensions ['colcon_meta']
[0.679s] Level 1:colcon.colcon_core.package_identification:_identify(Software/src/launch_files) by extension 'colcon_meta'
[0.679s] Level 1:colcon.colcon_core.package_identification:_identify(Software/src/launch_files) by extensions ['ros']
[0.679s] Level 1:colcon.colcon_core.package_identification:_identify(Software/src/launch_files) by extension 'ros'
[0.680s] DEBUG:colcon.colcon_core.package_identification:Package 'Software/src/launch_files' with type 'ros.ament_cmake' and name 'launch_files'
[0.680s] Level 1:colcon.colcon_core.package_identification:_identify(Software/src/supervisor) by extensions ['ignore', 'ignore_ament_install']
[0.680s] Level 1:colcon.colcon_core.package_identification:_identify(Software/src/supervisor) by extension 'ignore'
[0.680s] Level 1:colcon.colcon_core.package_identification:_identify(Software/src/supervisor) by extension 'ignore_ament_install'
[0.680s] Level 1:colcon.colcon_core.package_identification:_identify(Software/src/supervisor) by extensions ['colcon_pkg']
[0.680s] Level 1:colcon.colcon_core.package_identification:_identify(Software/src/supervisor) by extension 'colcon_pkg'
[0.680s] Level 1:colcon.colcon_core.package_identification:_identify(Software/src/supervisor) by extensions ['colcon_meta']
[0.680s] Level 1:colcon.colcon_core.package_identification:_identify(Software/src/supervisor) by extension 'colcon_meta'
[0.680s] Level 1:colcon.colcon_core.package_identification:_identify(Software/src/supervisor) by extensions ['ros']
[0.680s] Level 1:colcon.colcon_core.package_identification:_identify(Software/src/supervisor) by extension 'ros'
[0.681s] DEBUG:colcon.colcon_core.package_identification:Package 'Software/src/supervisor' with type 'ros.ament_python' and name 'supervisor'
[0.681s] Level 1:colcon.colcon_core.package_identification:_identify(build) by extensions ['ignore', 'ignore_ament_install']
[0.681s] Level 1:colcon.colcon_core.package_identification:_identify(build) by extension 'ignore'
[0.681s] Level 1:colcon.colcon_core.package_identification:_identify(build) ignored
[0.681s] Level 1:colcon.colcon_core.package_identification:_identify(install) by extensions ['ignore', 'ignore_ament_install']
[0.681s] Level 1:colcon.colcon_core.package_identification:_identify(install) by extension 'ignore'
[0.681s] Level 1:colcon.colcon_core.package_identification:_identify(install) ignored
[0.681s] Level 1:colcon.colcon_core.package_identification:_identify(log) by extensions ['ignore', 'ignore_ament_install']
[0.681s] Level 1:colcon.colcon_core.package_identification:_identify(log) by extension 'ignore'
[0.681s] Level 1:colcon.colcon_core.package_identification:_identify(log) ignored
[0.681s] Level 1:colcon.colcon_core.package_discovery:discover_packages(recursive) using defaults
[0.681s] Level 1:colcon.colcon_core.package_discovery:discover_packages(ignore) discover
[0.681s] Level 1:colcon.colcon_core.package_discovery:discover_packages(ignore) using defaults
[0.681s] Level 1:colcon.colcon_core.package_discovery:discover_packages(path) discover
[0.681s] Level 1:colcon.colcon_core.package_discovery:discover_packages(path) using defaults
[0.719s] Level 1:colcon.colcon_core.package_discovery:discover_packages(prefix_path) check parameters
[0.719s] Level 1:colcon.colcon_core.package_discovery:discover_packages(prefix_path) discover
[0.724s] DEBUG:colcon.colcon_installed_package_information.package_discovery:Found 333 installed packages in /opt/ros/humble
[0.726s] Level 1:colcon.colcon_core.package_discovery:discover_packages(prefix_path) using defaults
[0.800s] Level 5:colcon.colcon_core.verb:set package 'dynamixel_sdk' build argument 'cmake_args' from command line to 'None'
[0.800s] Level 5:colcon.colcon_core.verb:set package 'dynamixel_sdk' build argument 'cmake_target' from command line to 'None'
[0.800s] Level 5:colcon.colcon_core.verb:set package 'dynamixel_sdk' build argument 'cmake_target_skip_unavailable' from command line to 'False'
[0.801s] Level 5:colcon.colcon_core.verb:set package 'dynamixel_sdk' build argument 'cmake_clean_cache' from command line to 'False'
[0.801s] Level 5:colcon.colcon_core.verb:set package 'dynamixel_sdk' build argument 'cmake_clean_first' from command line to 'False'
[0.801s] Level 5:colcon.colcon_core.verb:set package 'dynamixel_sdk' build argument 'cmake_force_configure' from command line to 'False'
[0.801s] Level 5:colcon.colcon_core.verb:set package 'dynamixel_sdk' build argument 'ament_cmake_args' from command line to 'None'
[0.801s] Level 5:colcon.colcon_core.verb:set package 'dynamixel_sdk' build argument 'catkin_cmake_args' from command line to 'None'
[0.801s] Level 5:colcon.colcon_core.verb:set package 'dynamixel_sdk' build argument 'catkin_skip_building_tests' from command line to 'False'
[0.801s] DEBUG:colcon.colcon_core.verb:Building package 'dynamixel_sdk' with the following arguments: {'ament_cmake_args': None, 'build_base': '/home/mustafa/Documents/GitHub/MCRL-SPIDER/build/dynamixel_sdk', 'catkin_cmake_args': None, 'catkin_skip_building_tests': False, 'cmake_args': None, 'cmake_clean_cache': False, 'cmake_clean_first': False, 'cmake_force_configure': False, 'cmake_target': None, 'cmake_target_skip_unavailable': False, 'install_base': '/home/mustafa/Documents/GitHub/MCRL-SPIDER/install/dynamixel_sdk', 'merge_install': False, 'path': '/home/mustafa/Documents/GitHub/MCRL-SPIDER/Software/src/DynamixelSDK', 'symlink_install': False, 'test_result_base': None}
[0.802s] Level 5:colcon.colcon_core.verb:set package 'hexapod_description' build argument 'cmake_args' from command line to 'None'
[0.802s] Level 5:colcon.colcon_core.verb:set package 'hexapod_description' build argument 'cmake_target' from command line to 'None'
[0.802s] Level 5:colcon.colcon_core.verb:set package 'hexapod_description' build argument 'cmake_target_skip_unavailable' from command line to 'False'
[0.802s] Level 5:colcon.colcon_core.verb:set package 'hexapod_description' build argument 'cmake_clean_cache' from command line to 'False'
[0.802s] Level 5:colcon.colcon_core.verb:set package 'hexapod_description' build argument 'cmake_clean_first' from command line to 'False'
[0.802s] Level 5:colcon.colcon_core.verb:set package 'hexapod_description' build argument 'cmake_force_configure' from command line to 'False'
[0.802s] Level 5:colcon.colcon_core.verb:set package 'hexapod_description' build argument 'ament_cmake_args' from command line to 'None'
[0.802s] Level 5:colcon.colcon_core.verb:set package 'hexapod_description' build argument 'catkin_cmake_args' from command line to 'None'
[0.802s] Level 5:colcon.colcon_core.verb:set package 'hexapod_description' build argument 'catkin_skip_building_tests' from command line to 'False'
[0.802s] DEBUG:colcon.colcon_core.verb:Building package 'hexapod_description' with the following arguments: {'ament_cmake_args': None, 'build_base': '/home/mustafa/Documents/GitHub/MCRL-SPIDER/build/hexapod_description', 'catkin_cmake_args': None, 'catkin_skip_building_tests': False, 'cmake_args': None, 'cmake_clean_cache': False, 'cmake_clean_first': False, 'cmake_force_configure': False, 'cmake_target': None, 'cmake_target_skip_unavailable': False, 'install_base': '/home/mustafa/Documents/GitHub/MCRL-SPIDER/install/hexapod_description', 'merge_install': False, 'path': '/home/mustafa/Documents/GitHub/MCRL-SPIDER/Software/src/hexapod_description', 'symlink_install': False, 'test_result_base': None}
[0.803s] Level 5:colcon.colcon_core.verb:set package 'hexapod_msgs' build argument 'cmake_args' from command line to 'None'
[0.803s] Level 5:colcon.colcon_core.verb:set package 'hexapod_msgs' build argument 'cmake_target' from command line to 'None'
[0.803s] Level 5:colcon.colcon_core.verb:set package 'hexapod_msgs' build argument 'cmake_target_skip_unavailable' from command line to 'False'
[0.803s] Level 5:colcon.colcon_core.verb:set package 'hexapod_msgs' build argument 'cmake_clean_cache' from command line to 'False'
[0.803s] Level 5:colcon.colcon_core.verb:set package 'hexapod_msgs' build argument 'cmake_clean_first' from command line to 'False'
[0.803s] Level 5:colcon.colcon_core.verb:set package 'hexapod_msgs' build argument 'cmake_force_configure' from command line to 'False'
[0.803s] Level 5:colcon.colcon_core.verb:set package 'hexapod_msgs' build argument 'ament_cmake_args' from command line to 'None'
[0.803s] Level 5:colcon.colcon_core.verb:set package 'hexapod_msgs' build argument 'catkin_cmake_args' from command line to 'None'
[0.803s] Level 5:colcon.colcon_core.verb:set package 'hexapod_msgs' build argument 'catkin_skip_building_tests' from command line to 'False'
[0.803s] DEBUG:colcon.colcon_core.verb:Building package 'hexapod_msgs' with the following arguments: {'ament_cmake_args': None, 'build_base': '/home/mustafa/Documents/GitHub/MCRL-SPIDER/build/hexapod_msgs', 'catkin_cmake_args': None, 'catkin_skip_building_tests': False, 'cmake_args': None, 'cmake_clean_cache': False, 'cmake_clean_first': False, 'cmake_force_configure': False, 'cmake_target': None, 'cmake_target_skip_unavailable': False, 'install_base': '/home/mustafa/Documents/GitHub/MCRL-SPIDER/install/hexapod_msgs', 'merge_install': False, 'path': '/home/mustafa/Documents/GitHub/MCRL-SPIDER/Software/src/hexapod_msgs', 'symlink_install': False, 'test_result_base': None}
[0.804s] Level 5:colcon.colcon_core.verb:set package 'launch_files' build argument 'cmake_args' from command line to 'None'
[0.804s] Level 5:colcon.colcon_core.verb:set package 'launch_files' build argument 'cmake_target' from command line to 'None'
[0.804s] Level 5:colcon.colcon_core.verb:set package 'launch_files' build argument 'cmake_target_skip_unavailable' from command line to 'False'
[0.804s] Level 5:colcon.colcon_core.verb:set package 'launch_files' build argument 'cmake_clean_cache' from command line to 'False'
[0.804s] Level 5:colcon.colcon_core.verb:set package 'launch_files' build argument 'cmake_clean_first' from command line to 'False'
[0.804s] Level 5:colcon.colcon_core.verb:set package 'launch_files' build argument 'cmake_force_configure' from command line to 'False'
[0.804s] Level 5:colcon.colcon_core.verb:set package 'launch_files' build argument 'ament_cmake_args' from command line to 'None'
[0.804s] Level 5:colcon.colcon_core.verb:set package 'launch_files' build argument 'catkin_cmake_args' from command line to 'None'
[0.804s] Level 5:colcon.colcon_core.verb:set package 'launch_files' build argument 'catkin_skip_building_tests' from command line to 'False'
[0.804s] DEBUG:colcon.colcon_core.verb:Building package 'launch_files' with the following arguments: {'ament_cmake_args': None, 'build_base': '/home/mustafa/Documents/GitHub/MCRL-SPIDER/build/launch_files', 'catkin_cmake_args': None, 'catkin_skip_building_tests': False, 'cmake_args': None, 'cmake_clean_cache': False, 'cmake_clean_first': False, 'cmake_force_configure': False, 'cmake_target': None, 'cmake_target_skip_unavailable': False, 'install_base': '/home/mustafa/Documents/GitHub/MCRL-SPIDER/install/launch_files', 'merge_install': False, 'path': '/home/mustafa/Documents/GitHub/MCRL-SPIDER/Software/src/launch_files', 'symlink_install': False, 'test_result_base': None}
[0.805s] Level 5:colcon.colcon_core.verb:set package 'supervisor' build argument 'cmake_args' from command line to 'None'
[0.805s] Level 5:colcon.colcon_core.verb:set package 'supervisor' build argument 'cmake_target' from command line to 'None'
[0.805s] Level 5:colcon.colcon_core.verb:set package 'supervisor' build argument 'cmake_target_skip_unavailable' from command line to 'False'
[0.805s] Level 5:colcon.colcon_core.verb:set package 'supervisor' build argument 'cmake_clean_cache' from command line to 'False'
[0.805s] Level 5:colcon.colcon_core.verb:set package 'supervisor' build argument 'cmake_clean_first' from command line to 'False'
[0.805s] Level 5:colcon.colcon_core.verb:set package 'supervisor' build argument 'cmake_force_configure' from command line to 'False'
[0.805s] Level 5:colcon.colcon_core.verb:set package 'supervisor' build argument 'ament_cmake_args' from command line to 'None'
[0.805s] Level 5:colcon.colcon_core.verb:set package 'supervisor' build argument 'catkin_cmake_args' from command line to 'None'
[0.805s] Level 5:colcon.colcon_core.verb:set package 'supervisor' build argument 'catkin_skip_building_tests' from command line to 'False'
[0.805s] DEBUG:colcon.colcon_core.verb:Building package 'supervisor' with the following arguments: {'ament_cmake_args': None, 'build_base': '/home/mustafa/Documents/GitHub/MCRL-SPIDER/build/supervisor', 'catkin_cmake_args': None, 'catkin_skip_building_tests': False, 'cmake_args': None, 'cmake_clean_cache': False, 'cmake_clean_first': False, 'cmake_force_configure': False, 'cmake_target': None, 'cmake_target_skip_unavailable': False, 'install_base': '/home/mustafa/Documents/GitHub/MCRL-SPIDER/install/supervisor', 'merge_install': False, 'path': '/home/mustafa/Documents/GitHub/MCRL-SPIDER/Software/src/supervisor', 'symlink_install': False, 'test_result_base': None}
[0.806s] Level 5:colcon.colcon_core.verb:set package 'hexapod_control' build argument 'cmake_args' from command line to 'None'
[0.806s] Level 5:colcon.colcon_core.verb:set package 'hexapod_control' build argument 'cmake_target' from command line to 'None'
[0.806s] Level 5:colcon.colcon_core.verb:set package 'hexapod_control' build argument 'cmake_target_skip_unavailable' from command line to 'False'
[0.806s] Level 5:colcon.colcon_core.verb:set package 'hexapod_control' build argument 'cmake_clean_cache' from command line to 'False'
[0.806s] Level 5:colcon.colcon_core.verb:set package 'hexapod_control' build argument 'cmake_clean_first' from command line to 'False'
[0.806s] Level 5:colcon.colcon_core.verb:set package 'hexapod_control' build argument 'cmake_force_configure' from command line to 'False'
[0.806s] Level 5:colcon.colcon_core.verb:set package 'hexapod_control' build argument 'ament_cmake_args' from command line to 'None'
[0.806s] Level 5:colcon.colcon_core.verb:set package 'hexapod_control' build argument 'catkin_cmake_args' from command line to 'None'
[0.807s] Level 5:colcon.colcon_core.verb:set package 'hexapod_control' build argument 'catkin_skip_building_tests' from command line to 'False'
[0.807s] DEBUG:colcon.colcon_core.verb:Building package 'hexapod_control' with the following arguments: {'ament_cmake_args': None, 'build_base': '/home/mustafa/Documents/GitHub/MCRL-SPIDER/build/hexapod_control', 'catkin_cmake_args': None, 'catkin_skip_building_tests': False, 'cmake_args': None, 'cmake_clean_cache': False, 'cmake_clean_first': False, 'cmake_force_configure': False, 'cmake_target': None, 'cmake_target_skip_unavailable': False, 'install_base': '/home/mustafa/Documents/GitHub/MCRL-SPIDER/install/hexapod_control', 'merge_install': False, 'path': '/home/mustafa/Documents/GitHub/MCRL-SPIDER/Software/src/hexapod_control', 'symlink_install': False, 'test_result_base': None}
[0.807s] INFO:colcon.colcon_core.executor:Executing jobs using 'parallel' executor
[0.810s] DEBUG:colcon.colcon_parallel_executor.executor.parallel:run_until_complete
[0.810s] INFO:colcon.colcon_ros.task.ament_cmake.build:Building ROS package in '/home/mustafa/Documents/GitHub/MCRL-SPIDER/Software/src/DynamixelSDK' with build type 'ament_cmake'
[0.810s] INFO:colcon.colcon_cmake.task.cmake.build:Building CMake package in '/home/mustafa/Documents/GitHub/MCRL-SPIDER/Software/src/DynamixelSDK'
[0.818s] INFO:colcon.colcon_core.plugin_system:Skipping extension 'colcon_core.shell.bat': Not used on non-Windows systems
[0.818s] INFO:colcon.colcon_core.shell:Skip shell extension 'powershell' for command environment: Not usable outside of PowerShell
[0.818s] DEBUG:colcon.colcon_core.shell:Skip shell extension 'dsv' for command environment
[0.824s] INFO:colcon.colcon_ros.task.ament_cmake.build:Building ROS package in '/home/mustafa/Documents/GitHub/MCRL-SPIDER/Software/src/hexapod_msgs' with build type 'ament_cmake'
[0.824s] INFO:colcon.colcon_cmake.task.cmake.build:Building CMake package in '/home/mustafa/Documents/GitHub/MCRL-SPIDER/Software/src/hexapod_msgs'
[0.825s] INFO:colcon.colcon_core.shell:Skip shell extension 'powershell' for command environment: Not usable outside of PowerShell
[0.825s] DEBUG:colcon.colcon_core.shell:Skip shell extension 'dsv' for command environment
[0.829s] INFO:colcon.colcon_ros.task.ament_cmake.build:Building ROS package in '/home/mustafa/Documents/GitHub/MCRL-SPIDER/Software/src/hexapod_description' with build type 'ament_cmake'
[0.829s] INFO:colcon.colcon_cmake.task.cmake.build:Building CMake package in '/home/mustafa/Documents/GitHub/MCRL-SPIDER/Software/src/hexapod_description'
[0.831s] INFO:colcon.colcon_core.shell:Skip shell extension 'powershell' for command environment: Not usable outside of PowerShell
[0.831s] DEBUG:colcon.colcon_core.shell:Skip shell extension 'dsv' for command environment
[0.834s] INFO:colcon.colcon_ros.task.ament_cmake.build:Building ROS package in '/home/mustafa/Documents/GitHub/MCRL-SPIDER/Software/src/launch_files' with build type 'ament_cmake'
[0.834s] INFO:colcon.colcon_cmake.task.cmake.build:Building CMake package in '/home/mustafa/Documents/GitHub/MCRL-SPIDER/Software/src/launch_files'
[0.835s] INFO:colcon.colcon_core.shell:Skip shell extension 'powershell' for command environment: Not usable outside of PowerShell
[0.835s] DEBUG:colcon.colcon_core.shell:Skip shell extension 'dsv' for command environment
[0.838s] INFO:colcon.colcon_ros.task.ament_python.build:Building ROS package in '/home/mustafa/Documents/GitHub/MCRL-SPIDER/Software/src/supervisor' with build type 'ament_python'
[0.838s] Level 1:colcon.colcon_core.shell:create_environment_hook('supervisor', 'ament_prefix_path')
[0.839s] INFO:colcon.colcon_core.shell:Creating environment hook '/home/mustafa/Documents/GitHub/MCRL-SPIDER/install/supervisor/share/supervisor/hook/ament_prefix_path.ps1'
[0.840s] INFO:colcon.colcon_core.shell:Creating environment descriptor '/home/mustafa/Documents/GitHub/MCRL-SPIDER/install/supervisor/share/supervisor/hook/ament_prefix_path.dsv'
[0.841s] INFO:colcon.colcon_core.shell:Creating environment hook '/home/mustafa/Documents/GitHub/MCRL-SPIDER/install/supervisor/share/supervisor/hook/ament_prefix_path.sh'
[0.843s] INFO:colcon.colcon_core.shell:Skip shell extension 'powershell' for command environment: Not usable outside of PowerShell
[0.843s] DEBUG:colcon.colcon_core.shell:Skip shell extension 'dsv' for command environment
[0.849s] DEBUG:colcon.colcon_core.event_handler.log_command:Invoking command in '/home/mustafa/Documents/GitHub/MCRL-SPIDER/build/dynamixel_sdk': CMAKE_PREFIX_PATH=/opt/ros/humble /usr/bin/cmake /home/mustafa/Documents/GitHub/MCRL-SPIDER/Software/src/DynamixelSDK -DCMAKE_INSTALL_PREFIX=/home/mustafa/Documents/GitHub/MCRL-SPIDER/install/dynamixel_sdk
[0.854s] DEBUG:colcon.colcon_core.event_handler.log_command:Invoking command in '/home/mustafa/Documents/GitHub/MCRL-SPIDER/build/hexapod_msgs': CMAKE_PREFIX_PATH=/opt/ros/humble /usr/bin/cmake /home/mustafa/Documents/GitHub/MCRL-SPIDER/Software/src/hexapod_msgs -DCMAKE_INSTALL_PREFIX=/home/mustafa/Documents/GitHub/MCRL-SPIDER/install/hexapod_msgs
[0.856s] DEBUG:colcon.colcon_core.event_handler.log_command:Invoking command in '/home/mustafa/Documents/GitHub/MCRL-SPIDER/build/hexapod_description': CMAKE_PREFIX_PATH=/opt/ros/humble /usr/bin/cmake /home/mustafa/Documents/GitHub/MCRL-SPIDER/Software/src/hexapod_description -DCMAKE_INSTALL_PREFIX=/home/mustafa/Documents/GitHub/MCRL-SPIDER/install/hexapod_description
[0.858s] DEBUG:colcon.colcon_core.event_handler.log_command:Invoking command in '/home/mustafa/Documents/GitHub/MCRL-SPIDER/build/launch_files': CMAKE_PREFIX_PATH=/opt/ros/humble /usr/bin/cmake /home/mustafa/Documents/GitHub/MCRL-SPIDER/Software/src/launch_files -DCMAKE_INSTALL_PREFIX=/home/mustafa/Documents/GitHub/MCRL-SPIDER/install/launch_files
[1.258s] INFO:colcon.colcon_core.task.python.build:Building Python package in '/home/mustafa/Documents/GitHub/MCRL-SPIDER/Software/src/supervisor'
[1.261s] INFO:colcon.colcon_core.shell:Skip shell extension 'powershell' for command environment: Not usable outside of PowerShell
[1.261s] DEBUG:colcon.colcon_core.shell:Skip shell extension 'dsv' for command environment
[2.001s] DEBUG:colcon.colcon_core.event_handler.log_command:Invoked command in '/home/mustafa/Documents/GitHub/MCRL-SPIDER/build/hexapod_description' returned '0': CMAKE_PREFIX_PATH=/opt/ros/humble /usr/bin/cmake /home/mustafa/Documents/GitHub/MCRL-SPIDER/Software/src/hexapod_description -DCMAKE_INSTALL_PREFIX=/home/mustafa/Documents/GitHub/MCRL-SPIDER/install/hexapod_description
[2.004s] DEBUG:colcon.colcon_core.event_handler.log_command:Invoking command in '/home/mustafa/Documents/GitHub/MCRL-SPIDER/build/hexapod_description': CMAKE_PREFIX_PATH=/opt/ros/humble /usr/bin/cmake --build /home/mustafa/Documents/GitHub/MCRL-SPIDER/build/hexapod_description -- -j16 -l16
[2.009s] DEBUG:colcon.colcon_core.event_handler.log_command:Invoked command in '/home/mustafa/Documents/GitHub/MCRL-SPIDER/build/dynamixel_sdk' returned '0': CMAKE_PREFIX_PATH=/opt/ros/humble /usr/bin/cmake /home/mustafa/Documents/GitHub/MCRL-SPIDER/Software/src/DynamixelSDK -DCMAKE_INSTALL_PREFIX=/home/mustafa/Documents/GitHub/MCRL-SPIDER/install/dynamixel_sdk
[2.011s] DEBUG:colcon.colcon_core.event_handler.log_command:Invoking command in '/home/mustafa/Documents/GitHub/MCRL-SPIDER/build/dynamixel_sdk': CMAKE_PREFIX_PATH=/opt/ros/humble /usr/bin/cmake --build /home/mustafa/Documents/GitHub/MCRL-SPIDER/build/dynamixel_sdk -- -j16 -l16
[2.034s] DEBUG:colcon.colcon_core.event_handler.log_command:Invoking command in '/home/mustafa/Documents/GitHub/MCRL-SPIDER/Software/src/supervisor': PYTHONPATH=/home/mustafa/Documents/GitHub/MCRL-SPIDER/build/supervisor/prefix_override:/home/mustafa/Documents/GitHub/MCRL-SPIDER/install/supervisor/lib/python3.10/site-packages:${PYTHONPATH} /usr/bin/python3 setup.py egg_info --egg-base ../../../build/supervisor build --build-base /home/mustafa/Documents/GitHub/MCRL-SPIDER/build/supervisor/build install --record /home/mustafa/Documents/GitHub/MCRL-SPIDER/build/supervisor/install.log --install-scripts $base/lib/supervisor --single-version-externally-managed
[2.044s] DEBUG:colcon.colcon_core.event_handler.log_command:Invoked command in '/home/mustafa/Documents/GitHub/MCRL-SPIDER/build/hexapod_description' returned '0': CMAKE_PREFIX_PATH=/opt/ros/humble /usr/bin/cmake --build /home/mustafa/Documents/GitHub/MCRL-SPIDER/build/hexapod_description -- -j16 -l16
[2.045s] DEBUG:colcon.colcon_core.event_handler.log_command:Invoked command in '/home/mustafa/Documents/GitHub/MCRL-SPIDER/build/launch_files' returned '0': CMAKE_PREFIX_PATH=/opt/ros/humble /usr/bin/cmake /home/mustafa/Documents/GitHub/MCRL-SPIDER/Software/src/launch_files -DCMAKE_INSTALL_PREFIX=/home/mustafa/Documents/GitHub/MCRL-SPIDER/install/launch_files
[2.047s] DEBUG:colcon.colcon_core.event_handler.log_command:Invoking command in '/home/mustafa/Documents/GitHub/MCRL-SPIDER/build/launch_files': CMAKE_PREFIX_PATH=/opt/ros/humble /usr/bin/cmake --build /home/mustafa/Documents/GitHub/MCRL-SPIDER/build/launch_files -- -j16 -l16
[2.099s] DEBUG:colcon.colcon_core.event_handler.log_command:Invoking command in '/home/mustafa/Documents/GitHub/MCRL-SPIDER/build/hexapod_description': CMAKE_PREFIX_PATH=/opt/ros/humble /usr/bin/cmake --install /home/mustafa/Documents/GitHub/MCRL-SPIDER/build/hexapod_description
[2.113s] DEBUG:colcon.colcon_core.event_handler.log_command:Invoked command in '/home/mustafa/Documents/GitHub/MCRL-SPIDER/build/launch_files' returned '0': CMAKE_PREFIX_PATH=/opt/ros/humble /usr/bin/cmake --build /home/mustafa/Documents/GitHub/MCRL-SPIDER/build/launch_files -- -j16 -l16
[2.157s] DEBUG:colcon.colcon_core.event_handler.log_command:Invoking command in '/home/mustafa/Documents/GitHub/MCRL-SPIDER/build/launch_files': CMAKE_PREFIX_PATH=/opt/ros/humble /usr/bin/cmake --install /home/mustafa/Documents/GitHub/MCRL-SPIDER/build/launch_files
[2.183s] Level 1:colcon.colcon_core.environment:create_environment_scripts_only(launch_files)
[2.185s] DEBUG:colcon.colcon_core.event_handler.log_command:Invoked command in '/home/mustafa/Documents/GitHub/MCRL-SPIDER/build/launch_files' returned '0': CMAKE_PREFIX_PATH=/opt/ros/humble /usr/bin/cmake --install /home/mustafa/Documents/GitHub/MCRL-SPIDER/build/launch_files
[2.210s] Level 1:colcon.colcon_core.environment:checking '/home/mustafa/Documents/GitHub/MCRL-SPIDER/install/launch_files' for CMake module files
[2.212s] Level 1:colcon.colcon_core.environment:checking '/home/mustafa/Documents/GitHub/MCRL-SPIDER/install/launch_files' for CMake config files
[2.213s] Level 1:colcon.colcon_core.shell:create_environment_hook('launch_files', 'cmake_prefix_path')
[2.219s] INFO:colcon.colcon_core.shell:Creating environment hook '/home/mustafa/Documents/GitHub/MCRL-SPIDER/install/launch_files/share/launch_files/hook/cmake_prefix_path.ps1'
[2.221s] INFO:colcon.colcon_core.shell:Creating environment descriptor '/home/mustafa/Documents/GitHub/MCRL-SPIDER/install/launch_files/share/launch_files/hook/cmake_prefix_path.dsv'
[2.222s] INFO:colcon.colcon_core.shell:Creating environment hook '/home/mustafa/Documents/GitHub/MCRL-SPIDER/install/launch_files/share/launch_files/hook/cmake_prefix_path.sh'
[2.224s] Level 1:colcon.colcon_core.environment:checking '/home/mustafa/Documents/GitHub/MCRL-SPIDER/install/launch_files/bin'
[2.224s] Level 1:colcon.colcon_core.environment:checking '/home/mustafa/Documents/GitHub/MCRL-SPIDER/install/launch_files/lib/pkgconfig/launch_files.pc'
[2.225s] Level 1:colcon.colcon_core.environment:checking '/home/mustafa/Documents/GitHub/MCRL-SPIDER/install/launch_files/lib/python3.10/site-packages'
[2.226s] Level 1:colcon.colcon_core.environment:checking '/home/mustafa/Documents/GitHub/MCRL-SPIDER/install/launch_files/bin'
[2.232s] INFO:colcon.colcon_core.shell:Creating package script '/home/mustafa/Documents/GitHub/MCRL-SPIDER/install/launch_files/share/launch_files/package.ps1'
[2.241s] INFO:colcon.colcon_core.shell:Creating package descriptor '/home/mustafa/Documents/GitHub/MCRL-SPIDER/install/launch_files/share/launch_files/package.dsv'
[2.244s] INFO:colcon.colcon_core.shell:Creating package script '/home/mustafa/Documents/GitHub/MCRL-SPIDER/install/launch_files/share/launch_files/package.sh'
[2.248s] INFO:colcon.colcon_core.shell:Creating package script '/home/mustafa/Documents/GitHub/MCRL-SPIDER/install/launch_files/share/launch_files/package.bash'
[2.251s] INFO:colcon.colcon_core.shell:Creating package script '/home/mustafa/Documents/GitHub/MCRL-SPIDER/install/launch_files/share/launch_files/package.zsh'
[2.255s] Level 1:colcon.colcon_core.environment:create_file_with_runtime_dependencies(/home/mustafa/Documents/GitHub/MCRL-SPIDER/install/launch_files/share/colcon-core/packages/launch_files)
[2.260s] Level 1:colcon.colcon_core.environment:create_environment_scripts_only(hexapod_description)
[2.268s] Level 1:colcon.colcon_core.environment:checking '/home/mustafa/Documents/GitHub/MCRL-SPIDER/install/hexapod_description' for CMake module files
[2.269s] DEBUG:colcon.colcon_core.event_handler.log_command:Invoked command in '/home/mustafa/Documents/GitHub/MCRL-SPIDER/build/hexapod_description' returned '0': CMAKE_PREFIX_PATH=/opt/ros/humble /usr/bin/cmake --install /home/mustafa/Documents/GitHub/MCRL-SPIDER/build/hexapod_description
[2.270s] Level 1:colcon.colcon_core.environment:checking '/home/mustafa/Documents/GitHub/MCRL-SPIDER/install/hexapod_description' for CMake config files
[2.270s] Level 1:colcon.colcon_core.shell:create_environment_hook('hexapod_description', 'cmake_prefix_path')
[2.274s] INFO:colcon.colcon_core.shell:Creating environment hook '/home/mustafa/Documents/GitHub/MCRL-SPIDER/install/hexapod_description/share/hexapod_description/hook/cmake_prefix_path.ps1'
[2.275s] INFO:colcon.colcon_core.shell:Creating environment descriptor '/home/mustafa/Documents/GitHub/MCRL-SPIDER/install/hexapod_description/share/hexapod_description/hook/cmake_prefix_path.dsv'
[2.275s] INFO:colcon.colcon_core.shell:Creating environment hook '/home/mustafa/Documents/GitHub/MCRL-SPIDER/install/hexapod_description/share/hexapod_description/hook/cmake_prefix_path.sh'
[2.276s] Level 1:colcon.colcon_core.environment:checking '/home/mustafa/Documents/GitHub/MCRL-SPIDER/install/hexapod_description/bin'
[2.276s] Level 1:colcon.colcon_core.environment:checking '/home/mustafa/Documents/GitHub/MCRL-SPIDER/install/hexapod_description/lib/pkgconfig/hexapod_description.pc'
[2.277s] Level 1:colcon.colcon_core.environment:checking '/home/mustafa/Documents/GitHub/MCRL-SPIDER/install/hexapod_description/lib/python3.10/site-packages'
[2.277s] Level 1:colcon.colcon_core.environment:checking '/home/mustafa/Documents/GitHub/MCRL-SPIDER/install/hexapod_description/bin'
[2.280s] INFO:colcon.colcon_core.shell:Creating package script '/home/mustafa/Documents/GitHub/MCRL-SPIDER/install/hexapod_description/share/hexapod_description/package.ps1'
[2.281s] INFO:colcon.colcon_core.shell:Creating package descriptor '/home/mustafa/Documents/GitHub/MCRL-SPIDER/install/hexapod_description/share/hexapod_description/package.dsv'
[2.282s] INFO:colcon.colcon_core.shell:Creating package script '/home/mustafa/Documents/GitHub/MCRL-SPIDER/install/hexapod_description/share/hexapod_description/package.sh'
[2.283s] INFO:colcon.colcon_core.shell:Creating package script '/home/mustafa/Documents/GitHub/MCRL-SPIDER/install/hexapod_description/share/hexapod_description/package.bash'
[2.284s] INFO:colcon.colcon_core.shell:Creating package script '/home/mustafa/Documents/GitHub/MCRL-SPIDER/install/hexapod_description/share/hexapod_description/package.zsh'
[2.285s] Level 1:colcon.colcon_core.environment:create_file_with_runtime_dependencies(/home/mustafa/Documents/GitHub/MCRL-SPIDER/install/hexapod_description/share/colcon-core/packages/hexapod_description)
[2.290s] Level 1:colcon.colcon_core.environment:create_environment_scripts_only(launch_files)
[2.295s] Level 1:colcon.colcon_core.environment:checking '/home/mustafa/Documents/GitHub/MCRL-SPIDER/install/launch_files' for CMake module files
[2.296s] Level 1:colcon.colcon_core.environment:checking '/home/mustafa/Documents/GitHub/MCRL-SPIDER/install/launch_files' for CMake config files
[2.296s] Level 1:colcon.colcon_core.shell:create_environment_hook('launch_files', 'cmake_prefix_path')
[2.299s] INFO:colcon.colcon_core.shell:Creating environment hook '/home/mustafa/Documents/GitHub/MCRL-SPIDER/install/launch_files/share/launch_files/hook/cmake_prefix_path.ps1'
[2.299s] INFO:colcon.colcon_core.shell:Creating environment descriptor '/home/mustafa/Documents/GitHub/MCRL-SPIDER/install/launch_files/share/launch_files/hook/cmake_prefix_path.dsv'
[2.300s] INFO:colcon.colcon_core.shell:Creating environment hook '/home/mustafa/Documents/GitHub/MCRL-SPIDER/install/launch_files/share/launch_files/hook/cmake_prefix_path.sh'
[2.301s] Level 1:colcon.colcon_core.environment:checking '/home/mustafa/Documents/GitHub/MCRL-SPIDER/install/launch_files/bin'
[2.301s] Level 1:colcon.colcon_core.environment:checking '/home/mustafa/Documents/GitHub/MCRL-SPIDER/install/launch_files/lib/pkgconfig/launch_files.pc'
[2.302s] Level 1:colcon.colcon_core.environment:checking '/home/mustafa/Documents/GitHub/MCRL-SPIDER/install/launch_files/lib/python3.10/site-packages'
[2.303s] Level 1:colcon.colcon_core.environment:checking '/home/mustafa/Documents/GitHub/MCRL-SPIDER/install/launch_files/bin'
[2.306s] INFO:colcon.colcon_core.shell:Creating package script '/home/mustafa/Documents/GitHub/MCRL-SPIDER/install/launch_files/share/launch_files/package.ps1'
[2.307s] INFO:colcon.colcon_core.shell:Creating package descriptor '/home/mustafa/Documents/GitHub/MCRL-SPIDER/install/launch_files/share/launch_files/package.dsv'
[2.307s] INFO:colcon.colcon_core.shell:Creating package script '/home/mustafa/Documents/GitHub/MCRL-SPIDER/install/launch_files/share/launch_files/package.sh'
[2.308s] INFO:colcon.colcon_core.shell:Creating package script '/home/mustafa/Documents/GitHub/MCRL-SPIDER/install/launch_files/share/launch_files/package.bash'
[2.309s] INFO:colcon.colcon_core.shell:Creating package script '/home/mustafa/Documents/GitHub/MCRL-SPIDER/install/launch_files/share/launch_files/package.zsh'
[2.309s] Level 1:colcon.colcon_core.environment:create_file_with_runtime_dependencies(/home/mustafa/Documents/GitHub/MCRL-SPIDER/install/launch_files/share/colcon-core/packages/launch_files)
[2.318s] Level 1:colcon.colcon_core.environment:create_environment_scripts_only(hexapod_description)
[2.322s] Level 1:colcon.colcon_core.environment:checking '/home/mustafa/Documents/GitHub/MCRL-SPIDER/install/hexapod_description' for CMake module files
[2.324s] Level 1:colcon.colcon_core.environment:checking '/home/mustafa/Documents/GitHub/MCRL-SPIDER/install/hexapod_description' for CMake config files
[2.325s] Level 1:colcon.colcon_core.shell:create_environment_hook('hexapod_description', 'cmake_prefix_path')
[2.328s] INFO:colcon.colcon_core.shell:Creating environment hook '/home/mustafa/Documents/GitHub/MCRL-SPIDER/install/hexapod_description/share/hexapod_description/hook/cmake_prefix_path.ps1'
[2.329s] INFO:colcon.colcon_core.shell:Creating environment descriptor '/home/mustafa/Documents/GitHub/MCRL-SPIDER/install/hexapod_description/share/hexapod_description/hook/cmake_prefix_path.dsv'
[2.330s] INFO:colcon.colcon_core.shell:Creating environment hook '/home/mustafa/Documents/GitHub/MCRL-SPIDER/install/hexapod_description/share/hexapod_description/hook/cmake_prefix_path.sh'
[2.331s] Level 1:colcon.colcon_core.environment:checking '/home/mustafa/Documents/GitHub/MCRL-SPIDER/install/hexapod_description/bin'
[2.331s] Level 1:colcon.colcon_core.environment:checking '/home/mustafa/Documents/GitHub/MCRL-SPIDER/install/hexapod_description/lib/pkgconfig/hexapod_description.pc'
[2.332s] Level 1:colcon.colcon_core.environment:checking '/home/mustafa/Documents/GitHub/MCRL-SPIDER/install/hexapod_description/lib/python3.10/site-packages'
[2.332s] Level 1:colcon.colcon_core.environment:checking '/home/mustafa/Documents/GitHub/MCRL-SPIDER/install/hexapod_description/bin'
[2.335s] INFO:colcon.colcon_core.shell:Creating package script '/home/mustafa/Documents/GitHub/MCRL-SPIDER/install/hexapod_description/share/hexapod_description/package.ps1'
[2.336s] INFO:colcon.colcon_core.shell:Creating package descriptor '/home/mustafa/Documents/GitHub/MCRL-SPIDER/install/hexapod_description/share/hexapod_description/package.dsv'
[2.337s] INFO:colcon.colcon_core.shell:Creating package script '/home/mustafa/Documents/GitHub/MCRL-SPIDER/install/hexapod_description/share/hexapod_description/package.sh'
[2.337s] INFO:colcon.colcon_core.shell:Creating package script '/home/mustafa/Documents/GitHub/MCRL-SPIDER/install/hexapod_description/share/hexapod_description/package.bash'
[2.339s] INFO:colcon.colcon_core.shell:Creating package script '/home/mustafa/Documents/GitHub/MCRL-SPIDER/install/hexapod_description/share/hexapod_description/package.zsh'
[2.339s] Level 1:colcon.colcon_core.environment:create_file_with_runtime_dependencies(/home/mustafa/Documents/GitHub/MCRL-SPIDER/install/hexapod_description/share/colcon-core/packages/hexapod_description)
[2.843s] Level 1:colcon.colcon_core.environment:checking '/home/mustafa/Documents/GitHub/MCRL-SPIDER/install/supervisor' for CMake module files
[2.845s] DEBUG:colcon.colcon_core.event_handler.log_command:Invoked command in '/home/mustafa/Documents/GitHub/MCRL-SPIDER/Software/src/supervisor' returned '0': PYTHONPATH=/home/mustafa/Documents/GitHub/MCRL-SPIDER/build/supervisor/prefix_override:/home/mustafa/Documents/GitHub/MCRL-SPIDER/install/supervisor/lib/python3.10/site-packages:${PYTHONPATH} /usr/bin/python3 setup.py egg_info --egg-base ../../../build/supervisor build --build-base /home/mustafa/Documents/GitHub/MCRL-SPIDER/build/supervisor/build install --record /home/mustafa/Documents/GitHub/MCRL-SPIDER/build/supervisor/install.log --install-scripts $base/lib/supervisor --single-version-externally-managed
[2.846s] Level 1:colcon.colcon_core.environment:checking '/home/mustafa/Documents/GitHub/MCRL-SPIDER/install/supervisor' for CMake config files
[2.847s] Level 1:colcon.colcon_core.environment:checking '/home/mustafa/Documents/GitHub/MCRL-SPIDER/install/supervisor/lib'
[2.848s] Level 1:colcon.colcon_core.environment:checking '/home/mustafa/Documents/GitHub/MCRL-SPIDER/install/supervisor/bin'
[2.848s] Level 1:colcon.colcon_core.environment:checking '/home/mustafa/Documents/GitHub/MCRL-SPIDER/install/supervisor/lib/pkgconfig/supervisor.pc'
[2.849s] Level 1:colcon.colcon_core.environment:checking '/home/mustafa/Documents/GitHub/MCRL-SPIDER/install/supervisor/lib/python3.10/site-packages'
[2.849s] Level 1:colcon.colcon_core.shell:create_environment_hook('supervisor', 'pythonpath')
[2.853s] INFO:colcon.colcon_core.shell:Creating environment hook '/home/mustafa/Documents/GitHub/MCRL-SPIDER/install/supervisor/share/supervisor/hook/pythonpath.ps1'
[2.855s] INFO:colcon.colcon_core.shell:Creating environment descriptor '/home/mustafa/Documents/GitHub/MCRL-SPIDER/install/supervisor/share/supervisor/hook/pythonpath.dsv'
[2.856s] INFO:colcon.colcon_core.shell:Creating environment hook '/home/mustafa/Documents/GitHub/MCRL-SPIDER/install/supervisor/share/supervisor/hook/pythonpath.sh'
[2.858s] Level 1:colcon.colcon_core.environment:checking '/home/mustafa/Documents/GitHub/MCRL-SPIDER/install/supervisor/bin'
[2.858s] Level 1:colcon.colcon_core.environment:create_environment_scripts_only(supervisor)
[2.862s] INFO:colcon.colcon_core.shell:Creating package script '/home/mustafa/Documents/GitHub/MCRL-SPIDER/install/supervisor/share/supervisor/package.ps1'
[2.863s] INFO:colcon.colcon_core.shell:Creating package descriptor '/home/mustafa/Documents/GitHub/MCRL-SPIDER/install/supervisor/share/supervisor/package.dsv'
[2.864s] INFO:colcon.colcon_core.shell:Creating package script '/home/mustafa/Documents/GitHub/MCRL-SPIDER/install/supervisor/share/supervisor/package.sh'
[2.865s] INFO:colcon.colcon_core.shell:Creating package script '/home/mustafa/Documents/GitHub/MCRL-SPIDER/install/supervisor/share/supervisor/package.bash'
[2.866s] INFO:colcon.colcon_core.shell:Creating package script '/home/mustafa/Documents/GitHub/MCRL-SPIDER/install/supervisor/share/supervisor/package.zsh'
[2.867s] Level 1:colcon.colcon_core.environment:create_file_with_runtime_dependencies(/home/mustafa/Documents/GitHub/MCRL-SPIDER/install/supervisor/share/colcon-core/packages/supervisor)
[3.130s] DEBUG:colcon.colcon_core.event_handler.log_command:Invoked command in '/home/mustafa/Documents/GitHub/MCRL-SPIDER/build/dynamixel_sdk' returned '0': CMAKE_PREFIX_PATH=/opt/ros/humble /usr/bin/cmake --build /home/mustafa/Documents/GitHub/MCRL-SPIDER/build/dynamixel_sdk -- -j16 -l16
[3.164s] DEBUG:colcon.colcon_core.event_handler.log_command:Invoking command in '/home/mustafa/Documents/GitHub/MCRL-SPIDER/build/dynamixel_sdk': CMAKE_PREFIX_PATH=/opt/ros/humble /usr/bin/cmake --install /home/mustafa/Documents/GitHub/MCRL-SPIDER/build/dynamixel_sdk
[3.176s] Level 1:colcon.colcon_core.environment:create_environment_scripts_only(dynamixel_sdk)
[3.181s] Level 1:colcon.colcon_core.environment:checking '/home/mustafa/Documents/GitHub/MCRL-SPIDER/install/dynamixel_sdk' for CMake module files
[3.181s] DEBUG:colcon.colcon_core.event_handler.log_command:Invoked command in '/home/mustafa/Documents/GitHub/MCRL-SPIDER/build/dynamixel_sdk' returned '0': CMAKE_PREFIX_PATH=/opt/ros/humble /usr/bin/cmake --install /home/mustafa/Documents/GitHub/MCRL-SPIDER/build/dynamixel_sdk
[3.182s] Level 1:colcon.colcon_core.environment:checking '/home/mustafa/Documents/GitHub/MCRL-SPIDER/install/dynamixel_sdk' for CMake config files
[3.182s] Level 1:colcon.colcon_core.shell:create_environment_hook('dynamixel_sdk', 'cmake_prefix_path')
[3.185s] INFO:colcon.colcon_core.shell:Creating environment hook '/home/mustafa/Documents/GitHub/MCRL-SPIDER/install/dynamixel_sdk/share/dynamixel_sdk/hook/cmake_prefix_path.ps1'
[3.186s] INFO:colcon.colcon_core.shell:Creating environment descriptor '/home/mustafa/Documents/GitHub/MCRL-SPIDER/install/dynamixel_sdk/share/dynamixel_sdk/hook/cmake_prefix_path.dsv'
[3.186s] INFO:colcon.colcon_core.shell:Creating environment hook '/home/mustafa/Documents/GitHub/MCRL-SPIDER/install/dynamixel_sdk/share/dynamixel_sdk/hook/cmake_prefix_path.sh'
[3.186s] Level 1:colcon.colcon_core.environment:checking '/home/mustafa/Documents/GitHub/MCRL-SPIDER/install/dynamixel_sdk/lib'
[3.187s] Level 1:colcon.colcon_core.shell:create_environment_hook('dynamixel_sdk', 'ld_library_path_lib')
[3.188s] INFO:colcon.colcon_core.shell:Creating environment hook '/home/mustafa/Documents/GitHub/MCRL-SPIDER/install/dynamixel_sdk/share/dynamixel_sdk/hook/ld_library_path_lib.ps1'
[3.188s] INFO:colcon.colcon_core.shell:Creating environment descriptor '/home/mustafa/Documents/GitHub/MCRL-SPIDER/install/dynamixel_sdk/share/dynamixel_sdk/hook/ld_library_path_lib.dsv'
[3.189s] INFO:colcon.colcon_core.shell:Creating environment hook '/home/mustafa/Documents/GitHub/MCRL-SPIDER/install/dynamixel_sdk/share/dynamixel_sdk/hook/ld_library_path_lib.sh'
[3.189s] Level 1:colcon.colcon_core.environment:checking '/home/mustafa/Documents/GitHub/MCRL-SPIDER/install/dynamixel_sdk/bin'
[3.189s] Level 1:colcon.colcon_core.environment:checking '/home/mustafa/Documents/GitHub/MCRL-SPIDER/install/dynamixel_sdk/lib/pkgconfig/dynamixel_sdk.pc'
[3.189s] Level 1:colcon.colcon_core.environment:checking '/home/mustafa/Documents/GitHub/MCRL-SPIDER/install/dynamixel_sdk/lib/python3.10/site-packages'
[3.189s] Level 1:colcon.colcon_core.environment:checking '/home/mustafa/Documents/GitHub/MCRL-SPIDER/install/dynamixel_sdk/bin'
[3.191s] INFO:colcon.colcon_core.shell:Creating package script '/home/mustafa/Documents/GitHub/MCRL-SPIDER/install/dynamixel_sdk/share/dynamixel_sdk/package.ps1'
[3.191s] INFO:colcon.colcon_core.shell:Creating package descriptor '/home/mustafa/Documents/GitHub/MCRL-SPIDER/install/dynamixel_sdk/share/dynamixel_sdk/package.dsv'
[3.192s] INFO:colcon.colcon_core.shell:Creating package script '/home/mustafa/Documents/GitHub/MCRL-SPIDER/install/dynamixel_sdk/share/dynamixel_sdk/package.sh'
[3.192s] INFO:colcon.colcon_core.shell:Creating package script '/home/mustafa/Documents/GitHub/MCRL-SPIDER/install/dynamixel_sdk/share/dynamixel_sdk/package.bash'
[3.193s] INFO:colcon.colcon_core.shell:Creating package script '/home/mustafa/Documents/GitHub/MCRL-SPIDER/install/dynamixel_sdk/share/dynamixel_sdk/package.zsh'
[3.193s] Level 1:colcon.colcon_core.environment:create_file_with_runtime_dependencies(/home/mustafa/Documents/GitHub/MCRL-SPIDER/install/dynamixel_sdk/share/colcon-core/packages/dynamixel_sdk)
[3.227s] Level 1:colcon.colcon_core.environment:create_environment_scripts_only(dynamixel_sdk)
[3.229s] Level 1:colcon.colcon_core.environment:checking '/home/mustafa/Documents/GitHub/MCRL-SPIDER/install/dynamixel_sdk' for CMake module files
[3.229s] Level 1:colcon.colcon_core.environment:checking '/home/mustafa/Documents/GitHub/MCRL-SPIDER/install/dynamixel_sdk' for CMake config files
[3.230s] Level 1:colcon.colcon_core.shell:create_environment_hook('dynamixel_sdk', 'cmake_prefix_path')
[3.231s] INFO:colcon.colcon_core.shell:Creating environment hook '/home/mustafa/Documents/GitHub/MCRL-SPIDER/install/dynamixel_sdk/share/dynamixel_sdk/hook/cmake_prefix_path.ps1'
[3.231s] INFO:colcon.colcon_core.shell:Creating environment descriptor '/home/mustafa/Documents/GitHub/MCRL-SPIDER/install/dynamixel_sdk/share/dynamixel_sdk/hook/cmake_prefix_path.dsv'
[3.232s] INFO:colcon.colcon_core.shell:Creating environment hook '/home/mustafa/Documents/GitHub/MCRL-SPIDER/install/dynamixel_sdk/share/dynamixel_sdk/hook/cmake_prefix_path.sh'
[3.232s] Level 1:colcon.colcon_core.environment:checking '/home/mustafa/Documents/GitHub/MCRL-SPIDER/install/dynamixel_sdk/lib'
[3.232s] Level 1:colcon.colcon_core.shell:create_environment_hook('dynamixel_sdk', 'ld_library_path_lib')
[3.233s] INFO:colcon.colcon_core.shell:Creating environment hook '/home/mustafa/Documents/GitHub/MCRL-SPIDER/install/dynamixel_sdk/share/dynamixel_sdk/hook/ld_library_path_lib.ps1'
[3.234s] INFO:colcon.colcon_core.shell:Creating environment descriptor '/home/mustafa/Documents/GitHub/MCRL-SPIDER/install/dynamixel_sdk/share/dynamixel_sdk/hook/ld_library_path_lib.dsv'
[3.234s] INFO:colcon.colcon_core.shell:Creating environment hook '/home/mustafa/Documents/GitHub/MCRL-SPIDER/install/dynamixel_sdk/share/dynamixel_sdk/hook/ld_library_path_lib.sh'
[3.234s] Level 1:colcon.colcon_core.environment:checking '/home/mustafa/Documents/GitHub/MCRL-SPIDER/install/dynamixel_sdk/bin'
[3.234s] Level 1:colcon.colcon_core.environment:checking '/home/mustafa/Documents/GitHub/MCRL-SPIDER/install/dynamixel_sdk/lib/pkgconfig/dynamixel_sdk.pc'
[3.235s] Level 1:colcon.colcon_core.environment:checking '/home/mustafa/Documents/GitHub/MCRL-SPIDER/install/dynamixel_sdk/lib/python3.10/site-packages'
[3.235s] Level 1:colcon.colcon_core.environment:checking '/home/mustafa/Documents/GitHub/MCRL-SPIDER/install/dynamixel_sdk/bin'
[3.236s] INFO:colcon.colcon_core.shell:Creating package script '/home/mustafa/Documents/GitHub/MCRL-SPIDER/install/dynamixel_sdk/share/dynamixel_sdk/package.ps1'
[3.237s] INFO:colcon.colcon_core.shell:Creating package descriptor '/home/mustafa/Documents/GitHub/MCRL-SPIDER/install/dynamixel_sdk/share/dynamixel_sdk/package.dsv'
[3.237s] INFO:colcon.colcon_core.shell:Creating package script '/home/mustafa/Documents/GitHub/MCRL-SPIDER/install/dynamixel_sdk/share/dynamixel_sdk/package.sh'
[3.237s] INFO:colcon.colcon_core.shell:Creating package script '/home/mustafa/Documents/GitHub/MCRL-SPIDER/install/dynamixel_sdk/share/dynamixel_sdk/package.bash'
[3.238s] INFO:colcon.colcon_core.shell:Creating package script '/home/mustafa/Documents/GitHub/MCRL-SPIDER/install/dynamixel_sdk/share/dynamixel_sdk/package.zsh'
[3.238s] Level 1:colcon.colcon_core.environment:create_file_with_runtime_dependencies(/home/mustafa/Documents/GitHub/MCRL-SPIDER/install/dynamixel_sdk/share/colcon-core/packages/dynamixel_sdk)
[3.799s] DEBUG:colcon.colcon_core.event_handler.log_command:Invoked command in '/home/mustafa/Documents/GitHub/MCRL-SPIDER/build/hexapod_msgs' returned '0': CMAKE_PREFIX_PATH=/opt/ros/humble /usr/bin/cmake /home/mustafa/Documents/GitHub/MCRL-SPIDER/Software/src/hexapod_msgs -DCMAKE_INSTALL_PREFIX=/home/mustafa/Documents/GitHub/MCRL-SPIDER/install/hexapod_msgs
[3.800s] DEBUG:colcon.colcon_core.event_handler.log_command:Invoking command in '/home/mustafa/Documents/GitHub/MCRL-SPIDER/build/hexapod_msgs': CMAKE_PREFIX_PATH=/opt/ros/humble /usr/bin/cmake --build /home/mustafa/Documents/GitHub/MCRL-SPIDER/build/hexapod_msgs -- -j16 -l16
[8.161s] DEBUG:colcon.colcon_core.event_handler.log_command:Invoked command in '/home/mustafa/Documents/GitHub/MCRL-SPIDER/build/hexapod_msgs' returned '0': CMAKE_PREFIX_PATH=/opt/ros/humble /usr/bin/cmake --build /home/mustafa/Documents/GitHub/MCRL-SPIDER/build/hexapod_msgs -- -j16 -l16
[8.246s] DEBUG:colcon.colcon_core.event_handler.log_command:Invoking command in '/home/mustafa/Documents/GitHub/MCRL-SPIDER/build/hexapod_msgs': CMAKE_PREFIX_PATH=/opt/ros/humble /usr/bin/cmake --install /home/mustafa/Documents/GitHub/MCRL-SPIDER/build/hexapod_msgs
[8.315s] Level 1:colcon.colcon_core.environment:create_environment_scripts_only(hexapod_msgs)
[8.316s] DEBUG:colcon.colcon_core.event_handler.log_command:Invoked command in '/home/mustafa/Documents/GitHub/MCRL-SPIDER/build/hexapod_msgs' returned '0': CMAKE_PREFIX_PATH=/opt/ros/humble /usr/bin/cmake --install /home/mustafa/Documents/GitHub/MCRL-SPIDER/build/hexapod_msgs
[8.317s] Level 1:colcon.colcon_core.environment:checking '/home/mustafa/Documents/GitHub/MCRL-SPIDER/install/hexapod_msgs' for CMake module files
[8.318s] Level 1:colcon.colcon_core.environment:checking '/home/mustafa/Documents/GitHub/MCRL-SPIDER/install/hexapod_msgs' for CMake config files
[8.318s] Level 1:colcon.colcon_core.shell:create_environment_hook('hexapod_msgs', 'cmake_prefix_path')
[8.319s] INFO:colcon.colcon_core.shell:Creating environment hook '/home/mustafa/Documents/GitHub/MCRL-SPIDER/install/hexapod_msgs/share/hexapod_msgs/hook/cmake_prefix_path.ps1'
[8.319s] INFO:colcon.colcon_core.shell:Creating environment descriptor '/home/mustafa/Documents/GitHub/MCRL-SPIDER/install/hexapod_msgs/share/hexapod_msgs/hook/cmake_prefix_path.dsv'
[8.320s] INFO:colcon.colcon_core.shell:Creating environment hook '/home/mustafa/Documents/GitHub/MCRL-SPIDER/install/hexapod_msgs/share/hexapod_msgs/hook/cmake_prefix_path.sh'
[8.320s] Level 1:colcon.colcon_core.environment:checking '/home/mustafa/Documents/GitHub/MCRL-SPIDER/install/hexapod_msgs/lib'
[8.320s] Level 1:colcon.colcon_core.shell:create_environment_hook('hexapod_msgs', 'ld_library_path_lib')
[8.321s] INFO:colcon.colcon_core.shell:Creating environment hook '/home/mustafa/Documents/GitHub/MCRL-SPIDER/install/hexapod_msgs/share/hexapod_msgs/hook/ld_library_path_lib.ps1'
[8.321s] INFO:colcon.colcon_core.shell:Creating environment descriptor '/home/mustafa/Documents/GitHub/MCRL-SPIDER/install/hexapod_msgs/share/hexapod_msgs/hook/ld_library_path_lib.dsv'
[8.322s] INFO:colcon.colcon_core.shell:Creating environment hook '/home/mustafa/Documents/GitHub/MCRL-SPIDER/install/hexapod_msgs/share/hexapod_msgs/hook/ld_library_path_lib.sh'
[8.322s] Level 1:colcon.colcon_core.environment:checking '/home/mustafa/Documents/GitHub/MCRL-SPIDER/install/hexapod_msgs/bin'
[8.322s] Level 1:colcon.colcon_core.environment:checking '/home/mustafa/Documents/GitHub/MCRL-SPIDER/install/hexapod_msgs/lib/pkgconfig/hexapod_msgs.pc'
[8.322s] Level 1:colcon.colcon_core.environment:checking '/home/mustafa/Documents/GitHub/MCRL-SPIDER/install/hexapod_msgs/lib/python3.10/site-packages'
[8.322s] Level 1:colcon.colcon_core.environment:checking '/home/mustafa/Documents/GitHub/MCRL-SPIDER/install/hexapod_msgs/bin'
[8.323s] INFO:colcon.colcon_core.shell:Creating package script '/home/mustafa/Documents/GitHub/MCRL-SPIDER/install/hexapod_msgs/share/hexapod_msgs/package.ps1'
[8.324s] INFO:colcon.colcon_core.shell:Creating package descriptor '/home/mustafa/Documents/GitHub/MCRL-SPIDER/install/hexapod_msgs/share/hexapod_msgs/package.dsv'
[8.324s] INFO:colcon.colcon_core.shell:Creating package script '/home/mustafa/Documents/GitHub/MCRL-SPIDER/install/hexapod_msgs/share/hexapod_msgs/package.sh'
[8.324s] INFO:colcon.colcon_core.shell:Creating package script '/home/mustafa/Documents/GitHub/MCRL-SPIDER/install/hexapod_msgs/share/hexapod_msgs/package.bash'
[8.325s] INFO:colcon.colcon_core.shell:Creating package script '/home/mustafa/Documents/GitHub/MCRL-SPIDER/install/hexapod_msgs/share/hexapod_msgs/package.zsh'
[8.325s] Level 1:colcon.colcon_core.environment:create_file_with_runtime_dependencies(/home/mustafa/Documents/GitHub/MCRL-SPIDER/install/hexapod_msgs/share/colcon-core/packages/hexapod_msgs)
[8.415s] Level 1:colcon.colcon_core.environment:create_environment_scripts_only(hexapod_msgs)
[8.419s] Level 1:colcon.colcon_core.environment:checking '/home/mustafa/Documents/GitHub/MCRL-SPIDER/install/hexapod_msgs' for CMake module files
[8.420s] Level 1:colcon.colcon_core.environment:checking '/home/mustafa/Documents/GitHub/MCRL-SPIDER/install/hexapod_msgs' for CMake config files
[8.420s] Level 1:colcon.colcon_core.shell:create_environment_hook('hexapod_msgs', 'cmake_prefix_path')
[8.422s] INFO:colcon.colcon_core.shell:Creating environment hook '/home/mustafa/Documents/GitHub/MCRL-SPIDER/install/hexapod_msgs/share/hexapod_msgs/hook/cmake_prefix_path.ps1'
[8.423s] INFO:colcon.colcon_core.shell:Creating environment descriptor '/home/mustafa/Documents/GitHub/MCRL-SPIDER/install/hexapod_msgs/share/hexapod_msgs/hook/cmake_prefix_path.dsv'
[8.423s] INFO:colcon.colcon_core.shell:Creating environment hook '/home/mustafa/Documents/GitHub/MCRL-SPIDER/install/hexapod_msgs/share/hexapod_msgs/hook/cmake_prefix_path.sh'
[8.424s] Level 1:colcon.colcon_core.environment:checking '/home/mustafa/Documents/GitHub/MCRL-SPIDER/install/hexapod_msgs/lib'
[8.424s] Level 1:colcon.colcon_core.shell:create_environment_hook('hexapod_msgs', 'ld_library_path_lib')
[8.427s] INFO:colcon.colcon_core.shell:Creating environment hook '/home/mustafa/Documents/GitHub/MCRL-SPIDER/install/hexapod_msgs/share/hexapod_msgs/hook/ld_library_path_lib.ps1'
[8.427s] INFO:colcon.colcon_core.shell:Creating environment descriptor '/home/mustafa/Documents/GitHub/MCRL-SPIDER/install/hexapod_msgs/share/hexapod_msgs/hook/ld_library_path_lib.dsv'
[8.428s] INFO:colcon.colcon_core.shell:Creating environment hook '/home/mustafa/Documents/GitHub/MCRL-SPIDER/install/hexapod_msgs/share/hexapod_msgs/hook/ld_library_path_lib.sh'
[8.428s] Level 1:colcon.colcon_core.environment:checking '/home/mustafa/Documents/GitHub/MCRL-SPIDER/install/hexapod_msgs/bin'
[8.429s] Level 1:colcon.colcon_core.environment:checking '/home/mustafa/Documents/GitHub/MCRL-SPIDER/install/hexapod_msgs/lib/pkgconfig/hexapod_msgs.pc'
[8.429s] Level 1:colcon.colcon_core.environment:checking '/home/mustafa/Documents/GitHub/MCRL-SPIDER/install/hexapod_msgs/lib/python3.10/site-packages'
[8.429s] Level 1:colcon.colcon_core.environment:checking '/home/mustafa/Documents/GitHub/MCRL-SPIDER/install/hexapod_msgs/bin'
[8.433s] INFO:colcon.colcon_core.shell:Creating package script '/home/mustafa/Documents/GitHub/MCRL-SPIDER/install/hexapod_msgs/share/hexapod_msgs/package.ps1'
[8.434s] INFO:colcon.colcon_core.shell:Creating package descriptor '/home/mustafa/Documents/GitHub/MCRL-SPIDER/install/hexapod_msgs/share/hexapod_msgs/package.dsv'
[8.435s] INFO:colcon.colcon_core.shell:Creating package script '/home/mustafa/Documents/GitHub/MCRL-SPIDER/install/hexapod_msgs/share/hexapod_msgs/package.sh'
[8.437s] INFO:colcon.colcon_core.shell:Creating package script '/home/mustafa/Documents/GitHub/MCRL-SPIDER/install/hexapod_msgs/share/hexapod_msgs/package.bash'
[8.437s] INFO:colcon.colcon_core.shell:Creating package script '/home/mustafa/Documents/GitHub/MCRL-SPIDER/install/hexapod_msgs/share/hexapod_msgs/package.zsh'
[8.438s] Level 1:colcon.colcon_core.environment:create_file_with_runtime_dependencies(/home/mustafa/Documents/GitHub/MCRL-SPIDER/install/hexapod_msgs/share/colcon-core/packages/hexapod_msgs)
[8.439s] INFO:colcon.colcon_ros.task.ament_cmake.build:Building ROS package in '/home/mustafa/Documents/GitHub/MCRL-SPIDER/Software/src/hexapod_control' with build type 'ament_cmake'
[8.439s] INFO:colcon.colcon_cmake.task.cmake.build:Building CMake package in '/home/mustafa/Documents/GitHub/MCRL-SPIDER/Software/src/hexapod_control'
[8.442s] INFO:colcon.colcon_core.shell:Skip shell extension 'powershell' for command environment: Not usable outside of PowerShell
[8.442s] DEBUG:colcon.colcon_core.shell:Skip shell extension 'dsv' for command environment
[8.458s] DEBUG:colcon.colcon_core.event_handler.log_command:Invoking command in '/home/mustafa/Documents/GitHub/MCRL-SPIDER/build/hexapod_control': AMENT_PREFIX_PATH=/home/mustafa/Documents/GitHub/MCRL-SPIDER/install/hexapod_msgs:/home/mustafa/Documents/GitHub/MCRL-SPIDER/install/dynamixel_sdk:${AMENT_PREFIX_PATH} CMAKE_PREFIX_PATH=/home/mustafa/Documents/GitHub/MCRL-SPIDER/install/hexapod_msgs:/home/mustafa/Documents/GitHub/MCRL-SPIDER/install/dynamixel_sdk:/opt/ros/humble LD_LIBRARY_PATH=/home/mustafa/Documents/GitHub/MCRL-SPIDER/install/hexapod_msgs/lib:/home/mustafa/Documents/GitHub/MCRL-SPIDER/install/dynamixel_sdk/lib:${LD_LIBRARY_PATH} PYTHONPATH=/home/mustafa/Documents/GitHub/MCRL-SPIDER/install/hexapod_msgs/local/lib/python3.10/dist-packages:${PYTHONPATH} /usr/bin/cmake /home/mustafa/Documents/GitHub/MCRL-SPIDER/Software/src/hexapod_control -DCMAKE_INSTALL_PREFIX=/home/mustafa/Documents/GitHub/MCRL-SPIDER/install/hexapod_control
[9.951s] DEBUG:colcon.colcon_core.event_handler.log_command:Invoked command in '/home/mustafa/Documents/GitHub/MCRL-SPIDER/build/hexapod_control' returned '0': AMENT_PREFIX_PATH=/home/mustafa/Documents/GitHub/MCRL-SPIDER/install/hexapod_msgs:/home/mustafa/Documents/GitHub/MCRL-SPIDER/install/dynamixel_sdk:${AMENT_PREFIX_PATH} CMAKE_PREFIX_PATH=/home/mustafa/Documents/GitHub/MCRL-SPIDER/install/hexapod_msgs:/home/mustafa/Documents/GitHub/MCRL-SPIDER/install/dynamixel_sdk:/opt/ros/humble LD_LIBRARY_PATH=/home/mustafa/Documents/GitHub/MCRL-SPIDER/install/hexapod_msgs/lib:/home/mustafa/Documents/GitHub/MCRL-SPIDER/install/dynamixel_sdk/lib:${LD_LIBRARY_PATH} PYTHONPATH=/home/mustafa/Documents/GitHub/MCRL-SPIDER/install/hexapod_msgs/local/lib/python3.10/dist-packages:${PYTHONPATH} /usr/bin/cmake /home/mustafa/Documents/GitHub/MCRL-SPIDER/Software/src/hexapod_control -DCMAKE_INSTALL_PREFIX=/home/mustafa/Documents/GitHub/MCRL-SPIDER/install/hexapod_control
[9.952s] DEBUG:colcon.colcon_core.event_handler.log_command:Invoking command in '/home/mustafa/Documents/GitHub/MCRL-SPIDER/build/hexapod_control': AMENT_PREFIX_PATH=/home/mustafa/Documents/GitHub/MCRL-SPIDER/install/hexapod_msgs:/home/mustafa/Documents/GitHub/MCRL-SPIDER/install/dynamixel_sdk:${AMENT_PREFIX_PATH} CMAKE_PREFIX_PATH=/home/mustafa/Documents/GitHub/MCRL-SPIDER/install/hexapod_msgs:/home/mustafa/Documents/GitHub/MCRL-SPIDER/install/dynamixel_sdk:/opt/ros/humble LD_LIBRARY_PATH=/home/mustafa/Documents/GitHub/MCRL-SPIDER/install/hexapod_msgs/lib:/home/mustafa/Documents/GitHub/MCRL-SPIDER/install/dynamixel_sdk/lib:${LD_LIBRARY_PATH} PYTHONPATH=/home/mustafa/Documents/GitHub/MCRL-SPIDER/install/hexapod_msgs/local/lib/python3.10/dist-packages:${PYTHONPATH} /usr/bin/cmake --build /home/mustafa/Documents/GitHub/MCRL-SPIDER/build/hexapod_control -- -j16 -l16
[27.328s] DEBUG:colcon.colcon_core.event_handler.log_command:Invoked command in '/home/mustafa/Documents/GitHub/MCRL-SPIDER/build/hexapod_control' returned '0': AMENT_PREFIX_PATH=/home/mustafa/Documents/GitHub/MCRL-SPIDER/install/hexapod_msgs:/home/mustafa/Documents/GitHub/MCRL-SPIDER/install/dynamixel_sdk:${AMENT_PREFIX_PATH} CMAKE_PREFIX_PATH=/home/mustafa/Documents/GitHub/MCRL-SPIDER/install/hexapod_msgs:/home/mustafa/Documents/GitHub/MCRL-SPIDER/install/dynamixel_sdk:/opt/ros/humble LD_LIBRARY_PATH=/home/mustafa/Documents/GitHub/MCRL-SPIDER/install/hexapod_msgs/lib:/home/mustafa/Documents/GitHub/MCRL-SPIDER/install/dynamixel_sdk/lib:${LD_LIBRARY_PATH} PYTHONPATH=/home/mustafa/Documents/GitHub/MCRL-SPIDER/install/hexapod_msgs/local/lib/python3.10/dist-packages:${PYTHONPATH} /usr/bin/cmake --build /home/mustafa/Documents/GitHub/MCRL-SPIDER/build/hexapod_control -- -j16 -l16
[27.361s] DEBUG:colcon.colcon_core.event_handler.log_command:Invoking command in '/home/mustafa/Documents/GitHub/MCRL-SPIDER/build/hexapod_control': AMENT_PREFIX_PATH=/home/mustafa/Documents/GitHub/MCRL-SPIDER/install/hexapod_msgs:/home/mustafa/Documents/GitHub/MCRL-SPIDER/install/dynamixel_sdk:${AMENT_PREFIX_PATH} CMAKE_PREFIX_PATH=/home/mustafa/Documents/GitHub/MCRL-SPIDER/install/hexapod_msgs:/home/mustafa/Documents/GitHub/MCRL-SPIDER/install/dynamixel_sdk:/opt/ros/humble LD_LIBRARY_PATH=/home/mustafa/Documents/GitHub/MCRL-SPIDER/install/hexapod_msgs/lib:/home/mustafa/Documents/GitHub/MCRL-SPIDER/install/dynamixel_sdk/lib:${LD_LIBRARY_PATH} PYTHONPATH=/home/mustafa/Documents/GitHub/MCRL-SPIDER/install/hexapod_msgs/local/lib/python3.10/dist-packages:${PYTHONPATH} /usr/bin/cmake --install /home/mustafa/Documents/GitHub/MCRL-SPIDER/build/hexapod_control
[27.373s] Level 1:colcon.colcon_core.environment:create_environment_scripts_only(hexapod_control)
[27.374s] DEBUG:colcon.colcon_core.event_handler.log_command:Invoked command in '/home/mustafa/Documents/GitHub/MCRL-SPIDER/build/hexapod_control' returned '0': AMENT_PREFIX_PATH=/home/mustafa/Documents/GitHub/MCRL-SPIDER/install/hexapod_msgs:/home/mustafa/Documents/GitHub/MCRL-SPIDER/install/dynamixel_sdk:${AMENT_PREFIX_PATH} CMAKE_PREFIX_PATH=/home/mustafa/Documents/GitHub/MCRL-SPIDER/install/hexapod_msgs:/home/mustafa/Documents/GitHub/MCRL-SPIDER/install/dynamixel_sdk:/opt/ros/humble LD_LIBRARY_PATH=/home/mustafa/Documents/GitHub/MCRL-SPIDER/install/hexapod_msgs/lib:/home/mustafa/Documents/GitHub/MCRL-SPIDER/install/dynamixel_sdk/lib:${LD_LIBRARY_PATH} PYTHONPATH=/home/mustafa/Documents/GitHub/MCRL-SPIDER/install/hexapod_msgs/local/lib/python3.10/dist-packages:${PYTHONPATH} /usr/bin/cmake --install /home/mustafa/Documents/GitHub/MCRL-SPIDER/build/hexapod_control
[27.375s] Level 1:colcon.colcon_core.environment:checking '/home/mustafa/Documents/GitHub/MCRL-SPIDER/install/hexapod_control' for CMake module files
[27.376s] Level 1:colcon.colcon_core.environment:checking '/home/mustafa/Documents/GitHub/MCRL-SPIDER/install/hexapod_control' for CMake config files
[27.376s] Level 1:colcon.colcon_core.shell:create_environment_hook('hexapod_control', 'cmake_prefix_path')
[27.377s] INFO:colcon.colcon_core.shell:Creating environment hook '/home/mustafa/Documents/GitHub/MCRL-SPIDER/install/hexapod_control/share/hexapod_control/hook/cmake_prefix_path.ps1'
[27.378s] INFO:colcon.colcon_core.shell:Creating environment descriptor '/home/mustafa/Documents/GitHub/MCRL-SPIDER/install/hexapod_control/share/hexapod_control/hook/cmake_prefix_path.dsv'
[27.378s] INFO:colcon.colcon_core.shell:Creating environment hook '/home/mustafa/Documents/GitHub/MCRL-SPIDER/install/hexapod_control/share/hexapod_control/hook/cmake_prefix_path.sh'
[27.379s] Level 1:colcon.colcon_core.environment:checking '/home/mustafa/Documents/GitHub/MCRL-SPIDER/install/hexapod_control/lib'
[27.379s] Level 1:colcon.colcon_core.shell:create_environment_hook('hexapod_control', 'ld_library_path_lib')
[27.380s] INFO:colcon.colcon_core.shell:Creating environment hook '/home/mustafa/Documents/GitHub/MCRL-SPIDER/install/hexapod_control/share/hexapod_control/hook/ld_library_path_lib.ps1'
[27.380s] INFO:colcon.colcon_core.shell:Creating environment descriptor '/home/mustafa/Documents/GitHub/MCRL-SPIDER/install/hexapod_control/share/hexapod_control/hook/ld_library_path_lib.dsv'
[27.380s] INFO:colcon.colcon_core.shell:Creating environment hook '/home/mustafa/Documents/GitHub/MCRL-SPIDER/install/hexapod_control/share/hexapod_control/hook/ld_library_path_lib.sh'
[27.381s] Level 1:colcon.colcon_core.environment:checking '/home/mustafa/Documents/GitHub/MCRL-SPIDER/install/hexapod_control/bin'
[27.381s] Level 1:colcon.colcon_core.environment:checking '/home/mustafa/Documents/GitHub/MCRL-SPIDER/install/hexapod_control/lib/pkgconfig/hexapod_control.pc'
[27.381s] Level 1:colcon.colcon_core.environment:checking '/home/mustafa/Documents/GitHub/MCRL-SPIDER/install/hexapod_control/lib/python3.10/site-packages'
[27.381s] Level 1:colcon.colcon_core.environment:checking '/home/mustafa/Documents/GitHub/MCRL-SPIDER/install/hexapod_control/bin'
[27.383s] INFO:colcon.colcon_core.shell:Creating package script '/home/mustafa/Documents/GitHub/MCRL-SPIDER/install/hexapod_control/share/hexapod_control/package.ps1'
[27.383s] INFO:colcon.colcon_core.shell:Creating package descriptor '/home/mustafa/Documents/GitHub/MCRL-SPIDER/install/hexapod_control/share/hexapod_control/package.dsv'
[27.384s] INFO:colcon.colcon_core.shell:Creating package script '/home/mustafa/Documents/GitHub/MCRL-SPIDER/install/hexapod_control/share/hexapod_control/package.sh'
[27.384s] INFO:colcon.colcon_core.shell:Creating package script '/home/mustafa/Documents/GitHub/MCRL-SPIDER/install/hexapod_control/share/hexapod_control/package.bash'
[27.385s] INFO:colcon.colcon_core.shell:Creating package script '/home/mustafa/Documents/GitHub/MCRL-SPIDER/install/hexapod_control/share/hexapod_control/package.zsh'
[27.385s] Level 1:colcon.colcon_core.environment:create_file_with_runtime_dependencies(/home/mustafa/Documents/GitHub/MCRL-SPIDER/install/hexapod_control/share/colcon-core/packages/hexapod_control)
[27.422s] Level 1:colcon.colcon_core.environment:create_environment_scripts_only(hexapod_control)
[27.424s] Level 1:colcon.colcon_core.environment:checking '/home/mustafa/Documents/GitHub/MCRL-SPIDER/install/hexapod_control' for CMake module files
[27.424s] Level 1:colcon.colcon_core.environment:checking '/home/mustafa/Documents/GitHub/MCRL-SPIDER/install/hexapod_control' for CMake config files
[27.425s] Level 1:colcon.colcon_core.shell:create_environment_hook('hexapod_control', 'cmake_prefix_path')
[27.426s] INFO:colcon.colcon_core.shell:Creating environment hook '/home/mustafa/Documents/GitHub/MCRL-SPIDER/install/hexapod_control/share/hexapod_control/hook/cmake_prefix_path.ps1'
[27.426s] INFO:colcon.colcon_core.shell:Creating environment descriptor '/home/mustafa/Documents/GitHub/MCRL-SPIDER/install/hexapod_control/share/hexapod_control/hook/cmake_prefix_path.dsv'
[27.426s] INFO:colcon.colcon_core.shell:Creating environment hook '/home/mustafa/Documents/GitHub/MCRL-SPIDER/install/hexapod_control/share/hexapod_control/hook/cmake_prefix_path.sh'
[27.427s] Level 1:colcon.colcon_core.environment:checking '/home/mustafa/Documents/GitHub/MCRL-SPIDER/install/hexapod_control/lib'
[27.427s] Level 1:colcon.colcon_core.shell:create_environment_hook('hexapod_control', 'ld_library_path_lib')
[27.428s] INFO:colcon.colcon_core.shell:Creating environment hook '/home/mustafa/Documents/GitHub/MCRL-SPIDER/install/hexapod_control/share/hexapod_control/hook/ld_library_path_lib.ps1'
[27.428s] INFO:colcon.colcon_core.shell:Creating environment descriptor '/home/mustafa/Documents/GitHub/MCRL-SPIDER/install/hexapod_control/share/hexapod_control/hook/ld_library_path_lib.dsv'
[27.429s] INFO:colcon.colcon_core.shell:Creating environment hook '/home/mustafa/Documents/GitHub/MCRL-SPIDER/install/hexapod_control/share/hexapod_control/hook/ld_library_path_lib.sh'
[27.429s] Level 1:colcon.colcon_core.environment:checking '/home/mustafa/Documents/GitHub/MCRL-SPIDER/install/hexapod_control/bin'
[27.429s] Level 1:colcon.colcon_core.environment:checking '/home/mustafa/Documents/GitHub/MCRL-SPIDER/install/hexapod_control/lib/pkgconfig/hexapod_control.pc'
[27.429s] Level 1:colcon.colcon_core.environment:checking '/home/mustafa/Documents/GitHub/MCRL-SPIDER/install/hexapod_control/lib/python3.10/site-packages'
[27.429s] Level 1:colcon.colcon_core.environment:checking '/home/mustafa/Documents/GitHub/MCRL-SPIDER/install/hexapod_control/bin'
[27.430s] INFO:colcon.colcon_core.shell:Creating package script '/home/mustafa/Documents/GitHub/MCRL-SPIDER/install/hexapod_control/share/hexapod_control/package.ps1'
[27.431s] INFO:colcon.colcon_core.shell:Creating package descriptor '/home/mustafa/Documents/GitHub/MCRL-SPIDER/install/hexapod_control/share/hexapod_control/package.dsv'
[27.431s] INFO:colcon.colcon_core.shell:Creating package script '/home/mustafa/Documents/GitHub/MCRL-SPIDER/install/hexapod_control/share/hexapod_control/package.sh'
[27.432s] INFO:colcon.colcon_core.shell:Creating package script '/home/mustafa/Documents/GitHub/MCRL-SPIDER/install/hexapod_control/share/hexapod_control/package.bash'
[27.432s] INFO:colcon.colcon_core.shell:Creating package script '/home/mustafa/Documents/GitHub/MCRL-SPIDER/install/hexapod_control/share/hexapod_control/package.zsh'
[27.432s] Level 1:colcon.colcon_core.environment:create_file_with_runtime_dependencies(/home/mustafa/Documents/GitHub/MCRL-SPIDER/install/hexapod_control/share/colcon-core/packages/hexapod_control)
[27.432s] DEBUG:colcon.colcon_parallel_executor.executor.parallel:closing loop
[27.433s] DEBUG:colcon.colcon_parallel_executor.executor.parallel:loop closed
[27.433s] DEBUG:colcon.colcon_parallel_executor.executor.parallel:run_until_complete finished with '0'
[27.433s] DEBUG:colcon.colcon_core.event_reactor:joining thread
[27.440s] INFO:colcon.colcon_core.plugin_system:Skipping extension 'colcon_notification.desktop_notification.terminal_notifier': Not used on non-Darwin systems
[27.440s] INFO:colcon.colcon_core.plugin_system:Skipping extension 'colcon_notification.desktop_notification.win32': Not used on non-Windows systems
[27.440s] INFO:colcon.colcon_notification.desktop_notification:Sending desktop notification using 'notify2'
[27.461s] DEBUG:colcon.colcon_core.event_reactor:joined thread
[27.463s] INFO:colcon.colcon_core.shell:Creating prefix script '/home/mustafa/Documents/GitHub/MCRL-SPIDER/install/local_setup.ps1'
[27.464s] INFO:colcon.colcon_core.shell:Creating prefix util module '/home/mustafa/Documents/GitHub/MCRL-SPIDER/install/_local_setup_util_ps1.py'
[27.466s] INFO:colcon.colcon_core.shell:Creating prefix chain script '/home/mustafa/Documents/GitHub/MCRL-SPIDER/install/setup.ps1'
[27.468s] INFO:colcon.colcon_core.shell:Creating prefix script '/home/mustafa/Documents/GitHub/MCRL-SPIDER/install/local_setup.sh'
[27.469s] INFO:colcon.colcon_core.shell:Creating prefix util module '/home/mustafa/Documents/GitHub/MCRL-SPIDER/install/_local_setup_util_sh.py'
[27.469s] INFO:colcon.colcon_core.shell:Creating prefix chain script '/home/mustafa/Documents/GitHub/MCRL-SPIDER/install/setup.sh'
[27.471s] INFO:colcon.colcon_core.shell:Creating prefix script '/home/mustafa/Documents/GitHub/MCRL-SPIDER/install/local_setup.bash'
[27.471s] INFO:colcon.colcon_core.shell:Creating prefix chain script '/home/mustafa/Documents/GitHub/MCRL-SPIDER/install/setup.bash'
[27.472s] INFO:colcon.colcon_core.shell:Creating prefix script '/home/mustafa/Documents/GitHub/MCRL-SPIDER/install/local_setup.zsh'
[27.473s] INFO:colcon.colcon_core.shell:Creating prefix chain script '/home/mustafa/Documents/GitHub/MCRL-SPIDER/install/setup.zsh'
