running egg_info
creating ../../../build/supervisor/supervisor.egg-info
writing ../../../build/supervisor/supervisor.egg-info/PKG-INFO
writing dependency_links to ../../../build/supervisor/supervisor.egg-info/dependency_links.txt
writing entry points to ../../../build/supervisor/supervisor.egg-info/entry_points.txt
writing requirements to ../../../build/supervisor/supervisor.egg-info/requires.txt
writing top-level names to ../../../build/supervisor/supervisor.egg-info/top_level.txt
writing manifest file '../../../build/supervisor/supervisor.egg-info/SOURCES.txt'
reading manifest file '../../../build/supervisor/supervisor.egg-info/SOURCES.txt'
writing manifest file '../../../build/supervisor/supervisor.egg-info/SOURCES.txt'
running build
running build_py
creating /home/mustafa/Documents/GitHub/MCRL-SPIDER/build/supervisor/build
creating /home/mustafa/Documents/GitHub/MCRL-SPIDER/build/supervisor/build/lib
creating /home/mustafa/Documents/GitHub/MCRL-SPIDER/build/supervisor/build/lib/supervisor
copying supervisor/supervisor_node.py -> /home/mustafa/Documents/GitHub/MCRL-SPIDER/build/supervisor/build/lib/supervisor
copying supervisor/temperature_regulator.py -> /home/mustafa/Documents/GitHub/MCRL-SPIDER/build/supervisor/build/lib/supervisor
copying supervisor/__init__.py -> /home/mustafa/Documents/GitHub/MCRL-SPIDER/build/supervisor/build/lib/supervisor
copying supervisor/Voltage_monitor.py -> /home/mustafa/Documents/GitHub/MCRL-SPIDER/build/supervisor/build/lib/supervisor
copying supervisor/Led_ring.py -> /home/mustafa/Documents/GitHub/MCRL-SPIDER/build/supervisor/build/lib/supervisor
running install
running install_lib
creating /home/mustafa/Documents/GitHub/MCRL-SPIDER/install/supervisor/lib/python3.10/site-packages/supervisor
copying /home/mustafa/Documents/GitHub/MCRL-SPIDER/build/supervisor/build/lib/supervisor/supervisor_node.py -> /home/mustafa/Documents/GitHub/MCRL-SPIDER/install/supervisor/lib/python3.10/site-packages/supervisor
copying /home/mustafa/Documents/GitHub/MCRL-SPIDER/build/supervisor/build/lib/supervisor/temperature_regulator.py -> /home/mustafa/Documents/GitHub/MCRL-SPIDER/install/supervisor/lib/python3.10/site-packages/supervisor
copying /home/mustafa/Documents/GitHub/MCRL-SPIDER/build/supervisor/build/lib/supervisor/__init__.py -> /home/mustafa/Documents/GitHub/MCRL-SPIDER/install/supervisor/lib/python3.10/site-packages/supervisor
copying /home/mustafa/Documents/GitHub/MCRL-SPIDER/build/supervisor/build/lib/supervisor/Voltage_monitor.py -> /home/mustafa/Documents/GitHub/MCRL-SPIDER/install/supervisor/lib/python3.10/site-packages/supervisor
copying /home/mustafa/Documents/GitHub/MCRL-SPIDER/build/supervisor/build/lib/supervisor/Led_ring.py -> /home/mustafa/Documents/GitHub/MCRL-SPIDER/install/supervisor/lib/python3.10/site-packages/supervisor
byte-compiling /home/mustafa/Documents/GitHub/MCRL-SPIDER/install/supervisor/lib/python3.10/site-packages/supervisor/supervisor_node.py to supervisor_node.cpython-310.pyc
byte-compiling /home/mustafa/Documents/GitHub/MCRL-SPIDER/install/supervisor/lib/python3.10/site-packages/supervisor/temperature_regulator.py to temperature_regulator.cpython-310.pyc
byte-compiling /home/mustafa/Documents/GitHub/MCRL-SPIDER/install/supervisor/lib/python3.10/site-packages/supervisor/__init__.py to __init__.cpython-310.pyc
byte-compiling /home/mustafa/Documents/GitHub/MCRL-SPIDER/install/supervisor/lib/python3.10/site-packages/supervisor/Voltage_monitor.py to Voltage_monitor.cpython-310.pyc
byte-compiling /home/mustafa/Documents/GitHub/MCRL-SPIDER/install/supervisor/lib/python3.10/site-packages/supervisor/Led_ring.py to Led_ring.cpython-310.pyc
running install_data
creating /home/mustafa/Documents/GitHub/MCRL-SPIDER/install/supervisor/share/ament_index
creating /home/mustafa/Documents/GitHub/MCRL-SPIDER/install/supervisor/share/ament_index/resource_index
creating /home/mustafa/Documents/GitHub/MCRL-SPIDER/install/supervisor/share/ament_index/resource_index/packages
copying resource/supervisor -> /home/mustafa/Documents/GitHub/MCRL-SPIDER/install/supervisor/share/ament_index/resource_index/packages
copying package.xml -> /home/mustafa/Documents/GitHub/MCRL-SPIDER/install/supervisor/share/supervisor
running install_egg_info
Copying ../../../build/supervisor/supervisor.egg-info to /home/mustafa/Documents/GitHub/MCRL-SPIDER/install/supervisor/lib/python3.10/site-packages/supervisor-0.0.0-py3.10.egg-info
running install_scripts
Installing supervisor_node script to /home/mustafa/Documents/GitHub/MCRL-SPIDER/install/supervisor/lib/supervisor
writing list of installed files to '/home/mustafa/Documents/GitHub/MCRL-SPIDER/build/supervisor/install.log'
