[1.195s] Invoking command in '/home/mustafa/Documents/GitHub/MCRL-SPIDER/Software/src/supervisor': PYTHONPATH=/home/mustafa/Documents/GitHub/MCRL-SPIDER/build/supervisor/prefix_override:/home/mustafa/Documents/GitHub/MCRL-SPIDER/install/supervisor/lib/python3.10/site-packages:${PYTHONPATH} /usr/bin/python3 setup.py egg_info --egg-base ../../../build/supervisor build --build-base /home/mustafa/Documents/GitHub/MCRL-SPIDER/build/supervisor/build install --record /home/mustafa/Documents/GitHub/MCRL-SPIDER/build/supervisor/install.log --install-scripts $base/lib/supervisor --single-version-externally-managed
[1.820s] /home/mustafa/.local/lib/python3.10/site-packages/setuptools/dist.py:717: UserWarning: Usage of dash-separated 'script-dir' will not be supported in future versions. Please use the underscore name 'script_dir' instead
[1.821s]   warnings.warn(
[1.877s] running egg_info
[1.878s] creating ../../../build/supervisor/supervisor.egg-info
[1.878s] writing ../../../build/supervisor/supervisor.egg-info/PKG-INFO
[1.878s] writing dependency_links to ../../../build/supervisor/supervisor.egg-info/dependency_links.txt
[1.879s] writing entry points to ../../../build/supervisor/supervisor.egg-info/entry_points.txt
[1.879s] writing requirements to ../../../build/supervisor/supervisor.egg-info/requires.txt
[1.879s] writing top-level names to ../../../build/supervisor/supervisor.egg-info/top_level.txt
[1.880s] writing manifest file '../../../build/supervisor/supervisor.egg-info/SOURCES.txt'
[1.883s] reading manifest file '../../../build/supervisor/supervisor.egg-info/SOURCES.txt'
[1.884s] writing manifest file '../../../build/supervisor/supervisor.egg-info/SOURCES.txt'
[1.884s] running build
[1.885s] running build_py
[1.885s] creating /home/mustafa/Documents/GitHub/MCRL-SPIDER/build/supervisor/build
[1.885s] creating /home/mustafa/Documents/GitHub/MCRL-SPIDER/build/supervisor/build/lib
[1.886s] creating /home/mustafa/Documents/GitHub/MCRL-SPIDER/build/supervisor/build/lib/supervisor
[1.886s] copying supervisor/supervisor_node.py -> /home/mustafa/Documents/GitHub/MCRL-SPIDER/build/supervisor/build/lib/supervisor
[1.886s] copying supervisor/temperature_regulator.py -> /home/mustafa/Documents/GitHub/MCRL-SPIDER/build/supervisor/build/lib/supervisor
[1.887s] copying supervisor/__init__.py -> /home/mustafa/Documents/GitHub/MCRL-SPIDER/build/supervisor/build/lib/supervisor
[1.887s] copying supervisor/Voltage_monitor.py -> /home/mustafa/Documents/GitHub/MCRL-SPIDER/build/supervisor/build/lib/supervisor
[1.887s] copying supervisor/Led_ring.py -> /home/mustafa/Documents/GitHub/MCRL-SPIDER/build/supervisor/build/lib/supervisor
[1.887s] running install
[1.887s] running install_lib
[1.888s] creating /home/mustafa/Documents/GitHub/MCRL-SPIDER/install/supervisor/lib/python3.10/site-packages/supervisor
[1.888s] copying /home/mustafa/Documents/GitHub/MCRL-SPIDER/build/supervisor/build/lib/supervisor/supervisor_node.py -> /home/mustafa/Documents/GitHub/MCRL-SPIDER/install/supervisor/lib/python3.10/site-packages/supervisor
[1.889s] copying /home/mustafa/Documents/GitHub/MCRL-SPIDER/build/supervisor/build/lib/supervisor/temperature_regulator.py -> /home/mustafa/Documents/GitHub/MCRL-SPIDER/install/supervisor/lib/python3.10/site-packages/supervisor
[1.889s] copying /home/mustafa/Documents/GitHub/MCRL-SPIDER/build/supervisor/build/lib/supervisor/__init__.py -> /home/mustafa/Documents/GitHub/MCRL-SPIDER/install/supervisor/lib/python3.10/site-packages/supervisor
[1.889s] copying /home/mustafa/Documents/GitHub/MCRL-SPIDER/build/supervisor/build/lib/supervisor/Voltage_monitor.py -> /home/mustafa/Documents/GitHub/MCRL-SPIDER/install/supervisor/lib/python3.10/site-packages/supervisor
[1.889s] copying /home/mustafa/Documents/GitHub/MCRL-SPIDER/build/supervisor/build/lib/supervisor/Led_ring.py -> /home/mustafa/Documents/GitHub/MCRL-SPIDER/install/supervisor/lib/python3.10/site-packages/supervisor
[1.890s] byte-compiling /home/mustafa/Documents/GitHub/MCRL-SPIDER/install/supervisor/lib/python3.10/site-packages/supervisor/supervisor_node.py to supervisor_node.cpython-310.pyc
[1.891s] byte-compiling /home/mustafa/Documents/GitHub/MCRL-SPIDER/install/supervisor/lib/python3.10/site-packages/supervisor/temperature_regulator.py to temperature_regulator.cpython-310.pyc
[1.892s] byte-compiling /home/mustafa/Documents/GitHub/MCRL-SPIDER/install/supervisor/lib/python3.10/site-packages/supervisor/__init__.py to __init__.cpython-310.pyc
[1.892s] byte-compiling /home/mustafa/Documents/GitHub/MCRL-SPIDER/install/supervisor/lib/python3.10/site-packages/supervisor/Voltage_monitor.py to Voltage_monitor.cpython-310.pyc
[1.893s] byte-compiling /home/mustafa/Documents/GitHub/MCRL-SPIDER/install/supervisor/lib/python3.10/site-packages/supervisor/Led_ring.py to Led_ring.cpython-310.pyc
[1.894s] running install_data
[1.895s] creating /home/mustafa/Documents/GitHub/MCRL-SPIDER/install/supervisor/share/ament_index
[1.896s] creating /home/mustafa/Documents/GitHub/MCRL-SPIDER/install/supervisor/share/ament_index/resource_index
[1.896s] creating /home/mustafa/Documents/GitHub/MCRL-SPIDER/install/supervisor/share/ament_index/resource_index/packages
[1.896s] copying resource/supervisor -> /home/mustafa/Documents/GitHub/MCRL-SPIDER/install/supervisor/share/ament_index/resource_index/packages
[1.896s] copying package.xml -> /home/mustafa/Documents/GitHub/MCRL-SPIDER/install/supervisor/share/supervisor
[1.896s] running install_egg_info
[1.898s] Copying ../../../build/supervisor/supervisor.egg-info to /home/mustafa/Documents/GitHub/MCRL-SPIDER/install/supervisor/lib/python3.10/site-packages/supervisor-0.0.0-py3.10.egg-info
[1.900s] running install_scripts
[1.936s] Installing supervisor_node script to /home/mustafa/Documents/GitHub/MCRL-SPIDER/install/supervisor/lib/supervisor
[1.937s] writing list of installed files to '/home/mustafa/Documents/GitHub/MCRL-SPIDER/build/supervisor/install.log'
[2.005s] Invoked command in '/home/mustafa/Documents/GitHub/MCRL-SPIDER/Software/src/supervisor' returned '0': PYTHONPATH=/home/mustafa/Documents/GitHub/MCRL-SPIDER/build/supervisor/prefix_override:/home/mustafa/Documents/GitHub/MCRL-SPIDER/install/supervisor/lib/python3.10/site-packages:${PYTHONPATH} /usr/bin/python3 setup.py egg_info --egg-base ../../../build/supervisor build --build-base /home/mustafa/Documents/GitHub/MCRL-SPIDER/build/supervisor/build install --record /home/mustafa/Documents/GitHub/MCRL-SPIDER/build/supervisor/install.log --install-scripts $base/lib/supervisor --single-version-externally-managed
