[0.038s] Invoking command in '/home/mustafa/Documents/GitHub/MCRL-SPIDER/build/dynamixel_sdk': CMAKE_PREFIX_PATH=/opt/ros/humble /usr/bin/cmake /home/mustafa/Documents/GitHub/MCRL-SPIDER/Software/src/DynamixelSDK -DCMAKE_INSTALL_PREFIX=/home/mustafa/Documents/GitHub/MCRL-SPIDER/install/dynamixel_sdk
[0.252s] -- The C compiler identification is GNU 11.3.0
[0.403s] -- The CXX compiler identification is GNU 11.3.0
[0.420s] -- Detecting C compiler ABI info
[0.508s] -- Detecting C compiler ABI info - done
[0.520s] -- Check for working C compiler: /usr/bin/cc - skipped
[0.520s] -- Detecting C compile features
[0.521s] -- Detecting C compile features - done
[0.527s] -- Detecting CXX compiler ABI info
[0.631s] -- Detecting CXX compiler ABI info - done
[0.645s] -- Check for working CXX compiler: /usr/bin/c++ - skipped
[0.646s] -- Detecting CXX compile features
[0.647s] -- Detecting CXX compile features - done
[0.651s] -- Found ament_cmake: 1.3.3 (/opt/ros/humble/share/ament_cmake/cmake)
[0.912s] -- Found Python3: /usr/bin/python3.10 (found version "3.10.6") found components: Interpreter 
[1.181s] -- Configuring done
[1.190s] -- Generating done
[1.193s] -- Build files have been written to: /home/mustafa/Documents/GitHub/MCRL-SPIDER/build/dynamixel_sdk
[1.198s] Invoked command in '/home/mustafa/Documents/GitHub/MCRL-SPIDER/build/dynamixel_sdk' returned '0': CMAKE_PREFIX_PATH=/opt/ros/humble /usr/bin/cmake /home/mustafa/Documents/GitHub/MCRL-SPIDER/Software/src/DynamixelSDK -DCMAKE_INSTALL_PREFIX=/home/mustafa/Documents/GitHub/MCRL-SPIDER/install/dynamixel_sdk
[1.200s] Invoking command in '/home/mustafa/Documents/GitHub/MCRL-SPIDER/build/dynamixel_sdk': CMAKE_PREFIX_PATH=/opt/ros/humble /usr/bin/cmake --build /home/mustafa/Documents/GitHub/MCRL-SPIDER/build/dynamixel_sdk -- -j16 -l16
[1.260s] [ 20%] [32mBuilding CXX object CMakeFiles/dynamixel_sdk.dir/src/dynamixel_sdk/protocol2_packet_handler.cpp.o[0m
[1.261s] [ 30%] [32mBuilding CXX object CMakeFiles/dynamixel_sdk.dir/src/dynamixel_sdk/packet_handler.cpp.o[0m
[1.262s] [ 30%] [32mBuilding CXX object CMakeFiles/dynamixel_sdk.dir/src/dynamixel_sdk/protocol1_packet_handler.cpp.o[0m
[1.262s] [ 50%] [32mBuilding CXX object CMakeFiles/dynamixel_sdk.dir/src/dynamixel_sdk/group_sync_write.cpp.o[0m
[1.263s] [ 50%] [32mBuilding CXX object CMakeFiles/dynamixel_sdk.dir/src/dynamixel_sdk/group_sync_read.cpp.o[0m
[1.263s] [ 60%] [32mBuilding CXX object CMakeFiles/dynamixel_sdk.dir/src/dynamixel_sdk/group_bulk_write.cpp.o[0m
[1.263s] [ 70%] [32mBuilding CXX object CMakeFiles/dynamixel_sdk.dir/src/dynamixel_sdk/group_bulk_read.cpp.o[0m
[1.267s] [ 80%] [32mBuilding CXX object CMakeFiles/dynamixel_sdk.dir/src/dynamixel_sdk/port_handler_linux.cpp.o[0m
[1.268s] [ 90%] [32mBuilding CXX object CMakeFiles/dynamixel_sdk.dir/src/dynamixel_sdk/port_handler.cpp.o[0m
[2.217s] [100%] [32m[1mLinking CXX shared library libdynamixel_sdk.so[0m
[2.310s] [100%] Built target dynamixel_sdk
[2.319s] Invoked command in '/home/mustafa/Documents/GitHub/MCRL-SPIDER/build/dynamixel_sdk' returned '0': CMAKE_PREFIX_PATH=/opt/ros/humble /usr/bin/cmake --build /home/mustafa/Documents/GitHub/MCRL-SPIDER/build/dynamixel_sdk -- -j16 -l16
[2.353s] Invoking command in '/home/mustafa/Documents/GitHub/MCRL-SPIDER/build/dynamixel_sdk': CMAKE_PREFIX_PATH=/opt/ros/humble /usr/bin/cmake --install /home/mustafa/Documents/GitHub/MCRL-SPIDER/build/dynamixel_sdk
[2.359s] -- Install configuration: ""
[2.359s] -- Installing: /home/mustafa/Documents/GitHub/MCRL-SPIDER/install/dynamixel_sdk/include/
[2.359s] -- Installing: /home/mustafa/Documents/GitHub/MCRL-SPIDER/install/dynamixel_sdk/include//dynamixel_sdk
[2.359s] -- Installing: /home/mustafa/Documents/GitHub/MCRL-SPIDER/install/dynamixel_sdk/include//dynamixel_sdk/port_handler.h
[2.359s] -- Installing: /home/mustafa/Documents/GitHub/MCRL-SPIDER/install/dynamixel_sdk/include//dynamixel_sdk/port_handler_mac.h
[2.360s] -- Installing: /home/mustafa/Documents/GitHub/MCRL-SPIDER/install/dynamixel_sdk/include//dynamixel_sdk/port_handler_arduino.h
[2.360s] -- Installing: /home/mustafa/Documents/GitHub/MCRL-SPIDER/install/dynamixel_sdk/include//dynamixel_sdk/protocol1_packet_handler.h
[2.360s] -- Installing: /home/mustafa/Documents/GitHub/MCRL-SPIDER/install/dynamixel_sdk/include//dynamixel_sdk/protocol2_packet_handler.h
[2.360s] -- Installing: /home/mustafa/Documents/GitHub/MCRL-SPIDER/install/dynamixel_sdk/include//dynamixel_sdk/port_handler_linux.h
[2.360s] -- Installing: /home/mustafa/Documents/GitHub/MCRL-SPIDER/install/dynamixel_sdk/include//dynamixel_sdk/port_handler_windows.h
[2.360s] -- Installing: /home/mustafa/Documents/GitHub/MCRL-SPIDER/install/dynamixel_sdk/include//dynamixel_sdk/group_bulk_write.h
[2.360s] -- Installing: /home/mustafa/Documents/GitHub/MCRL-SPIDER/install/dynamixel_sdk/include//dynamixel_sdk/group_sync_write.h
[2.360s] -- Installing: /home/mustafa/Documents/GitHub/MCRL-SPIDER/install/dynamixel_sdk/include//dynamixel_sdk/packet_handler.h
[2.360s] -- Installing: /home/mustafa/Documents/GitHub/MCRL-SPIDER/install/dynamixel_sdk/include//dynamixel_sdk/group_sync_read.h
[2.360s] -- Installing: /home/mustafa/Documents/GitHub/MCRL-SPIDER/install/dynamixel_sdk/include//dynamixel_sdk/group_bulk_read.h
[2.360s] -- Installing: /home/mustafa/Documents/GitHub/MCRL-SPIDER/install/dynamixel_sdk/include//dynamixel_sdk/dynamixel_sdk.h
[2.361s] -- Installing: /home/mustafa/Documents/GitHub/MCRL-SPIDER/install/dynamixel_sdk/lib/libdynamixel_sdk.so
[2.361s] -- Installing: /home/mustafa/Documents/GitHub/MCRL-SPIDER/install/dynamixel_sdk/share/dynamixel_sdk/environment/library_path.sh
[2.361s] -- Installing: /home/mustafa/Documents/GitHub/MCRL-SPIDER/install/dynamixel_sdk/share/dynamixel_sdk/environment/library_path.dsv
[2.361s] -- Installing: /home/mustafa/Documents/GitHub/MCRL-SPIDER/install/dynamixel_sdk/share/ament_index/resource_index/package_run_dependencies/dynamixel_sdk
[2.361s] -- Installing: /home/mustafa/Documents/GitHub/MCRL-SPIDER/install/dynamixel_sdk/share/ament_index/resource_index/parent_prefix_path/dynamixel_sdk
[2.361s] -- Installing: /home/mustafa/Documents/GitHub/MCRL-SPIDER/install/dynamixel_sdk/share/dynamixel_sdk/environment/ament_prefix_path.sh
[2.362s] -- Installing: /home/mustafa/Documents/GitHub/MCRL-SPIDER/install/dynamixel_sdk/share/dynamixel_sdk/environment/ament_prefix_path.dsv
[2.362s] -- Installing: /home/mustafa/Documents/GitHub/MCRL-SPIDER/install/dynamixel_sdk/share/dynamixel_sdk/environment/path.sh
[2.362s] -- Installing: /home/mustafa/Documents/GitHub/MCRL-SPIDER/install/dynamixel_sdk/share/dynamixel_sdk/environment/path.dsv
[2.362s] -- Installing: /home/mustafa/Documents/GitHub/MCRL-SPIDER/install/dynamixel_sdk/share/dynamixel_sdk/local_setup.bash
[2.362s] -- Installing: /home/mustafa/Documents/GitHub/MCRL-SPIDER/install/dynamixel_sdk/share/dynamixel_sdk/local_setup.sh
[2.362s] -- Installing: /home/mustafa/Documents/GitHub/MCRL-SPIDER/install/dynamixel_sdk/share/dynamixel_sdk/local_setup.zsh
[2.362s] -- Installing: /home/mustafa/Documents/GitHub/MCRL-SPIDER/install/dynamixel_sdk/share/dynamixel_sdk/local_setup.dsv
[2.363s] -- Installing: /home/mustafa/Documents/GitHub/MCRL-SPIDER/install/dynamixel_sdk/share/dynamixel_sdk/package.dsv
[2.363s] -- Installing: /home/mustafa/Documents/GitHub/MCRL-SPIDER/install/dynamixel_sdk/share/ament_index/resource_index/packages/dynamixel_sdk
[2.363s] -- Installing: /home/mustafa/Documents/GitHub/MCRL-SPIDER/install/dynamixel_sdk/share/dynamixel_sdk/cmake/ament_cmake_export_include_directories-extras.cmake
[2.363s] -- Installing: /home/mustafa/Documents/GitHub/MCRL-SPIDER/install/dynamixel_sdk/share/dynamixel_sdk/cmake/ament_cmake_export_libraries-extras.cmake
[2.363s] -- Installing: /home/mustafa/Documents/GitHub/MCRL-SPIDER/install/dynamixel_sdk/share/dynamixel_sdk/cmake/dynamixel_sdkConfig.cmake
[2.363s] -- Installing: /home/mustafa/Documents/GitHub/MCRL-SPIDER/install/dynamixel_sdk/share/dynamixel_sdk/cmake/dynamixel_sdkConfig-version.cmake
[2.364s] -- Installing: /home/mustafa/Documents/GitHub/MCRL-SPIDER/install/dynamixel_sdk/share/dynamixel_sdk/package.xml
[2.366s] Invoked command in '/home/mustafa/Documents/GitHub/MCRL-SPIDER/build/dynamixel_sdk' returned '0': CMAKE_PREFIX_PATH=/opt/ros/humble /usr/bin/cmake --install /home/mustafa/Documents/GitHub/MCRL-SPIDER/build/dynamixel_sdk
